ARM GAS  /tmp/ccipU0xI.s 			page 1


   1              		.cpu cortex-m4
   2              		.arch armv7e-m
   3              		.fpu softvfp
   4              		.eabi_attribute 20, 1
   5              		.eabi_attribute 21, 1
   6              		.eabi_attribute 23, 3
   7              		.eabi_attribute 24, 1
   8              		.eabi_attribute 25, 1
   9              		.eabi_attribute 26, 1
  10              		.eabi_attribute 30, 2
  11              		.eabi_attribute 34, 1
  12              		.eabi_attribute 18, 4
  13              		.file	"hal.c"
  14              		.file 1 "../../chibios_trunk/os/hal/include/hal_st.h"
  15              		.file 2 "boards/BLACKPILL_F411CE/board.h"
  16              		.file 3 "../../chibios_trunk/os/hal/include/hal_serial_usb.h"
  17              		.file 4 "../../chibios_trunk/os/hal/include/hal_usb.h"
  18              		.file 5 "../../chibios_trunk/os/hal/include/hal_serial.h"
  19              		.file 6 "../../chibios_trunk/os/hal/ports/STM32/LLD/GPIOv2/hal_pal_lld.h"
  20              		.file 7 "../../chibios_trunk/os/hal/ports/STM32/STM32F4xx/hal_lld_type1.h"
  21              		.file 8 "../../chibios_trunk/os/hal/src/hal.c"
  22              		.file 9 "../../chibios_trunk/os/hal/osal/rt-nil/osal.h"
  23              		.section	.gnu.debuglto_.debug_info,"e",%progbits
  24              	.Ldebug_info0:
  25              		.hidden	hal.c.187b152f
  26              		.weak	hal.c.187b152f
  27              	hal.c.187b152f:
  28 0000 BD000000 		.4byte	0xbd
  29 0004 0500     		.2byte	0x5
  30 0006 01       		.byte	0x1
  31 0007 04       		.byte	0x4
  32 0008 00000000 		.4byte	.Ldebug_abbrev0
  33 000c 04       		.uleb128 0x4
  34 000d 7C010000 		.4byte	.LASF19
  35 0011 1D       		.byte	0x1d
  36 0012 66000000 		.4byte	.LASF20
  37 0016 8B000000 		.4byte	.LASF21
  38 001a 00000000 		.4byte	.Ldebug_line0
  39 001e 05       		.uleb128 0x5
  40 001f 04       		.byte	0x4
  41 0020 05       		.byte	0x5
  42 0021 696E7400 		.ascii	"int\000"
  43 0025 01       		.uleb128 0x1
  44 0026 04       		.byte	0x4
  45 0027 07       		.byte	0x7
  46 0028 29000000 		.4byte	.LASF0
  47 002c 01       		.uleb128 0x1
  48 002d 08       		.byte	0x8
  49 002e 05       		.byte	0x5
  50 002f 00000000 		.4byte	.LASF1
  51 0033 01       		.uleb128 0x1
  52 0034 08       		.byte	0x8
  53 0035 04       		.byte	0x4
  54 0036 5A010000 		.4byte	.LASF2
  55 003a 01       		.uleb128 0x1
  56 003b 01       		.byte	0x1
  57 003c 06       		.byte	0x6
ARM GAS  /tmp/ccipU0xI.s 			page 2


  58 003d 45010000 		.4byte	.LASF3
  59 0041 01       		.uleb128 0x1
  60 0042 01       		.byte	0x1
  61 0043 08       		.byte	0x8
  62 0044 F3000000 		.4byte	.LASF4
  63 0048 01       		.uleb128 0x1
  64 0049 02       		.byte	0x2
  65 004a 05       		.byte	0x5
  66 004b 17010000 		.4byte	.LASF5
  67 004f 01       		.uleb128 0x1
  68 0050 02       		.byte	0x2
  69 0051 07       		.byte	0x7
  70 0052 0E000000 		.4byte	.LASF6
  71 0056 01       		.uleb128 0x1
  72 0057 04       		.byte	0x4
  73 0058 05       		.byte	0x5
  74 0059 06010000 		.4byte	.LASF7
  75 005d 01       		.uleb128 0x1
  76 005e 04       		.byte	0x4
  77 005f 07       		.byte	0x7
  78 0060 3D000000 		.4byte	.LASF8
  79 0064 01       		.uleb128 0x1
  80 0065 08       		.byte	0x8
  81 0066 07       		.byte	0x7
  82 0067 4F000000 		.4byte	.LASF9
  83 006b 01       		.uleb128 0x1
  84 006c 01       		.byte	0x1
  85 006d 08       		.byte	0x8
  86 006e 01010000 		.4byte	.LASF10
  87 0072 01       		.uleb128 0x1
  88 0073 01       		.byte	0x1
  89 0074 02       		.byte	0x2
  90 0075 28010000 		.4byte	.LASF11
  91 0079 03       		.uleb128 0x3
  92 007a 36000000 		.4byte	.LASF12
  93 007e 01       		.byte	0x1
  94 007f 46       		.byte	0x46
  95 0080 02       		.uleb128 0x2
  96 0081 3B010000 		.4byte	.LASF13
  97 0085 02       		.byte	0x2
  98 0086 5C05     		.2byte	0x55c
  99 0088 03       		.uleb128 0x3
 100 0089 66010000 		.4byte	.LASF14
 101 008d 03       		.byte	0x3
 102 008e B0       		.byte	0xb0
 103 008f 02       		.uleb128 0x2
 104 0090 21000000 		.4byte	.LASF15
 105 0094 04       		.byte	0x4
 106 0095 5D02     		.2byte	0x25d
 107 0097 02       		.uleb128 0x2
 108 0098 21010000 		.4byte	.LASF16
 109 009c 05       		.byte	0x5
 110 009d 7F01     		.2byte	0x17f
 111 009f 02       		.uleb128 0x2
 112 00a0 6E010000 		.4byte	.LASF17
 113 00a4 06       		.byte	0x6
 114 00a5 F201     		.2byte	0x1f2
ARM GAS  /tmp/ccipU0xI.s 			page 3


 115 00a7 02       		.uleb128 0x2
 116 00a8 2E010000 		.4byte	.LASF18
 117 00ac 07       		.byte	0x7
 118 00ad F007     		.2byte	0x7f0
 119 00af 06       		.uleb128 0x6
 120 00b0 0F010000 		.4byte	.LASF22
 121 00b4 08       		.byte	0x8
 122 00b5 38       		.byte	0x38
 123 00b6 06       		.byte	0x6
 124 00b7 07       		.uleb128 0x7
 125 00b8 51010000 		.4byte	.LASF23
 126 00bc 09       		.byte	0x9
 127 00bd 1302     		.2byte	0x213
 128 00bf 14       		.byte	0x14
 129 00c0 00       		.byte	0
 130              		.section	.gnu.debuglto_.debug_abbrev,"e",%progbits
 131              	.Ldebug_abbrev0:
 132 0000 01       		.uleb128 0x1
 133 0001 24       		.uleb128 0x24
 134 0002 00       		.byte	0
 135 0003 0B       		.uleb128 0xb
 136 0004 0B       		.uleb128 0xb
 137 0005 3E       		.uleb128 0x3e
 138 0006 0B       		.uleb128 0xb
 139 0007 03       		.uleb128 0x3
 140 0008 0E       		.uleb128 0xe
 141 0009 00       		.byte	0
 142 000a 00       		.byte	0
 143 000b 02       		.uleb128 0x2
 144 000c 2E       		.uleb128 0x2e
 145 000d 00       		.byte	0
 146 000e 3F       		.uleb128 0x3f
 147 000f 19       		.uleb128 0x19
 148 0010 03       		.uleb128 0x3
 149 0011 0E       		.uleb128 0xe
 150 0012 3A       		.uleb128 0x3a
 151 0013 0B       		.uleb128 0xb
 152 0014 3B       		.uleb128 0x3b
 153 0015 05       		.uleb128 0x5
 154 0016 39       		.uleb128 0x39
 155 0017 21       		.uleb128 0x21
 156 0018 08       		.sleb128 8
 157 0019 27       		.uleb128 0x27
 158 001a 19       		.uleb128 0x19
 159 001b 3C       		.uleb128 0x3c
 160 001c 19       		.uleb128 0x19
 161 001d 00       		.byte	0
 162 001e 00       		.byte	0
 163 001f 03       		.uleb128 0x3
 164 0020 2E       		.uleb128 0x2e
 165 0021 00       		.byte	0
 166 0022 3F       		.uleb128 0x3f
 167 0023 19       		.uleb128 0x19
 168 0024 03       		.uleb128 0x3
 169 0025 0E       		.uleb128 0xe
 170 0026 3A       		.uleb128 0x3a
 171 0027 0B       		.uleb128 0xb
ARM GAS  /tmp/ccipU0xI.s 			page 4


 172 0028 3B       		.uleb128 0x3b
 173 0029 0B       		.uleb128 0xb
 174 002a 39       		.uleb128 0x39
 175 002b 21       		.uleb128 0x21
 176 002c 08       		.sleb128 8
 177 002d 27       		.uleb128 0x27
 178 002e 19       		.uleb128 0x19
 179 002f 3C       		.uleb128 0x3c
 180 0030 19       		.uleb128 0x19
 181 0031 00       		.byte	0
 182 0032 00       		.byte	0
 183 0033 04       		.uleb128 0x4
 184 0034 11       		.uleb128 0x11
 185 0035 01       		.byte	0x1
 186 0036 25       		.uleb128 0x25
 187 0037 0E       		.uleb128 0xe
 188 0038 13       		.uleb128 0x13
 189 0039 0B       		.uleb128 0xb
 190 003a 03       		.uleb128 0x3
 191 003b 0E       		.uleb128 0xe
 192 003c 1B       		.uleb128 0x1b
 193 003d 0E       		.uleb128 0xe
 194 003e 10       		.uleb128 0x10
 195 003f 17       		.uleb128 0x17
 196 0040 00       		.byte	0
 197 0041 00       		.byte	0
 198 0042 05       		.uleb128 0x5
 199 0043 24       		.uleb128 0x24
 200 0044 00       		.byte	0
 201 0045 0B       		.uleb128 0xb
 202 0046 0B       		.uleb128 0xb
 203 0047 3E       		.uleb128 0x3e
 204 0048 0B       		.uleb128 0xb
 205 0049 03       		.uleb128 0x3
 206 004a 08       		.uleb128 0x8
 207 004b 00       		.byte	0
 208 004c 00       		.byte	0
 209 004d 06       		.uleb128 0x6
 210 004e 2E       		.uleb128 0x2e
 211 004f 00       		.byte	0
 212 0050 3F       		.uleb128 0x3f
 213 0051 19       		.uleb128 0x19
 214 0052 03       		.uleb128 0x3
 215 0053 0E       		.uleb128 0xe
 216 0054 3A       		.uleb128 0x3a
 217 0055 0B       		.uleb128 0xb
 218 0056 3B       		.uleb128 0x3b
 219 0057 0B       		.uleb128 0xb
 220 0058 39       		.uleb128 0x39
 221 0059 0B       		.uleb128 0xb
 222 005a 27       		.uleb128 0x27
 223 005b 19       		.uleb128 0x19
 224 005c 00       		.byte	0
 225 005d 00       		.byte	0
 226 005e 07       		.uleb128 0x7
 227 005f 2E       		.uleb128 0x2e
 228 0060 00       		.byte	0
ARM GAS  /tmp/ccipU0xI.s 			page 5


 229 0061 03       		.uleb128 0x3
 230 0062 0E       		.uleb128 0xe
 231 0063 3A       		.uleb128 0x3a
 232 0064 0B       		.uleb128 0xb
 233 0065 3B       		.uleb128 0x3b
 234 0066 05       		.uleb128 0x5
 235 0067 39       		.uleb128 0x39
 236 0068 0B       		.uleb128 0xb
 237 0069 27       		.uleb128 0x27
 238 006a 19       		.uleb128 0x19
 239 006b 00       		.byte	0
 240 006c 00       		.byte	0
 241 006d 00       		.byte	0
 242              		.section	.gnu.debuglto_.debug_line,"e",%progbits
 243              	.Ldebug_line0:
 244 0000 72000000 		.4byte	.LELT0-.LSLT0
 245              	.LSLT0:
 246 0004 0500     		.2byte	0x5
 247 0006 04       		.byte	0x4
 248 0007 00       		.byte	0
 249 0008 6A000000 		.4byte	.LELTP0-.LASLTP0
 250              	.LASLTP0:
 251 000c 01       		.byte	0x1
 252 000d 01       		.byte	0x1
 253 000e 01       		.byte	0x1
 254 000f F6       		.byte	0xf6
 255 0010 F2       		.byte	0xf2
 256 0011 0D       		.byte	0xd
 257 0012 00       		.byte	0
 258 0013 01       		.byte	0x1
 259 0014 01       		.byte	0x1
 260 0015 01       		.byte	0x1
 261 0016 01       		.byte	0x1
 262 0017 00       		.byte	0
 263 0018 00       		.byte	0
 264 0019 00       		.byte	0
 265 001a 01       		.byte	0x1
 266 001b 00       		.byte	0
 267 001c 00       		.byte	0
 268 001d 01       		.byte	0x1
 269 001e 01       		.byte	0x1
 270 001f 01       		.uleb128 0x1
 271 0020 1F       		.uleb128 0x1f
 272 0021 07       		.uleb128 0x7
 273 0022 0E010000 		.4byte	.LASF24
 274 0026 D5000000 		.4byte	.LASF25
 275 002a A5010000 		.4byte	.LASF26
 276 002e 37000000 		.4byte	.LASF27
 277 0032 81000000 		.4byte	.LASF28
 278 0036 00000000 		.4byte	.LASF29
 279 003a 69000000 		.4byte	.LASF30
 280 003e 02       		.byte	0x2
 281 003f 01       		.uleb128 0x1
 282 0040 1F       		.uleb128 0x1f
 283 0041 02       		.uleb128 0x2
 284 0042 0B       		.uleb128 0xb
 285 0043 0A       		.uleb128 0xa
ARM GAS  /tmp/ccipU0xI.s 			page 6


 286 0044 80010000 		.4byte	.LASF31
 287 0048 00       		.byte	0
 288 0049 CC010000 		.4byte	.LASF32
 289 004d 01       		.byte	0x1
 290 004e F8000000 		.4byte	.LASF33
 291 0052 06       		.byte	0x6
 292 0053 1F000000 		.4byte	.LASF34
 293 0057 01       		.byte	0x1
 294 0058 76010000 		.4byte	.LASF35
 295 005c 01       		.byte	0x1
 296 005d C8000000 		.4byte	.LASF36
 297 0061 01       		.byte	0x1
 298 0062 00010000 		.4byte	.LASF37
 299 0066 03       		.byte	0x3
 300 0067 B2000000 		.4byte	.LASF38
 301 006b 04       		.byte	0x4
 302 006c C2000000 		.4byte	.LASF39
 303 0070 05       		.byte	0x5
 304 0071 30000000 		.4byte	.LASF40
 305 0075 02       		.byte	0x2
 306              	.LELTP0:
 307              	.LELT0:
 308              		.section	.gnu.debuglto_.debug_str,"eMS",%progbits,1
 309              	.LASF1:
 310 0000 6C6F6E67 		.ascii	"long long int\000"
 310      206C6F6E 
 310      6720696E 
 310      7400
 311              	.LASF6:
 312 000e 73686F72 		.ascii	"short unsigned int\000"
 312      7420756E 
 312      7369676E 
 312      65642069 
 312      6E7400
 313              	.LASF15:
 314 0021 75736249 		.ascii	"usbInit\000"
 314      6E697400 
 315              	.LASF0:
 316 0029 756E7369 		.ascii	"unsigned int\000"
 316      676E6564 
 316      20696E74 
 316      00
 317              	.LASF12:
 318 0036 7374496E 		.ascii	"stInit\000"
 318      697400
 319              	.LASF8:
 320 003d 6C6F6E67 		.ascii	"long unsigned int\000"
 320      20756E73 
 320      69676E65 
 320      6420696E 
 320      7400
 321              	.LASF9:
 322 004f 6C6F6E67 		.ascii	"long long unsigned int\000"
 322      206C6F6E 
 322      6720756E 
 322      7369676E 
 322      65642069 
ARM GAS  /tmp/ccipU0xI.s 			page 7


 323              	.LASF20:
 324 0066 2E2E2F2E 		.ascii	"../../chibios_trunk/os/hal/src/hal.c\000"
 324      2E2F6368 
 324      6962696F 
 324      735F7472 
 324      756E6B2F 
 325              	.LASF21:
 326 008b 2F686F6D 		.ascii	"/home/steve/culyun/dev-boards/blackpill/chibios/chi"
 326      652F7374 
 326      6576652F 
 326      63756C79 
 326      756E2F64 
 327 00be 62696F73 		.ascii	"bios_xsvf_player/firmware/F401-blackpill_XSVF_Playe"
 327      5F787376 
 327      665F706C 
 327      61796572 
 327      2F666972 
 328 00f1 7200     		.ascii	"r\000"
 329              	.LASF4:
 330 00f3 756E7369 		.ascii	"unsigned char\000"
 330      676E6564 
 330      20636861 
 330      7200
 331              	.LASF10:
 332 0101 63686172 		.ascii	"char\000"
 332      00
 333              	.LASF7:
 334 0106 6C6F6E67 		.ascii	"long int\000"
 334      20696E74 
 334      00
 335              	.LASF22:
 336 010f 68616C49 		.ascii	"halInit\000"
 336      6E697400 
 337              	.LASF5:
 338 0117 73686F72 		.ascii	"short int\000"
 338      7420696E 
 338      7400
 339              	.LASF16:
 340 0121 7364496E 		.ascii	"sdInit\000"
 340      697400
 341              	.LASF11:
 342 0128 5F426F6F 		.ascii	"_Bool\000"
 342      6C00
 343              	.LASF18:
 344 012e 68616C5F 		.ascii	"hal_lld_init\000"
 344      6C6C645F 
 344      696E6974 
 344      00
 345              	.LASF13:
 346 013b 626F6172 		.ascii	"boardInit\000"
 346      64496E69 
 346      7400
 347              	.LASF3:
 348 0145 7369676E 		.ascii	"signed char\000"
 348      65642063 
 348      68617200 
 349              	.LASF23:
ARM GAS  /tmp/ccipU0xI.s 			page 8


 350 0151 6F73616C 		.ascii	"osalInit\000"
 350      496E6974 
 350      00
 351              	.LASF2:
 352 015a 6C6F6E67 		.ascii	"long double\000"
 352      20646F75 
 352      626C6500 
 353              	.LASF14:
 354 0166 73647549 		.ascii	"sduInit\000"
 354      6E697400 
 355              	.LASF17:
 356 016e 5F70616C 		.ascii	"_pal_lld_init\000"
 356      5F6C6C64 
 356      5F696E69 
 356      7400
 357              	.LASF19:
 358 017c 474E5520 		.ascii	"GNU C17 14.1.0 -mcpu=cortex-m4 -mthumb -mfloat-abi="
 358      43313720 
 358      31342E31 
 358      2E30202D 
 358      6D637075 
 359 01af 736F6674 		.ascii	"soft -march=armv7e-m -ggdb -O2 -fomit-frame-pointer"
 359      202D6D61 
 359      7263683D 
 359      61726D76 
 359      37652D6D 
 360 01e2 202D6661 		.ascii	" -falign-functions=16 -ffunction-sections -fdata-se"
 360      6C69676E 
 360      2D66756E 
 360      6374696F 
 360      6E733D31 
 361 0215 6374696F 		.ascii	"ctions -fno-common -flto\000"
 361      6E73202D 
 361      666E6F2D 
 361      636F6D6D 
 361      6F6E202D 
 362              		.section	.gnu.debuglto_.debug_line_str,"eMS",%progbits,1
 363              	.LASF29:
 364 0000 2E2E2F2E 		.ascii	"../../chibios_trunk/os/hal/src\000"
 364      2E2F6368 
 364      6962696F 
 364      735F7472 
 364      756E6B2F 
 365              	.LASF34:
 366 001f 68616C5F 		.ascii	"hal_serial_usb.h\000"
 366      73657269 
 366      616C5F75 
 366      73622E68 
 366      00
 367              	.LASF40:
 368 0030 6F73616C 		.ascii	"osal.h\000"
 368      2E6800
 369              	.LASF27:
 370 0037 2E2E2F2E 		.ascii	"../../chibios_trunk/os/hal/ports/STM32/LLD/GPIOv2\000"
 370      2E2F6368 
 370      6962696F 
 370      735F7472 
ARM GAS  /tmp/ccipU0xI.s 			page 9


 370      756E6B2F 
 371              	.LASF30:
 372 0069 626F6172 		.ascii	"boards/BLACKPILL_F411CE\000"
 372      64732F42 
 372      4C41434B 
 372      50494C4C 
 372      5F463431 
 373              	.LASF28:
 374 0081 2E2E2F2E 		.ascii	"../../chibios_trunk/os/hal/ports/STM32/STM32F4xx\000"
 374      2E2F6368 
 374      6962696F 
 374      735F7472 
 374      756E6B2F 
 375              	.LASF38:
 376 00b2 68616C5F 		.ascii	"hal_lld_type1.h\000"
 376      6C6C645F 
 376      74797065 
 376      312E6800 
 377              	.LASF39:
 378 00c2 68616C2E 		.ascii	"hal.c\000"
 378      6300
 379              	.LASF36:
 380 00c8 68616C5F 		.ascii	"hal_serial.h\000"
 380      73657269 
 380      616C2E68 
 380      00
 381              	.LASF25:
 382 00d5 2E2E2F2E 		.ascii	"../../chibios_trunk/os/hal/include\000"
 382      2E2F6368 
 382      6962696F 
 382      735F7472 
 382      756E6B2F 
 383              	.LASF33:
 384 00f8 626F6172 		.ascii	"board.h\000"
 384      642E6800 
 385              	.LASF37:
 386 0100 68616C5F 		.ascii	"hal_pal_lld.h\000"
 386      70616C5F 
 386      6C6C642E 
 386      6800
 387              	.LASF24:
 388 010e 2F686F6D 		.ascii	"/home/steve/culyun/dev-boards/blackpill/chibios/chi"
 388      652F7374 
 388      6576652F 
 388      63756C79 
 388      756E2F64 
 389 0141 62696F73 		.ascii	"bios_xsvf_player/firmware/F401-blackpill_XSVF_Playe"
 389      5F787376 
 389      665F706C 
 389      61796572 
 389      2F666972 
 390 0174 7200     		.ascii	"r\000"
 391              	.LASF35:
 392 0176 68616C5F 		.ascii	"hal_usb.h\000"
 392      7573622E 
 392      6800
 393              	.LASF31:
ARM GAS  /tmp/ccipU0xI.s 			page 10


 394 0180 2E2E2F2E 		.ascii	"../../chibios_trunk/os/hal/src/hal.c\000"
 394      2E2F6368 
 394      6962696F 
 394      735F7472 
 394      756E6B2F 
 395              	.LASF26:
 396 01a5 2E2E2F2E 		.ascii	"../../chibios_trunk/os/hal/osal/rt-nil\000"
 396      2E2F6368 
 396      6962696F 
 396      735F7472 
 396      756E6B2F 
 397              	.LASF32:
 398 01cc 68616C5F 		.ascii	"hal_st.h\000"
 398      73742E68 
 398      00
 399              		.text
 400              		.section	.gnu.lto_.profile.ed4585c9b3b495b0,"e",%progbits
 401 0000 28B52FFD 		.ascii	"(\265/\375 \0061\000\000\002\000\000\000\000\000"
 401      20063100 
 401      00020000 
 401      000000
 402              		.text
 403              		.section	.gnu.lto_.icf.ed4585c9b3b495b0,"e",%progbits
 404 0000 28B52FFD 		.ascii	"(\265/\375 \025\215\000\000X\011\000\001\000\255\246"
 404      20158D00 
 404      00580900 
 404      0100ADA6 
 405 0010 ADFD0600 		.ascii	"\255\375\006\000\000\001\000\033\300\002"
 405      0001001B 
 405      C002
 406              		.text
 407              		.section	.gnu.lto_.ipa_sra.ed4585c9b3b495b0,"e",%progbits
 408 0000 28B52FFD 		.ascii	"(\265/\375 \037u\000\0000\023\000\001\000\000\001\002"
 408      201F7500 
 408      00301300 
 408      01000001 
 408      02
 409 0011 00B94E36 		.ascii	"\000\271N6\200\005"
 409      8005
 410              		.text
 411              		.section	.gnu.lto_.inline.ed4585c9b3b495b0,"e",%progbits
 412 0000 28B52FFD 		.ascii	"(\265/\375 \\\225\001\000d\002P\000\001\000\000\012"
 412      205C9501 
 412      00640250 
 412      00010000 
 412      0A
 413 0011 808080A0 		.ascii	"\200\200\200\240\002i\001\000\000\002\000\000\201\200"
 413      02690100 
 413      00020000 
 413      8180
 414 001f 80807E00 		.ascii	"\200\200~\000\000\006\200\200\200\200\002d\002\000\000"
 414      00068080 
 414      80800264 
 414      020000
 415 002e 010A0003 		.ascii	"\001\012\000\003\000S\212ls9\030`\001"
 415      00538A6C 
 415      73391860 
ARM GAS  /tmp/ccipU0xI.s 			page 11


 415      01
 416              		.text
 417              		.section	.gnu.lto_.jmpfuncs.ed4585c9b3b495b0,"e",%progbits
 418 0000 28B52FFD 		.ascii	"(\265/\375 \030e\000\000 \014\000\001\000\002\000`\343"
 418      20186500 
 418      00200C00 
 418      01000200 
 418      60E3
 419 0012 0D6001   		.ascii	"\015`\001"
 420              		.text
 421              		.section	.gnu.lto_.pureconst.ed4585c9b3b495b0,"e",%progbits
 422 0000 28B52FFD 		.ascii	"(\265/\375 \010A\000\000\004\000\000\000\001\000\230"
 422      20084100 
 422      00040000 
 422      00010098 
 423 0010 04       		.ascii	"\004"
 424              		.text
 425              		.section	.gnu.lto_.ipa_modref.ed4585c9b3b495b0,"e",%progbits
 426 0000 28B52FFD 		.ascii	"(\265/\375 \030e\000\000 \014\000\001\000\002\000`\343"
 426      20186500 
 426      00200C00 
 426      01000200 
 426      60E3
 427 0012 0D6001   		.ascii	"\015`\001"
 428              		.text
 429              		.section	.gnu.lto_.lto.ed4585c9b3b495b0,"e",%progbits
 430 0000 0E000000 		.ascii	"\016\000\000\000\001\000\001\000"
 430      01000100 
 431              		.text
 432              		.section	.gnu.lto_halInit.387.ed4585c9b3b495b0,"e",%progbits
 433 0000 28B52FFD 		.ascii	"(\265/\375`\307\0005\012\000\264\020\010\001\000\000"
 433      60C70035 
 433      0A00B410 
 433      08010000 
 434 0010 90000000 		.ascii	"\220\000\000\000#\000\000\000\001\003\000\001\222\221"
 434      23000000 
 434      01030001 
 434      9291
 435 001e 8A020080 		.ascii	"\212\002\000\200\200\200@\007\002\001\201\221\212\021"
 435      80804007 
 435      02018191 
 435      8A11
 436 002c 01B90101 		.ascii	"\001\271\001\001\000\177\002\001\177\001\252\0030\200"
 436      007F0201 
 436      7F01AA03 
 436      3080
 437 003a 8080F8CB 		.ascii	"\200\200\370\313\355\201^\200\224`\354\000\000\177\000"
 437      ED815E80 
 437      9460EC00 
 437      007F00
 438 0049 0B010000 		.ascii	"\013\001\000\000\000\257\322\005\340\200\370\377\237"
 438      00AFD205 
 438      E080F8FF 
 438      9F
 439 0056 80808A8B 		.ascii	"\200\200\212\213\001\363\253\002\011\000\000\247\003"
 439      01F3AB02 
 439      090000A7 
ARM GAS  /tmp/ccipU0xI.s 			page 12


 439      03
 440 0063 80040100 		.ascii	"\200\004\001\000\250\003\002\203\300\000\374\002\200"
 440      A8030283 
 440      C000FC02 
 440      80
 441 0070 E2ED1BF8 		.ascii	"\342\355\033\370\003\000\202\003\203 \000\213\001\002"
 441      03008203 
 441      8320008B 
 441      0102
 442 007e 7D7B0000 		.ascii	"}{\000\000\002\003\250\014w\344\016u\354\017s\244\024"
 442      0203A80C 
 442      77E40E75 
 442      EC0F73A4 
 442      14
 443 008f 71B4156F 		.ascii	"q\264\025o\360m\204\003\202\340\371\225\000\000\247"
 443      F06D8403 
 443      82E0F995 
 443      0000A7
 444 009e 03800401 		.ascii	"\003\200\004\001\202\300\000\000\000h/home/steve/cu"
 444      82C00000 
 444      00682F68 
 444      6F6D652F 
 444      73746576 
 445 00b6 6C79756E 		.ascii	"lyun/dev-boards/blackpill/chibios_xsvf_player/firmw"
 445      2F646576 
 445      2D626F61 
 445      7264732F 
 445      626C6163 
 446 00e9 6172652F 		.ascii	"are/F401-_XSVF_P\000%../..trunk/os/hal/src/hal.c\000"
 446      46343031 
 446      2D5F5853 
 446      56465F50 
 446      00252E2E 
 447 0117 19004228 		.ascii	"\031\000B(s\3245_U\006\256h7l\344\253\211\002\367\200"
 447      73D4355F 
 447      5506AE68 
 447      376CE4AB 
 447      8902F780 
 448 012b 61A008B0 		.ascii	"a\240\010\260\021\024\006v\003E\200\215\2400\260\033"
 448      11140676 
 448      0345808D 
 448      A030B01B 
 449 013b 28022C9E 		.ascii	"(\002,\236\263-\025qZc\302B\030/C\210\313\261h'\031"
 449      B32D1571 
 449      5A63C242 
 449      182F4388 
 449      CBB16827 
 450              		.text
 451              		.section	.gnu.lto_.symbol_nodes.ed4585c9b3b495b0,"e",%progbits
 452 0000 28B52FFD 		.ascii	"(\265/\375`/\000\315\003\000R\206\024\036\240'\351\377"
 452      602F00CD 
 452      03005286 
 452      141EA027 
 452      E9FF
 453 0012 A086ABAF 		.ascii	"\240\206\253\257N\335Tx\373\377\377\377\344o\376\377"
 453      4EDD5478 
 453      FBFFFFFF 
ARM GAS  /tmp/ccipU0xI.s 			page 13


 453      E46FFEFF 
 454 0022 475FAB43 		.ascii	"G_\253C\020B\210$;\005\243e\023)2\317\342<\252L[f\232"
 454      10428824 
 454      3B05A365 
 454      132932CF 
 454      E23CAA4C 
 455 0039 3A338026 		.ascii	":3\200&*\011\247,\230\322P\312\003K\004)\023\227\356"
 455      2A09A72C 
 455      98D250CA 
 455      034B0429 
 455      1397EE
 456 004c 8F86950A 		.ascii	"\217\206\225\012\373\211 -\276\317HV\356\356.\007\344"
 456      FB89202D 
 456      BECF4856 
 456      EEEE2E07 
 456      E4
 457 005d 37401000 		.ascii	"7@\020\000`h04\030\032\014\3552tk\020\257\031\006\250"
 457      60683034 
 457      181A0CED 
 457      32746B10 
 457      AF1906A8 
 458 0071 09000900 		.ascii	"\011\000\011\000\011\000\011\000\011\000\344\247(P\227"
 458      09000900 
 458      0900E4A7 
 458      285097
 459 0080 310364   		.ascii	"1\003d"
 460              		.text
 461              		.section	.gnu.lto_.refs.ed4585c9b3b495b0,"e",%progbits
 462 0000 28B52FFD 		.ascii	"(\265/\375 \005)\000\000\001\000\000\000\000"
 462      20052900 
 462      00010000 
 462      0000
 463              		.text
 464              		.section	.gnu.lto_.decls.ed4585c9b3b495b0,"e",%progbits
 465 0000 28B52FFD 		.ascii	"(\265/\375`)\005\335\037\000\266y\322J\220Xn\016\012"
 465      602905DD 
 465      1F00B679 
 465      D24A9058 
 465      6E0E0A
 466 0013 0819AB06 		.ascii	"\010\031\253\006\262X\275\006\015v\034q\014\031V\307"
 466      B258BD06 
 466      0D761C71 
 466      0C1956C7 
 467 0023 26AE330D 		.ascii	"&\2563\015\351}\016\275\275Q\304q7[\373S\021\240\303"
 467      E97D0EBD 
 467      BD51C471 
 467      375BFB53 
 467      11A0C3
 468 0036 6CEFCE7C 		.ascii	"l\357\316|\204B\325\366\014\004\330\240<\000\375y\026"
 468      8442D5F6 
 468      0C04D8A0 
 468      3C00FD79 
 468      16
 469 0047 185F1FC0 		.ascii	"\030_\037\300\246\027\264\323Ms`\251\227u\307N)\251"
 469      A617B4D3 
 469      4D7360A9 
 469      9775C74E 
ARM GAS  /tmp/ccipU0xI.s 			page 14


 469      29A9
 470 0059 00B700CC 		.ascii	"\000\267\000\314\000\357\263?-*2Oe\367\265X\377\307"
 470      00EFB33F 
 470      2D2A324F 
 470      65F7B558 
 470      FFC7
 471 006b F2FF63BF 		.ascii	"\362\377c\277\257y\261\177\367\037\210\330\3640Y\323"
 471      AF79B17F 
 471      F71F88D8 
 471      F43059D3 
 472 007b 47BD8391 		.ascii	"G\275\203\221A\2119\325\306\2044\365\3740\370Z0-\377"
 472      418939D5 
 472      C68434F5 
 472      FC30F85A 
 472      302DFF
 473 008e F8607E07 		.ascii	"\370`~\007\373\177\032\236\305\376\377\227Yg\363\277"
 473      FB7F1A9E 
 473      C5FEFF97 
 473      5967F3BF 
 474 009e F0FFF7A2 		.ascii	"\360\377\367\242\030\276\007\0348\234\312?\033o-\370"
 474      18BE071C 
 474      389CCA3F 
 474      1B6F2DF8 
 475 00ae 7B59BC90 		.ascii	"{Y\274\220)\377\377w\333\370e\375\035b\261\362\012\253"
 475      29FFFF77 
 475      DBF865FD 
 475      1D62B1F2 
 475      0AAB
 476 00c0 7EE86CFC 		.ascii	"~\350l\374\301o\002\302O\306l\376\366\377\235l\254\342"
 476      C16F02C2 
 476      4FC66CFE 
 476      F6FF9D6C 
 476      ACE2
 477 00d2 65879638 		.ascii	"e\207\2268vw\026W\2220\232ng\273\373\253\273\275\272"
 477      76771657 
 477      92309A6E 
 477      67BBFBAB 
 477      BBBDBA
 478 00e5 BBABBBB9 		.ascii	"\273\253\273\271\272{\253\273\343\356\316\352\356\334"
 478      BA7BABBB 
 478      E3EECEEA 
 478      EEDC
 479 00f3 DD64774B 		.ascii	"\335dwK\351n\361\354\354\354\254\273Ot\213O\3351\017"
 479      E96EF1EC 
 479      ECECACBB 
 479      4F748B4F 
 479      DD310F
 480 0106 02A4FB18 		.ascii	"\002\244\373\030r#n\325~\004\211\037\361\334\344\377"
 480      72236ED5 
 480      7E04891F 
 480      F1DCE4FF 
 481 0116 5510030B 		.ascii	"U\020\003\013\0320\250\312~8\214P[\322\024&\013\227"
 481      1A30A8CA 
 481      7E388C50 
 481      5BD21426 
 481      0B97
 482 0128 F6DCED58 		.ascii	"\366\334\355X\236\244\263\030\370\357\362\377\011f\250"
ARM GAS  /tmp/ccipU0xI.s 			page 15


 482      9EA4B318 
 482      F8EFF2FF 
 482      0966A8
 483 0137 8441CD10 		.ascii	"\204A\315\020\307\032\277\241\211^\200V\033j\277j\012"
 483      C71ABFA1 
 483      895E8056 
 483      1B6ABF6A 
 483      0A
 484 0148 AC856640 		.ascii	"\254\205f@6\002\262\206\346\275{\2047\355y\270\205F"
 484      3602B286 
 484      E6BD7B84 
 484      37ED79B8 
 484      8546
 485 015a 0A907828 		.ascii	"\012\220x(\216\244\370=\3763\345\327%\201\260\313~\014"
 485      8EA4F83D 
 485      FE33E5D7 
 485      2581B0CB 
 485      7E0C
 486 016c 93D9B431 		.ascii	"\223\331\2641,\\\320f\330\351\201\257\320\037h\323\376"
 486      2C5CD066 
 486      D8E981AF 
 486      D01F68D3 
 486      FE
 487 017d FB6D0CBB 		.ascii	"\373m\014\2736\237\231\204m\376\367*\340\373-\360\235"
 487      369F9984 
 487      6DFEF72A 
 487      E0FB2DF0 
 487      9D
 488 018e 22F3BB38 		.ascii	"\"\363\2738m\314\344\364\031vm\332\014\273-\360um>\206"
 488      6DCCE4F4 
 488      19766DDA 
 488      0CBB2DF0 
 488      756D3E86 
 489 01a2 FFA1B408 		.ascii	"\377\241\264\010\311\177\235Z\340\2635m\334C\330f&\327"
 489      C97F9D5A 
 489      E0B3356D 
 489      DC43D866 
 489      26D7
 490 01b4 DB98C9FD 		.ascii	"\333\230\311\375\177\2055-\200\001f\212#\037\257w\256"
 490      7F85352D 
 490      8001668A 
 490      231FAF77 
 490      AE
 491 01c5 3B1D4E97 		.ascii	";\035N\227\346\314\2624\313\262AOw\004\244\336R\231"
 491      E6CCB234 
 491      CBB2414F 
 491      7704A4DE 
 491      5299
 492 01d7 DE31CA51 		.ascii	"\3361\312QB{\274]\216\246\215rP\236$#\336m\246-\330"
 492      427BBC5D 
 492      8EA68D72 
 492      509E2423 
 492      DE6DA62D 
 493 01ec 62BADBA3 		.ascii	"b\272\333\243t;\230\207y\026\247\204_\366\237\011\210"
 493      743B9887 
 493      7916A784 
 493      5FF69F09 
ARM GAS  /tmp/ccipU0xI.s 			page 16


 493      88
 494 01fd 5F8A785D 		.ascii	"_\212x]\021G\034\277\241\215^\200\346T__\012\314\330"
 494      11471CBF 
 494      A18D5E80 
 494      E6545F5F 
 494      0ACCD8
 495 0210 2755322B 		.ascii	"'U2+b&R\342\330c\023\322\245\274\274b\314\224\304b."
 495      622652E2 
 495      D86313D2 
 495      A5BCBC62 
 495      CC94C462 
 496 0225 CCB6E430 		.ascii	"\314\266\3440#\375\251\253\353)\314\325\230\357\210"
 496      23FDA9AB 
 496      EB29CCD5 
 496      98EF88
 497 0234 0213248B 		.ascii	"\002\023$\213\364\030\\\\EfC~\000\220\201#l\2128v\314"
 497      F4185C5C 
 497      4566437E 
 497      00908123 
 497      6C8A3876 
 498 0249 0BD2DBAD 		.ascii	"\013\322\333\255-\317\020\336\001.\300x\\\011\030\253"
 498      2DCF10DE 
 498      012EC078 
 498      5C0918AB 
 499 0259 11660914 		.ascii	"\021f\011\024\322?\216\235H\031\216\262\252\000XV1\023"
 499      D23F8E9D 
 499      48198EB2 
 499      AA005856 
 499      3113
 500 026b 716CF106 		.ascii	"ql\361\006\2714\224\225\345\331\247>\252\026\204\222"
 500      B9349495 
 500      E5D9A73E 
 500      AA168492 
 501 027b BA2AFB1F 		.ascii	"\272*\373\037F\210\321\201\345\304J\034\333\311\002"
 501      4688D181 
 501      E5C44A1C 
 501      DBC902
 502 028a 9D963614 		.ascii	"\235\2266\024i\251g*)\355\374dHk\235\226:I!\200\204"
 502      69A9672A 
 502      29EDFC64 
 502      486B9D96 
 502      3A492180 
 503 029f 3A981B82 		.ascii	":\230\033\202\202L\035\012\037F\2100\327\036o\207\324"
 503      824C1D0A 
 503      1F468830 
 503      D71E6F87 
 503      D4
 504 02b0 D3D31DE9 		.ascii	"\323\323\035\351N\"U=\325\033\322)\240\323r\302J\313"
 504      4E22553D 
 504      D51BD229 
 504      A0D372C2 
 504      4ACB
 505 02c2 C1AD3EDC 		.ascii	"\301\255>\334\352;\325\233\216\207\356\370\210V\231"
 505      EA3BD59B 
 505      8E87EEF8 
 505      885699
 506 02d1 4E4B9383 		.ascii	"NK\223\203\217\315\266\363s\006\005\001\011y\360\311"
ARM GAS  /tmp/ccipU0xI.s 			page 17


 506      8FCDB6F3 
 506      73060501 
 506      0979F0C9 
 507 02e1 10A4C15C 		.ascii	"\020\244\301\\qf:-{\353\211\022\371\324\334\221NBo\245"
 507      71663A2D 
 507      7BEB8912 
 507      F9D4DC91 
 507      4E426FA5 
 508 02f5 B583163A 		.ascii	"\265\203\026:\177J\2100q\346\330&\354\374\230(\357\246"
 508      7F4A8830 
 508      71E6D826 
 508      ECFC9828 
 508      EFA6
 509 0307 C288A72B 		.ascii	"\302\210\247+2y\350\322ME:\213\222V\245SUuH)r7\025g"
 509      3279E8D2 
 509      4D453A8B 
 509      9256A553 
 509      55754829 
 510 031f AE44BCDB 		.ascii	"\256D\274\333\016\227\223\204\022\231G\276%\325\227"
 510      0E979384 
 510      129947BE 
 510      25D597
 511 032e 33D124B4 		.ascii	"3\321$\264\267\232\250\321.5\323.\322\251`\303\361\\"
 511      B79AA8D1 
 511      2E35D32E 
 511      D2A960C3 
 511      F15C
 512 0340 B095039A 		.ascii	"\260\225\003\232\307\346\203C\002D\0072W\346x\253\251"
 512      C7E68343 
 512      02440732 
 512      57E678AB 
 512      A9
 513 0351 DE5273DD 		.ascii	"\336Rs\335\005R\250qPC\030#$#\301P$\023&-t\220\002\031"
 513      0552A871 
 513      50431823 
 513      2423C150 
 513      2413262D 
 514 0369 BAEB1240 		.ascii	"\272\353\022@%6\025Q0\301\344\037\313\263\320\030\301"
 514      25361551 
 514      30C1E41F 
 514      CBB3D018 
 514      C1
 515 037a EC424C9A 		.ascii	"\354BL\232\221f\006\016F\242\222 ak\210<\271\263\017"
 515      9166060E 
 515      46A29220 
 515      616B883C 
 515      B9B30F
 516 038d 907102E8 		.ascii	"\220q\002\350h\224\005\231\215\235v\351;hw\257\205\267"
 516      68940599 
 516      8D9D76E9 
 516      3B6877AF 
 516      85B7
 517 039f 9B5E57AF 		.ascii	"\233^W\257\264\312\317\243l\276\320\343&\200\214\037"
 517      B4CACFA3 
 517      6CBED0E3 
 517      26808C1F 
 518 03af 95BD9C73 		.ascii	"\225\275\234s\015\366\216\3314Q\\9\364]\033j\261\344"
ARM GAS  /tmp/ccipU0xI.s 			page 18


 518      0DF68ED9 
 518      34515C39 
 518      F45D1B6A 
 518      B1E4
 519 03c1 5A712E00 		.ascii	"Zq.\0000\340Z\370`\301}.\371\017l\242yd\206\241K#\340"
 519      30E05AF8 
 519      60C17D2E 
 519      F90F6CA2 
 519      796486A1 
 520 03d8 3CFAE3D7 		.ascii	"<\372\343\327:\242\013\273\033}\023O\225\005U\202\010"
 520      3AA20BBB 
 520      1B7D134F 
 520      95055582 
 520      08
 521 03e9 AA7973BE 		.ascii	"\252ys\276\200\2562\350\013\177w\274\324+\206\266\037"
 521      80AE32E8 
 521      0B7F77BC 
 521      D42B86B6 
 521      1F
 522 03fa E01DBDB6 		.ascii	"\340\035\275\266Q\357.\203\325\314\177"
 522      51EF2E83 
 522      D5CC7F
 523              		.text
 524              		.section	.gnu.lto_.symtab.ed4585c9b3b495b0,"e",%progbits
 525 0000 68616C49 		.ascii	"halInit\000"
 525      6E697400 
 526 0008 00       		.ascii	"\000"
 527 0009 00       		.ascii	"\000"
 528 000a 00       		.ascii	"\000"
 529 000b 00000000 		.ascii	"\000\000\000\000\000\000\000\000"
 529      00000000 
 530 0013 C0000000 		.ascii	"\300\000\000\000"
 531 0017 7374496E 		.ascii	"stInit\000"
 531      697400
 532 001e 00       		.ascii	"\000"
 533 001f 02       		.ascii	"\002"
 534 0020 00       		.ascii	"\000"
 535 0021 00000000 		.ascii	"\000\000\000\000\000\000\000\000"
 535      00000000 
 536 0029 C2000000 		.ascii	"\302\000\000\000"
 537 002d 626F6172 		.ascii	"boardInit\000"
 537      64496E69 
 537      7400
 538 0037 00       		.ascii	"\000"
 539 0038 02       		.ascii	"\002"
 540 0039 00       		.ascii	"\000"
 541 003a 00000000 		.ascii	"\000\000\000\000\000\000\000\000"
 541      00000000 
 542 0042 C4000000 		.ascii	"\304\000\000\000"
 543 0046 73647549 		.ascii	"sduInit\000"
 543      6E697400 
 544 004e 00       		.ascii	"\000"
 545 004f 02       		.ascii	"\002"
 546 0050 00       		.ascii	"\000"
 547 0051 00000000 		.ascii	"\000\000\000\000\000\000\000\000"
 547      00000000 
 548 0059 C6000000 		.ascii	"\306\000\000\000"
ARM GAS  /tmp/ccipU0xI.s 			page 19


 549 005d 75736249 		.ascii	"usbInit\000"
 549      6E697400 
 550 0065 00       		.ascii	"\000"
 551 0066 02       		.ascii	"\002"
 552 0067 00       		.ascii	"\000"
 553 0068 00000000 		.ascii	"\000\000\000\000\000\000\000\000"
 553      00000000 
 554 0070 C8000000 		.ascii	"\310\000\000\000"
 555 0074 7364496E 		.ascii	"sdInit\000"
 555      697400
 556 007b 00       		.ascii	"\000"
 557 007c 02       		.ascii	"\002"
 558 007d 00       		.ascii	"\000"
 559 007e 00000000 		.ascii	"\000\000\000\000\000\000\000\000"
 559      00000000 
 560 0086 CA000000 		.ascii	"\312\000\000\000"
 561 008a 5F70616C 		.ascii	"_pal_lld_init\000"
 561      5F6C6C64 
 561      5F696E69 
 561      7400
 562 0098 00       		.ascii	"\000"
 563 0099 02       		.ascii	"\002"
 564 009a 00       		.ascii	"\000"
 565 009b 00000000 		.ascii	"\000\000\000\000\000\000\000\000"
 565      00000000 
 566 00a3 CC000000 		.ascii	"\314\000\000\000"
 567 00a7 68616C5F 		.ascii	"hal_lld_init\000"
 567      6C6C645F 
 567      696E6974 
 567      00
 568 00b4 00       		.ascii	"\000"
 569 00b5 02       		.ascii	"\002"
 570 00b6 00       		.ascii	"\000"
 571 00b7 00000000 		.ascii	"\000\000\000\000\000\000\000\000"
 571      00000000 
 572 00bf CE000000 		.ascii	"\316\000\000\000"
 573              		.text
 574              		.section	.gnu.lto_.ext_symtab.ed4585c9b3b495b0,"e",%progbits
 575 0000 01       		.ascii	"\001"
 576 0001 01       		.ascii	"\001"
 577 0002 00       		.ascii	"\000"
 578 0003 01       		.ascii	"\001"
 579 0004 00       		.ascii	"\000"
 580 0005 01       		.ascii	"\001"
 581 0006 00       		.ascii	"\000"
 582 0007 01       		.ascii	"\001"
 583 0008 00       		.ascii	"\000"
 584 0009 01       		.ascii	"\001"
 585 000a 00       		.ascii	"\000"
 586 000b 01       		.ascii	"\001"
 587 000c 00       		.ascii	"\000"
 588 000d 01       		.ascii	"\001"
 589 000e 00       		.ascii	"\000"
 590 000f 01       		.ascii	"\001"
 591 0010 00       		.ascii	"\000"
 592              		.text
 593              		.section	.gnu.lto_.opts,"e",%progbits
ARM GAS  /tmp/ccipU0xI.s 			page 20


 594 0000 272D666E 		.ascii	"'-fno-openmp' '-fno-openacc' '-fno-pie' '-fcf-prote"
 594      6F2D6F70 
 594      656E6D70 
 594      2720272D 
 594      666E6F2D 
 595 0033 6374696F 		.ascii	"ction=none' '-g' '-mcpu=cortex-m4' '-mthumb' '-mflo"
 595      6E3D6E6F 
 595      6E652720 
 595      272D6727 
 595      20272D6D 
 596 0066 61742D61 		.ascii	"at-abi=soft' '-mlibarch=armv7e-m' '-march=armv7e-m'"
 596      62693D73 
 596      6F667427 
 596      20272D6D 
 596      6C696261 
 597 0099 20272D4F 		.ascii	" '-O2' '-fomit-frame-pointer' '-falign-functions=16"
 597      32272027 
 597      2D666F6D 
 597      69742D66 
 597      72616D65 
 598 00cc 2720272D 		.ascii	"' '-ffunction-sections' '-fdata-sections' '-fno-com"
 598      6666756E 
 598      6374696F 
 598      6E2D7365 
 598      6374696F 
 599 00ff 6D6F6E27 		.ascii	"mon' '-flto' '-Xassembler' '-alms=./build/lst/hal.l"
 599      20272D66 
 599      6C746F27 
 599      20272D58 
 599      61737365 
 600 0132 73742700 		.ascii	"st'\000"
 601              		.text
 602              		.comm	__gnu_lto_slim,1,1
 603              		.ident	"GCC: (Arch Repository) 14.1.0"
ARM GAS  /tmp/ccipU0xI.s 			page 21


DEFINED SYMBOLS
                            *ABS*:00000000 hal.c
     /tmp/ccipU0xI.s:27     .gnu.debuglto_.debug_info:00000000 hal.c.187b152f
                            *COM*:00000001 __gnu_lto_slim

NO UNDEFINED SYMBOLS
