ARM GAS  /tmp/cczIrbk5.s 			page 1


   1              		.cpu cortex-m4
   2              		.arch armv7e-m
   3              		.fpu softvfp
   4              		.eabi_attribute 20, 1
   5              		.eabi_attribute 21, 1
   6              		.eabi_attribute 23, 3
   7              		.eabi_attribute 24, 1
   8              		.eabi_attribute 25, 1
   9              		.eabi_attribute 26, 1
  10              		.eabi_attribute 30, 2
  11              		.eabi_attribute 34, 1
  12              		.eabi_attribute 18, 4
  13              		.file	"hal_st.c"
  14              		.file 1 "/usr/arm-none-eabi/include/machine/_default_types.h"
  15              		.file 2 "/usr/arm-none-eabi/include/sys/_stdint.h"
  16              		.file 3 "../../chibios_trunk/os/rt/include/chtime.h"
  17              		.file 4 "../../chibios_trunk/os/hal/ports/STM32/LLD/TIMv1/stm32_tim.h"
  18              		.file 5 "../../chibios_trunk/os/hal/ports/STM32/LLD/SYSTICKv1/hal_st_lld.h"
  19              		.file 6 "../../chibios_trunk/os/hal/src/hal_st.c"
  20              		.section	.gnu.debuglto_.debug_info,"e",%progbits
  21              	.Ldebug_info0:
  22              		.hidden	hal_st.c.82b3dbdd
  23              		.weak	hal_st.c.82b3dbdd
  24              	hal_st.c.82b3dbdd:
  25 0000 DE020000 		.4byte	0x2de
  26 0004 0500     		.2byte	0x5
  27 0006 01       		.byte	0x1
  28 0007 04       		.byte	0x4
  29 0008 00000000 		.4byte	.Ldebug_abbrev0
  30 000c 11       		.uleb128 0x11
  31 000d 05000000 		.4byte	.LASF39
  32 0011 1D       		.byte	0x1d
  33 0012 3C010000 		.4byte	.LASF40
  34 0016 CE010000 		.4byte	.LASF41
  35 001a 00000000 		.4byte	.Ldebug_line0
  36 001e 12       		.uleb128 0x12
  37 001f 04       		.byte	0x4
  38 0020 05       		.byte	0x5
  39 0021 696E7400 		.ascii	"int\000"
  40 0025 01       		.uleb128 0x1
  41 0026 04       		.byte	0x4
  42 0027 07       		.byte	0x7
  43 0028 55020000 		.4byte	.LASF0
  44 002c 01       		.uleb128 0x1
  45 002d 08       		.byte	0x8
  46 002e 05       		.byte	0x5
  47 002f 86020000 		.4byte	.LASF1
  48 0033 01       		.uleb128 0x1
  49 0034 08       		.byte	0x8
  50 0035 04       		.byte	0x4
  51 0036 D3020000 		.4byte	.LASF2
  52 003a 01       		.uleb128 0x1
  53 003b 01       		.byte	0x1
  54 003c 06       		.byte	0x6
  55 003d DF020000 		.4byte	.LASF3
  56 0041 01       		.uleb128 0x1
  57 0042 01       		.byte	0x1
ARM GAS  /tmp/cczIrbk5.s 			page 2


  58 0043 08       		.byte	0x8
  59 0044 8D010000 		.4byte	.LASF4
  60 0048 01       		.uleb128 0x1
  61 0049 02       		.byte	0x2
  62 004a 05       		.byte	0x5
  63 004b FD000000 		.4byte	.LASF5
  64 004f 01       		.uleb128 0x1
  65 0050 02       		.byte	0x2
  66 0051 07       		.byte	0x7
  67 0052 DE000000 		.4byte	.LASF6
  68 0056 01       		.uleb128 0x1
  69 0057 04       		.byte	0x4
  70 0058 05       		.byte	0x5
  71 0059 CA020000 		.4byte	.LASF7
  72 005d 06       		.uleb128 0x6
  73 005e BE010000 		.4byte	.LASF10
  74 0062 01       		.byte	0x1
  75 0063 4F       		.byte	0x4f
  76 0064 19       		.byte	0x19
  77 0065 69000000 		.4byte	0x69
  78 0069 01       		.uleb128 0x1
  79 006a 04       		.byte	0x4
  80 006b 07       		.byte	0x7
  81 006c 9B010000 		.4byte	.LASF8
  82 0070 01       		.uleb128 0x1
  83 0071 08       		.byte	0x8
  84 0072 07       		.byte	0x7
  85 0073 F1020000 		.4byte	.LASF9
  86 0077 06       		.uleb128 0x6
  87 0078 C1020000 		.4byte	.LASF11
  88 007c 02       		.byte	0x2
  89 007d 30       		.byte	0x30
  90 007e 14       		.byte	0x14
  91 007f 5D000000 		.4byte	0x5d
  92 0083 07       		.uleb128 0x7
  93 0084 77000000 		.4byte	0x77
  94 0088 01       		.uleb128 0x1
  95 0089 01       		.byte	0x1
  96 008a 08       		.byte	0x8
  97 008b 62020000 		.4byte	.LASF12
  98 008f 08       		.uleb128 0x8
  99 0090 88000000 		.4byte	0x88
 100 0094 06       		.uleb128 0x6
 101 0095 D4000000 		.4byte	.LASF13
 102 0099 03       		.byte	0x3
 103 009a 6D       		.byte	0x6d
 104 009b 12       		.byte	0x12
 105 009c 77000000 		.4byte	0x77
 106 00a0 04       		.uleb128 0x4
 107 00a1 83000000 		.4byte	0x83
 108 00a5 B0000000 		.4byte	0xb0
 109 00a9 05       		.uleb128 0x5
 110 00aa 25000000 		.4byte	0x25
 111 00ae 01       		.byte	0x1
 112 00af 00       		.byte	0
 113 00b0 07       		.uleb128 0x7
 114 00b1 A0000000 		.4byte	0xa0
ARM GAS  /tmp/cczIrbk5.s 			page 3


 115 00b5 04       		.uleb128 0x4
 116 00b6 83000000 		.4byte	0x83
 117 00ba C5000000 		.4byte	0xc5
 118 00be 05       		.uleb128 0x5
 119 00bf 25000000 		.4byte	0x25
 120 00c3 03       		.byte	0x3
 121 00c4 00       		.byte	0
 122 00c5 07       		.uleb128 0x7
 123 00c6 B5000000 		.4byte	0xb5
 124 00ca 01       		.uleb128 0x1
 125 00cb 01       		.byte	0x1
 126 00cc 02       		.byte	0x2
 127 00cd EB020000 		.4byte	.LASF14
 128 00d1 13       		.uleb128 0x13
 129 00d2 60       		.byte	0x60
 130 00d3 04       		.byte	0x4
 131 00d4 F601     		.2byte	0x1f6
 132 00d6 09       		.byte	0x9
 133 00d7 CA010000 		.4byte	0x1ca
 134 00db 02       		.uleb128 0x2
 135 00dc 43523100 		.ascii	"CR1\000"
 136 00e0 F701     		.2byte	0x1f7
 137 00e2 83000000 		.4byte	0x83
 138 00e6 00       		.byte	0
 139 00e7 02       		.uleb128 0x2
 140 00e8 43523200 		.ascii	"CR2\000"
 141 00ec F801     		.2byte	0x1f8
 142 00ee 83000000 		.4byte	0x83
 143 00f2 04       		.byte	0x4
 144 00f3 03       		.uleb128 0x3
 145 00f4 AA020000 		.4byte	.LASF15
 146 00f8 F901     		.2byte	0x1f9
 147 00fa 83000000 		.4byte	0x83
 148 00fe 08       		.byte	0x8
 149 00ff 03       		.uleb128 0x3
 150 0100 64010000 		.4byte	.LASF16
 151 0104 FA01     		.2byte	0x1fa
 152 0106 83000000 		.4byte	0x83
 153 010a 0C       		.byte	0xc
 154 010b 02       		.uleb128 0x2
 155 010c 535200   		.ascii	"SR\000"
 156 010f FB01     		.2byte	0x1fb
 157 0111 83000000 		.4byte	0x83
 158 0115 10       		.byte	0x10
 159 0116 02       		.uleb128 0x2
 160 0117 45475200 		.ascii	"EGR\000"
 161 011b FC01     		.2byte	0x1fc
 162 011d 83000000 		.4byte	0x83
 163 0121 14       		.byte	0x14
 164 0122 03       		.uleb128 0x3
 165 0123 AF020000 		.4byte	.LASF17
 166 0127 FD01     		.2byte	0x1fd
 167 0129 83000000 		.4byte	0x83
 168 012d 18       		.byte	0x18
 169 012e 03       		.uleb128 0x3
 170 012f B5020000 		.4byte	.LASF18
 171 0133 FE01     		.2byte	0x1fe
ARM GAS  /tmp/cczIrbk5.s 			page 4


 172 0135 83000000 		.4byte	0x83
 173 0139 1C       		.byte	0x1c
 174 013a 03       		.uleb128 0x3
 175 013b A5020000 		.4byte	.LASF19
 176 013f FF01     		.2byte	0x1ff
 177 0141 83000000 		.4byte	0x83
 178 0145 20       		.byte	0x20
 179 0146 02       		.uleb128 0x2
 180 0147 434E5400 		.ascii	"CNT\000"
 181 014b 0002     		.2byte	0x200
 182 014d 83000000 		.4byte	0x83
 183 0151 24       		.byte	0x24
 184 0152 02       		.uleb128 0x2
 185 0153 50534300 		.ascii	"PSC\000"
 186 0157 0102     		.2byte	0x201
 187 0159 83000000 		.4byte	0x83
 188 015d 28       		.byte	0x28
 189 015e 02       		.uleb128 0x2
 190 015f 41525200 		.ascii	"ARR\000"
 191 0163 0202     		.2byte	0x202
 192 0165 83000000 		.4byte	0x83
 193 0169 2C       		.byte	0x2c
 194 016a 02       		.uleb128 0x2
 195 016b 52435200 		.ascii	"RCR\000"
 196 016f 0302     		.2byte	0x203
 197 0171 83000000 		.4byte	0x83
 198 0175 30       		.byte	0x30
 199 0176 02       		.uleb128 0x2
 200 0177 43435200 		.ascii	"CCR\000"
 201 017b 0402     		.2byte	0x204
 202 017d C5000000 		.4byte	0xc5
 203 0181 34       		.byte	0x34
 204 0182 03       		.uleb128 0x3
 205 0183 00000000 		.4byte	.LASF20
 206 0187 0502     		.2byte	0x205
 207 0189 83000000 		.4byte	0x83
 208 018d 44       		.byte	0x44
 209 018e 02       		.uleb128 0x2
 210 018f 44435200 		.ascii	"DCR\000"
 211 0193 1302     		.2byte	0x213
 212 0195 83000000 		.4byte	0x83
 213 0199 48       		.byte	0x48
 214 019a 03       		.uleb128 0x3
 215 019b C9010000 		.4byte	.LASF21
 216 019f 1402     		.2byte	0x214
 217 01a1 83000000 		.4byte	0x83
 218 01a5 4C       		.byte	0x4c
 219 01a6 02       		.uleb128 0x2
 220 01a7 4F5200   		.ascii	"OR\000"
 221 01aa 1502     		.2byte	0x215
 222 01ac 83000000 		.4byte	0x83
 223 01b0 50       		.byte	0x50
 224 01b1 03       		.uleb128 0x3
 225 01b2 BB020000 		.4byte	.LASF22
 226 01b6 1602     		.2byte	0x216
 227 01b8 83000000 		.4byte	0x83
 228 01bc 54       		.byte	0x54
ARM GAS  /tmp/cczIrbk5.s 			page 5


 229 01bd 03       		.uleb128 0x3
 230 01be 08030000 		.4byte	.LASF23
 231 01c2 1702     		.2byte	0x217
 232 01c4 B0000000 		.4byte	0xb0
 233 01c8 58       		.byte	0x58
 234 01c9 00       		.byte	0
 235 01ca 14       		.uleb128 0x14
 236 01cb 30010000 		.4byte	.LASF24
 237 01cf 04       		.byte	0x4
 238 01d0 1902     		.2byte	0x219
 239 01d2 03       		.byte	0x3
 240 01d3 D1000000 		.4byte	0xd1
 241 01d7 15       		.uleb128 0x15
 242 01d8 F1000000 		.4byte	.LASF25
 243 01dc 05       		.byte	0x5
 244 01dd 1103     		.2byte	0x311
 245 01df 08       		.byte	0x8
 246 01e0 0B       		.uleb128 0xb
 247 01e1 B7000000 		.4byte	.LASF26
 248 01e5 B3       		.byte	0xb3
 249 01e6 06       		.byte	0x6
 250 01e7 CA000000 		.4byte	0xca
 251 01eb 16       		.uleb128 0x16
 252 01ec 0D030000 		.4byte	.LASF42
 253 01f0 06       		.byte	0x6
 254 01f1 A3       		.byte	0xa3
 255 01f2 0B       		.byte	0xb
 256 01f3 94000000 		.4byte	0x94
 257 01f7 05020000 		.4byte	0x205
 258 01fb 09       		.uleb128 0x9
 259 01fc 69010000 		.4byte	.LASF27
 260 0200 15020000 		.4byte	0x215
 261 0204 00       		.byte	0
 262 0205 04       		.uleb128 0x4
 263 0206 8F000000 		.4byte	0x8f
 264 020a 15020000 		.4byte	0x215
 265 020e 05       		.uleb128 0x5
 266 020f 25000000 		.4byte	0x25
 267 0213 0A       		.byte	0xa
 268 0214 00       		.byte	0
 269 0215 08       		.uleb128 0x8
 270 0216 05020000 		.4byte	0x205
 271 021a 0C       		.uleb128 0xc
 272 021b 74020000 		.4byte	.LASF28
 273 021f 93       		.byte	0x93
 274 0220 39020000 		.4byte	0x239
 275 0224 0D       		.uleb128 0xd
 276 0225 85010000 		.4byte	.LASF30
 277 0229 93       		.byte	0x93
 278 022a 1B       		.byte	0x1b
 279 022b 94000000 		.4byte	0x94
 280 022f 09       		.uleb128 0x9
 281 0230 69010000 		.4byte	.LASF27
 282 0234 15020000 		.4byte	0x215
 283 0238 00       		.byte	0
 284 0239 0E       		.uleb128 0xe
 285 023a 36020000 		.4byte	.LASF32
ARM GAS  /tmp/cczIrbk5.s 			page 6


 286 023e 85       		.byte	0x85
 287 023f 0C       		.uleb128 0xc
 288 0240 67020000 		.4byte	.LASF29
 289 0244 77       		.byte	0x77
 290 0245 5E020000 		.4byte	0x25e
 291 0249 0D       		.uleb128 0xd
 292 024a 85010000 		.4byte	.LASF30
 293 024e 77       		.byte	0x77
 294 024f 1D       		.byte	0x1d
 295 0250 94000000 		.4byte	0x94
 296 0254 09       		.uleb128 0x9
 297 0255 69010000 		.4byte	.LASF27
 298 0259 6E020000 		.4byte	0x26e
 299 025d 00       		.byte	0
 300 025e 04       		.uleb128 0x4
 301 025f 8F000000 		.4byte	0x8f
 302 0263 6E020000 		.4byte	0x26e
 303 0267 05       		.uleb128 0x5
 304 0268 25000000 		.4byte	0x25
 305 026c 0C       		.byte	0xc
 306 026d 00       		.byte	0
 307 026e 08       		.uleb128 0x8
 308 026f 5E020000 		.4byte	0x25e
 309 0273 0B       		.uleb128 0xb
 310 0274 C7000000 		.4byte	.LASF31
 311 0278 67       		.byte	0x67
 312 0279 0B       		.byte	0xb
 313 027a 94000000 		.4byte	0x94
 314 027e 0E       		.uleb128 0xe
 315 027f 7F020000 		.4byte	.LASF33
 316 0283 45       		.byte	0x45
 317 0284 0A       		.uleb128 0xa
 318 0285 19010000 		.4byte	.LASF34
 319 0289 6C03     		.2byte	0x36c
 320 028b 14       		.byte	0x14
 321 028c CA000000 		.4byte	0xca
 322 0290 0A       		.uleb128 0xa
 323 0291 94020000 		.4byte	.LASF35
 324 0295 5E03     		.2byte	0x35e
 325 0297 19       		.byte	0x19
 326 0298 94000000 		.4byte	0x94
 327 029c 0F       		.uleb128 0xf
 328 029d AD010000 		.4byte	.LASF36
 329 02a1 5203     		.2byte	0x352
 330 02a3 B4020000 		.4byte	0x2b4
 331 02a7 10       		.uleb128 0x10
 332 02a8 85010000 		.4byte	.LASF30
 333 02ac 5203     		.2byte	0x352
 334 02ae 2F       		.byte	0x2f
 335 02af 94000000 		.4byte	0x94
 336 02b3 00       		.byte	0
 337 02b4 17       		.uleb128 0x17
 338 02b5 07010000 		.4byte	.LASF43
 339 02b9 05       		.byte	0x5
 340 02ba 4203     		.2byte	0x342
 341 02bc 14       		.byte	0x14
 342 02bd 0F       		.uleb128 0xf
ARM GAS  /tmp/cczIrbk5.s 			page 7


 343 02be 72010000 		.4byte	.LASF37
 344 02c2 3203     		.2byte	0x332
 345 02c4 D5020000 		.4byte	0x2d5
 346 02c8 10       		.uleb128 0x10
 347 02c9 85010000 		.4byte	.LASF30
 348 02cd 3203     		.2byte	0x332
 349 02cf 31       		.byte	0x31
 350 02d0 94000000 		.4byte	0x94
 351 02d4 00       		.byte	0
 352 02d5 0A       		.uleb128 0xa
 353 02d6 42020000 		.4byte	.LASF38
 354 02da 2403     		.2byte	0x324
 355 02dc 19       		.byte	0x19
 356 02dd 94000000 		.4byte	0x94
 357 02e1 00       		.byte	0
 358              		.section	.gnu.debuglto_.debug_abbrev,"e",%progbits
 359              	.Ldebug_abbrev0:
 360 0000 01       		.uleb128 0x1
 361 0001 24       		.uleb128 0x24
 362 0002 00       		.byte	0
 363 0003 0B       		.uleb128 0xb
 364 0004 0B       		.uleb128 0xb
 365 0005 3E       		.uleb128 0x3e
 366 0006 0B       		.uleb128 0xb
 367 0007 03       		.uleb128 0x3
 368 0008 0E       		.uleb128 0xe
 369 0009 00       		.byte	0
 370 000a 00       		.byte	0
 371 000b 02       		.uleb128 0x2
 372 000c 0D       		.uleb128 0xd
 373 000d 00       		.byte	0
 374 000e 03       		.uleb128 0x3
 375 000f 08       		.uleb128 0x8
 376 0010 3A       		.uleb128 0x3a
 377 0011 21       		.uleb128 0x21
 378 0012 04       		.sleb128 4
 379 0013 3B       		.uleb128 0x3b
 380 0014 05       		.uleb128 0x5
 381 0015 39       		.uleb128 0x39
 382 0016 21       		.uleb128 0x21
 383 0017 19       		.sleb128 25
 384 0018 49       		.uleb128 0x49
 385 0019 13       		.uleb128 0x13
 386 001a 38       		.uleb128 0x38
 387 001b 0B       		.uleb128 0xb
 388 001c 00       		.byte	0
 389 001d 00       		.byte	0
 390 001e 03       		.uleb128 0x3
 391 001f 0D       		.uleb128 0xd
 392 0020 00       		.byte	0
 393 0021 03       		.uleb128 0x3
 394 0022 0E       		.uleb128 0xe
 395 0023 3A       		.uleb128 0x3a
 396 0024 21       		.uleb128 0x21
 397 0025 04       		.sleb128 4
 398 0026 3B       		.uleb128 0x3b
 399 0027 05       		.uleb128 0x5
ARM GAS  /tmp/cczIrbk5.s 			page 8


 400 0028 39       		.uleb128 0x39
 401 0029 21       		.uleb128 0x21
 402 002a 19       		.sleb128 25
 403 002b 49       		.uleb128 0x49
 404 002c 13       		.uleb128 0x13
 405 002d 38       		.uleb128 0x38
 406 002e 0B       		.uleb128 0xb
 407 002f 00       		.byte	0
 408 0030 00       		.byte	0
 409 0031 04       		.uleb128 0x4
 410 0032 01       		.uleb128 0x1
 411 0033 01       		.byte	0x1
 412 0034 49       		.uleb128 0x49
 413 0035 13       		.uleb128 0x13
 414 0036 01       		.uleb128 0x1
 415 0037 13       		.uleb128 0x13
 416 0038 00       		.byte	0
 417 0039 00       		.byte	0
 418 003a 05       		.uleb128 0x5
 419 003b 21       		.uleb128 0x21
 420 003c 00       		.byte	0
 421 003d 49       		.uleb128 0x49
 422 003e 13       		.uleb128 0x13
 423 003f 2F       		.uleb128 0x2f
 424 0040 0B       		.uleb128 0xb
 425 0041 00       		.byte	0
 426 0042 00       		.byte	0
 427 0043 06       		.uleb128 0x6
 428 0044 16       		.uleb128 0x16
 429 0045 00       		.byte	0
 430 0046 03       		.uleb128 0x3
 431 0047 0E       		.uleb128 0xe
 432 0048 3A       		.uleb128 0x3a
 433 0049 0B       		.uleb128 0xb
 434 004a 3B       		.uleb128 0x3b
 435 004b 0B       		.uleb128 0xb
 436 004c 39       		.uleb128 0x39
 437 004d 0B       		.uleb128 0xb
 438 004e 49       		.uleb128 0x49
 439 004f 13       		.uleb128 0x13
 440 0050 00       		.byte	0
 441 0051 00       		.byte	0
 442 0052 07       		.uleb128 0x7
 443 0053 35       		.uleb128 0x35
 444 0054 00       		.byte	0
 445 0055 49       		.uleb128 0x49
 446 0056 13       		.uleb128 0x13
 447 0057 00       		.byte	0
 448 0058 00       		.byte	0
 449 0059 08       		.uleb128 0x8
 450 005a 26       		.uleb128 0x26
 451 005b 00       		.byte	0
 452 005c 49       		.uleb128 0x49
 453 005d 13       		.uleb128 0x13
 454 005e 00       		.byte	0
 455 005f 00       		.byte	0
 456 0060 09       		.uleb128 0x9
ARM GAS  /tmp/cczIrbk5.s 			page 9


 457 0061 34       		.uleb128 0x34
 458 0062 00       		.byte	0
 459 0063 03       		.uleb128 0x3
 460 0064 0E       		.uleb128 0xe
 461 0065 49       		.uleb128 0x49
 462 0066 13       		.uleb128 0x13
 463 0067 34       		.uleb128 0x34
 464 0068 19       		.uleb128 0x19
 465 0069 00       		.byte	0
 466 006a 00       		.byte	0
 467 006b 0A       		.uleb128 0xa
 468 006c 2E       		.uleb128 0x2e
 469 006d 00       		.byte	0
 470 006e 03       		.uleb128 0x3
 471 006f 0E       		.uleb128 0xe
 472 0070 3A       		.uleb128 0x3a
 473 0071 21       		.uleb128 0x21
 474 0072 05       		.sleb128 5
 475 0073 3B       		.uleb128 0x3b
 476 0074 05       		.uleb128 0x5
 477 0075 39       		.uleb128 0x39
 478 0076 0B       		.uleb128 0xb
 479 0077 27       		.uleb128 0x27
 480 0078 19       		.uleb128 0x19
 481 0079 49       		.uleb128 0x49
 482 007a 13       		.uleb128 0x13
 483 007b 00       		.byte	0
 484 007c 00       		.byte	0
 485 007d 0B       		.uleb128 0xb
 486 007e 2E       		.uleb128 0x2e
 487 007f 00       		.byte	0
 488 0080 3F       		.uleb128 0x3f
 489 0081 19       		.uleb128 0x19
 490 0082 03       		.uleb128 0x3
 491 0083 0E       		.uleb128 0xe
 492 0084 3A       		.uleb128 0x3a
 493 0085 21       		.uleb128 0x21
 494 0086 06       		.sleb128 6
 495 0087 3B       		.uleb128 0x3b
 496 0088 0B       		.uleb128 0xb
 497 0089 39       		.uleb128 0x39
 498 008a 0B       		.uleb128 0xb
 499 008b 27       		.uleb128 0x27
 500 008c 19       		.uleb128 0x19
 501 008d 49       		.uleb128 0x49
 502 008e 13       		.uleb128 0x13
 503 008f 00       		.byte	0
 504 0090 00       		.byte	0
 505 0091 0C       		.uleb128 0xc
 506 0092 2E       		.uleb128 0x2e
 507 0093 01       		.byte	0x1
 508 0094 3F       		.uleb128 0x3f
 509 0095 19       		.uleb128 0x19
 510 0096 03       		.uleb128 0x3
 511 0097 0E       		.uleb128 0xe
 512 0098 3A       		.uleb128 0x3a
 513 0099 21       		.uleb128 0x21
ARM GAS  /tmp/cczIrbk5.s 			page 10


 514 009a 06       		.sleb128 6
 515 009b 3B       		.uleb128 0x3b
 516 009c 0B       		.uleb128 0xb
 517 009d 39       		.uleb128 0x39
 518 009e 21       		.uleb128 0x21
 519 009f 06       		.sleb128 6
 520 00a0 27       		.uleb128 0x27
 521 00a1 19       		.uleb128 0x19
 522 00a2 01       		.uleb128 0x1
 523 00a3 13       		.uleb128 0x13
 524 00a4 00       		.byte	0
 525 00a5 00       		.byte	0
 526 00a6 0D       		.uleb128 0xd
 527 00a7 05       		.uleb128 0x5
 528 00a8 00       		.byte	0
 529 00a9 03       		.uleb128 0x3
 530 00aa 0E       		.uleb128 0xe
 531 00ab 3A       		.uleb128 0x3a
 532 00ac 21       		.uleb128 0x21
 533 00ad 06       		.sleb128 6
 534 00ae 3B       		.uleb128 0x3b
 535 00af 0B       		.uleb128 0xb
 536 00b0 39       		.uleb128 0x39
 537 00b1 0B       		.uleb128 0xb
 538 00b2 49       		.uleb128 0x49
 539 00b3 13       		.uleb128 0x13
 540 00b4 00       		.byte	0
 541 00b5 00       		.byte	0
 542 00b6 0E       		.uleb128 0xe
 543 00b7 2E       		.uleb128 0x2e
 544 00b8 00       		.byte	0
 545 00b9 3F       		.uleb128 0x3f
 546 00ba 19       		.uleb128 0x19
 547 00bb 03       		.uleb128 0x3
 548 00bc 0E       		.uleb128 0xe
 549 00bd 3A       		.uleb128 0x3a
 550 00be 21       		.uleb128 0x21
 551 00bf 06       		.sleb128 6
 552 00c0 3B       		.uleb128 0x3b
 553 00c1 0B       		.uleb128 0xb
 554 00c2 39       		.uleb128 0x39
 555 00c3 21       		.uleb128 0x21
 556 00c4 06       		.sleb128 6
 557 00c5 27       		.uleb128 0x27
 558 00c6 19       		.uleb128 0x19
 559 00c7 00       		.byte	0
 560 00c8 00       		.byte	0
 561 00c9 0F       		.uleb128 0xf
 562 00ca 2E       		.uleb128 0x2e
 563 00cb 01       		.byte	0x1
 564 00cc 03       		.uleb128 0x3
 565 00cd 0E       		.uleb128 0xe
 566 00ce 3A       		.uleb128 0x3a
 567 00cf 21       		.uleb128 0x21
 568 00d0 05       		.sleb128 5
 569 00d1 3B       		.uleb128 0x3b
 570 00d2 05       		.uleb128 0x5
ARM GAS  /tmp/cczIrbk5.s 			page 11


 571 00d3 39       		.uleb128 0x39
 572 00d4 21       		.uleb128 0x21
 573 00d5 14       		.sleb128 20
 574 00d6 27       		.uleb128 0x27
 575 00d7 19       		.uleb128 0x19
 576 00d8 01       		.uleb128 0x1
 577 00d9 13       		.uleb128 0x13
 578 00da 00       		.byte	0
 579 00db 00       		.byte	0
 580 00dc 10       		.uleb128 0x10
 581 00dd 05       		.uleb128 0x5
 582 00de 00       		.byte	0
 583 00df 03       		.uleb128 0x3
 584 00e0 0E       		.uleb128 0xe
 585 00e1 3A       		.uleb128 0x3a
 586 00e2 21       		.uleb128 0x21
 587 00e3 05       		.sleb128 5
 588 00e4 3B       		.uleb128 0x3b
 589 00e5 05       		.uleb128 0x5
 590 00e6 39       		.uleb128 0x39
 591 00e7 0B       		.uleb128 0xb
 592 00e8 49       		.uleb128 0x49
 593 00e9 13       		.uleb128 0x13
 594 00ea 00       		.byte	0
 595 00eb 00       		.byte	0
 596 00ec 11       		.uleb128 0x11
 597 00ed 11       		.uleb128 0x11
 598 00ee 01       		.byte	0x1
 599 00ef 25       		.uleb128 0x25
 600 00f0 0E       		.uleb128 0xe
 601 00f1 13       		.uleb128 0x13
 602 00f2 0B       		.uleb128 0xb
 603 00f3 03       		.uleb128 0x3
 604 00f4 0E       		.uleb128 0xe
 605 00f5 1B       		.uleb128 0x1b
 606 00f6 0E       		.uleb128 0xe
 607 00f7 10       		.uleb128 0x10
 608 00f8 17       		.uleb128 0x17
 609 00f9 00       		.byte	0
 610 00fa 00       		.byte	0
 611 00fb 12       		.uleb128 0x12
 612 00fc 24       		.uleb128 0x24
 613 00fd 00       		.byte	0
 614 00fe 0B       		.uleb128 0xb
 615 00ff 0B       		.uleb128 0xb
 616 0100 3E       		.uleb128 0x3e
 617 0101 0B       		.uleb128 0xb
 618 0102 03       		.uleb128 0x3
 619 0103 08       		.uleb128 0x8
 620 0104 00       		.byte	0
 621 0105 00       		.byte	0
 622 0106 13       		.uleb128 0x13
 623 0107 13       		.uleb128 0x13
 624 0108 01       		.byte	0x1
 625 0109 0B       		.uleb128 0xb
 626 010a 0B       		.uleb128 0xb
 627 010b 3A       		.uleb128 0x3a
ARM GAS  /tmp/cczIrbk5.s 			page 12


 628 010c 0B       		.uleb128 0xb
 629 010d 3B       		.uleb128 0x3b
 630 010e 05       		.uleb128 0x5
 631 010f 39       		.uleb128 0x39
 632 0110 0B       		.uleb128 0xb
 633 0111 01       		.uleb128 0x1
 634 0112 13       		.uleb128 0x13
 635 0113 00       		.byte	0
 636 0114 00       		.byte	0
 637 0115 14       		.uleb128 0x14
 638 0116 16       		.uleb128 0x16
 639 0117 00       		.byte	0
 640 0118 03       		.uleb128 0x3
 641 0119 0E       		.uleb128 0xe
 642 011a 3A       		.uleb128 0x3a
 643 011b 0B       		.uleb128 0xb
 644 011c 3B       		.uleb128 0x3b
 645 011d 05       		.uleb128 0x5
 646 011e 39       		.uleb128 0x39
 647 011f 0B       		.uleb128 0xb
 648 0120 49       		.uleb128 0x49
 649 0121 13       		.uleb128 0x13
 650 0122 00       		.byte	0
 651 0123 00       		.byte	0
 652 0124 15       		.uleb128 0x15
 653 0125 2E       		.uleb128 0x2e
 654 0126 00       		.byte	0
 655 0127 3F       		.uleb128 0x3f
 656 0128 19       		.uleb128 0x19
 657 0129 03       		.uleb128 0x3
 658 012a 0E       		.uleb128 0xe
 659 012b 3A       		.uleb128 0x3a
 660 012c 0B       		.uleb128 0xb
 661 012d 3B       		.uleb128 0x3b
 662 012e 05       		.uleb128 0x5
 663 012f 39       		.uleb128 0x39
 664 0130 0B       		.uleb128 0xb
 665 0131 27       		.uleb128 0x27
 666 0132 19       		.uleb128 0x19
 667 0133 3C       		.uleb128 0x3c
 668 0134 19       		.uleb128 0x19
 669 0135 00       		.byte	0
 670 0136 00       		.byte	0
 671 0137 16       		.uleb128 0x16
 672 0138 2E       		.uleb128 0x2e
 673 0139 01       		.byte	0x1
 674 013a 3F       		.uleb128 0x3f
 675 013b 19       		.uleb128 0x19
 676 013c 03       		.uleb128 0x3
 677 013d 0E       		.uleb128 0xe
 678 013e 3A       		.uleb128 0x3a
 679 013f 0B       		.uleb128 0xb
 680 0140 3B       		.uleb128 0x3b
 681 0141 0B       		.uleb128 0xb
 682 0142 39       		.uleb128 0x39
 683 0143 0B       		.uleb128 0xb
 684 0144 27       		.uleb128 0x27
ARM GAS  /tmp/cczIrbk5.s 			page 13


 685 0145 19       		.uleb128 0x19
 686 0146 49       		.uleb128 0x49
 687 0147 13       		.uleb128 0x13
 688 0148 01       		.uleb128 0x1
 689 0149 13       		.uleb128 0x13
 690 014a 00       		.byte	0
 691 014b 00       		.byte	0
 692 014c 17       		.uleb128 0x17
 693 014d 2E       		.uleb128 0x2e
 694 014e 00       		.byte	0
 695 014f 03       		.uleb128 0x3
 696 0150 0E       		.uleb128 0xe
 697 0151 3A       		.uleb128 0x3a
 698 0152 0B       		.uleb128 0xb
 699 0153 3B       		.uleb128 0x3b
 700 0154 05       		.uleb128 0x5
 701 0155 39       		.uleb128 0x39
 702 0156 0B       		.uleb128 0xb
 703 0157 27       		.uleb128 0x27
 704 0158 19       		.uleb128 0x19
 705 0159 00       		.byte	0
 706 015a 00       		.byte	0
 707 015b 00       		.byte	0
 708              		.section	.gnu.debuglto_.debug_line,"e",%progbits
 709              	.Ldebug_line0:
 710 0000 63000000 		.4byte	.LELT0-.LSLT0
 711              	.LSLT0:
 712 0004 0500     		.2byte	0x5
 713 0006 04       		.byte	0x4
 714 0007 00       		.byte	0
 715 0008 5B000000 		.4byte	.LELTP0-.LASLTP0
 716              	.LASLTP0:
 717 000c 01       		.byte	0x1
 718 000d 01       		.byte	0x1
 719 000e 01       		.byte	0x1
 720 000f F6       		.byte	0xf6
 721 0010 F2       		.byte	0xf2
 722 0011 0D       		.byte	0xd
 723 0012 00       		.byte	0
 724 0013 01       		.byte	0x1
 725 0014 01       		.byte	0x1
 726 0015 01       		.byte	0x1
 727 0016 01       		.byte	0x1
 728 0017 00       		.byte	0
 729 0018 00       		.byte	0
 730 0019 00       		.byte	0
 731 001a 01       		.byte	0x1
 732 001b 00       		.byte	0
 733 001c 00       		.byte	0
 734 001d 01       		.byte	0x1
 735 001e 01       		.byte	0x1
 736 001f 01       		.uleb128 0x1
 737 0020 1F       		.uleb128 0x1f
 738 0021 07       		.uleb128 0x7
 739 0022 1D010000 		.4byte	.LASF44
 740 0026 0A000000 		.4byte	.LASF45
 741 002a 85010000 		.4byte	.LASF46
ARM GAS  /tmp/cczIrbk5.s 			page 14


 742 002e B9000000 		.4byte	.LASF47
 743 0032 97000000 		.4byte	.LASF48
 744 0036 74000000 		.4byte	.LASF49
 745 003a 4C000000 		.4byte	.LASF50
 746 003e 02       		.byte	0x2
 747 003f 01       		.uleb128 0x1
 748 0040 1F       		.uleb128 0x1f
 749 0041 02       		.uleb128 0x2
 750 0042 0B       		.uleb128 0xb
 751 0043 07       		.uleb128 0x7
 752 0044 D8000000 		.4byte	.LASF51
 753 0048 00       		.byte	0
 754 0049 0C010000 		.4byte	.LASF52
 755 004d 05       		.byte	0x5
 756 004e 00000000 		.4byte	.LASF53
 757 0052 06       		.byte	0x6
 758 0053 6B000000 		.4byte	.LASF54
 759 0057 04       		.byte	0x4
 760 0058 00010000 		.4byte	.LASF55
 761 005c 02       		.byte	0x2
 762 005d 3F000000 		.4byte	.LASF56
 763 0061 01       		.byte	0x1
 764 0062 B6010000 		.4byte	.LASF57
 765 0066 03       		.byte	0x3
 766              	.LELTP0:
 767              	.LELT0:
 768              		.section	.gnu.debuglto_.debug_str,"eMS",%progbits,1
 769              	.LASF20:
 770 0000 42445452 		.ascii	"BDTR\000"
 770      00
 771              	.LASF39:
 772 0005 474E5520 		.ascii	"GNU C17 14.1.0 -mcpu=cortex-m4 -mthumb -mfloat-abi="
 772      43313720 
 772      31342E31 
 772      2E30202D 
 772      6D637075 
 773 0038 736F6674 		.ascii	"soft -march=armv7e-m -ggdb -O2 -fomit-frame-pointer"
 773      202D6D61 
 773      7263683D 
 773      61726D76 
 773      37652D6D 
 774 006b 202D6661 		.ascii	" -falign-functions=16 -ffunction-sections -fdata-se"
 774      6C69676E 
 774      2D66756E 
 774      6374696F 
 774      6E733D31 
 775 009e 6374696F 		.ascii	"ctions -fno-common -flto\000"
 775      6E73202D 
 775      666E6F2D 
 775      636F6D6D 
 775      6F6E202D 
 776              	.LASF26:
 777 00b7 73744973 		.ascii	"stIsAlarmActive\000"
 777      416C6172 
 777      6D416374 
 777      69766500 
 778              	.LASF31:
ARM GAS  /tmp/cczIrbk5.s 			page 15


 779 00c7 73744765 		.ascii	"stGetCounter\000"
 779      74436F75 
 779      6E746572 
 779      00
 780              	.LASF13:
 781 00d4 73797374 		.ascii	"systime_t\000"
 781      696D655F 
 781      7400
 782              	.LASF6:
 783 00de 73686F72 		.ascii	"short unsigned int\000"
 783      7420756E 
 783      7369676E 
 783      65642069 
 783      6E7400
 784              	.LASF25:
 785 00f1 73745F6C 		.ascii	"st_lld_init\000"
 785      6C645F69 
 785      6E697400 
 786              	.LASF5:
 787 00fd 73686F72 		.ascii	"short int\000"
 787      7420696E 
 787      7400
 788              	.LASF43:
 789 0107 73745F6C 		.ascii	"st_lld_stop_alarm\000"
 789      6C645F73 
 789      746F705F 
 789      616C6172 
 789      6D00
 790              	.LASF34:
 791 0119 73745F6C 		.ascii	"st_lld_is_alarm_active\000"
 791      6C645F69 
 791      735F616C 
 791      61726D5F 
 791      61637469 
 792              	.LASF24:
 793 0130 73746D33 		.ascii	"stm32_tim_t\000"
 793      325F7469 
 793      6D5F7400 
 794              	.LASF40:
 795 013c 2E2E2F2E 		.ascii	"../../chibios_trunk/os/hal/src/hal_st.c\000"
 795      2E2F6368 
 795      6962696F 
 795      735F7472 
 795      756E6B2F 
 796              	.LASF16:
 797 0164 44494552 		.ascii	"DIER\000"
 797      00
 798              	.LASF27:
 799 0169 5F5F6675 		.ascii	"__func__\000"
 799      6E635F5F 
 799      00
 800              	.LASF37:
 801 0172 73745F6C 		.ascii	"st_lld_start_alarm\000"
 801      6C645F73 
 801      74617274 
 801      5F616C61 
 801      726D00
ARM GAS  /tmp/cczIrbk5.s 			page 16


 802              	.LASF30:
 803 0185 61627374 		.ascii	"abstime\000"
 803      696D6500 
 804              	.LASF4:
 805 018d 756E7369 		.ascii	"unsigned char\000"
 805      676E6564 
 805      20636861 
 805      7200
 806              	.LASF8:
 807 019b 6C6F6E67 		.ascii	"long unsigned int\000"
 807      20756E73 
 807      69676E65 
 807      6420696E 
 807      7400
 808              	.LASF36:
 809 01ad 73745F6C 		.ascii	"st_lld_set_alarm\000"
 809      6C645F73 
 809      65745F61 
 809      6C61726D 
 809      00
 810              	.LASF10:
 811 01be 5F5F7569 		.ascii	"__uint32_t\000"
 811      6E743332 
 811      5F7400
 812              	.LASF21:
 813 01c9 444D4152 		.ascii	"DMAR\000"
 813      00
 814              	.LASF41:
 815 01ce 2F686F6D 		.ascii	"/home/steve/culyun/dev-boards/blackpill/chibios/chi"
 815      652F7374 
 815      6576652F 
 815      63756C79 
 815      756E2F64 
 816 0201 62696F73 		.ascii	"bios_xsvf_player/firmware/F401-blackpill_XSVF_Playe"
 816      5F787376 
 816      665F706C 
 816      61796572 
 816      2F666972 
 817 0234 7200     		.ascii	"r\000"
 818              	.LASF32:
 819 0236 73745374 		.ascii	"stStopAlarm\000"
 819      6F70416C 
 819      61726D00 
 820              	.LASF38:
 821 0242 73745F6C 		.ascii	"st_lld_get_counter\000"
 821      6C645F67 
 821      65745F63 
 821      6F756E74 
 821      657200
 822              	.LASF0:
 823 0255 756E7369 		.ascii	"unsigned int\000"
 823      676E6564 
 823      20696E74 
 823      00
 824              	.LASF12:
 825 0262 63686172 		.ascii	"char\000"
 825      00
ARM GAS  /tmp/cczIrbk5.s 			page 17


 826              	.LASF29:
 827 0267 73745374 		.ascii	"stStartAlarm\000"
 827      61727441 
 827      6C61726D 
 827      00
 828              	.LASF28:
 829 0274 73745365 		.ascii	"stSetAlarm\000"
 829      74416C61 
 829      726D00
 830              	.LASF33:
 831 027f 7374496E 		.ascii	"stInit\000"
 831      697400
 832              	.LASF1:
 833 0286 6C6F6E67 		.ascii	"long long int\000"
 833      206C6F6E 
 833      6720696E 
 833      7400
 834              	.LASF35:
 835 0294 73745F6C 		.ascii	"st_lld_get_alarm\000"
 835      6C645F67 
 835      65745F61 
 835      6C61726D 
 835      00
 836              	.LASF19:
 837 02a5 43434552 		.ascii	"CCER\000"
 837      00
 838              	.LASF15:
 839 02aa 534D4352 		.ascii	"SMCR\000"
 839      00
 840              	.LASF17:
 841 02af 43434D52 		.ascii	"CCMR1\000"
 841      3100
 842              	.LASF18:
 843 02b5 43434D52 		.ascii	"CCMR2\000"
 843      3200
 844              	.LASF22:
 845 02bb 43434D52 		.ascii	"CCMR3\000"
 845      3300
 846              	.LASF11:
 847 02c1 75696E74 		.ascii	"uint32_t\000"
 847      33325F74 
 847      00
 848              	.LASF7:
 849 02ca 6C6F6E67 		.ascii	"long int\000"
 849      20696E74 
 849      00
 850              	.LASF2:
 851 02d3 6C6F6E67 		.ascii	"long double\000"
 851      20646F75 
 851      626C6500 
 852              	.LASF3:
 853 02df 7369676E 		.ascii	"signed char\000"
 853      65642063 
 853      68617200 
 854              	.LASF14:
 855 02eb 5F426F6F 		.ascii	"_Bool\000"
 855      6C00
ARM GAS  /tmp/cczIrbk5.s 			page 18


 856              	.LASF9:
 857 02f1 6C6F6E67 		.ascii	"long long unsigned int\000"
 857      206C6F6E 
 857      6720756E 
 857      7369676E 
 857      65642069 
 858              	.LASF23:
 859 0308 43435852 		.ascii	"CCXR\000"
 859      00
 860              	.LASF42:
 861 030d 73744765 		.ascii	"stGetAlarm\000"
 861      74416C61 
 861      726D00
 862              		.section	.gnu.debuglto_.debug_line_str,"eMS",%progbits,1
 863              	.LASF53:
 864 0000 5F737464 		.ascii	"_stdint.h\000"
 864      696E742E 
 864      6800
 865              	.LASF45:
 866 000a 2E2E2F2E 		.ascii	"../../chibios_trunk/os/hal/ports/STM32/LLD/SYSTICKv"
 866      2E2F6368 
 866      6962696F 
 866      735F7472 
 866      756E6B2F 
 867 003d 3100     		.ascii	"1\000"
 868              	.LASF56:
 869 003f 68616C5F 		.ascii	"hal_st_lld.h\000"
 869      73745F6C 
 869      6C642E68 
 869      00
 870              	.LASF50:
 871 004c 2F757372 		.ascii	"/usr/arm-none-eabi/include/sys\000"
 871      2F61726D 
 871      2D6E6F6E 
 871      652D6561 
 871      62692F69 
 872              	.LASF54:
 873 006b 63687469 		.ascii	"chtime.h\000"
 873      6D652E68 
 873      00
 874              	.LASF49:
 875 0074 2F757372 		.ascii	"/usr/arm-none-eabi/include/machine\000"
 875      2F61726D 
 875      2D6E6F6E 
 875      652D6561 
 875      62692F69 
 876              	.LASF48:
 877 0097 2E2E2F2E 		.ascii	"../../chibios_trunk/os/rt/include\000"
 877      2E2F6368 
 877      6962696F 
 877      735F7472 
 877      756E6B2F 
 878              	.LASF47:
 879 00b9 2E2E2F2E 		.ascii	"../../chibios_trunk/os/hal/src\000"
 879      2E2F6368 
 879      6962696F 
 879      735F7472 
ARM GAS  /tmp/cczIrbk5.s 			page 19


 879      756E6B2F 
 880              	.LASF51:
 881 00d8 2E2E2F2E 		.ascii	"../../chibios_trunk/os/hal/src/hal_st.c\000"
 881      2E2F6368 
 881      6962696F 
 881      735F7472 
 881      756E6B2F 
 882              	.LASF55:
 883 0100 73746D33 		.ascii	"stm32_tim.h\000"
 883      325F7469 
 883      6D2E6800 
 884              	.LASF52:
 885 010c 5F646566 		.ascii	"_default_types.h\000"
 885      61756C74 
 885      5F747970 
 885      65732E68 
 885      00
 886              	.LASF44:
 887 011d 2F686F6D 		.ascii	"/home/steve/culyun/dev-boards/blackpill/chibios/chi"
 887      652F7374 
 887      6576652F 
 887      63756C79 
 887      756E2F64 
 888 0150 62696F73 		.ascii	"bios_xsvf_player/firmware/F401-blackpill_XSVF_Playe"
 888      5F787376 
 888      665F706C 
 888      61796572 
 888      2F666972 
 889 0183 7200     		.ascii	"r\000"
 890              	.LASF46:
 891 0185 2E2E2F2E 		.ascii	"../../chibios_trunk/os/hal/ports/STM32/LLD/TIMv1\000"
 891      2E2F6368 
 891      6962696F 
 891      735F7472 
 891      756E6B2F 
 892              	.LASF57:
 893 01b6 68616C5F 		.ascii	"hal_st.c\000"
 893      73742E63 
 893      00
 894              		.text
 895              		.section	.gnu.lto_.profile.c888f00bd962b9a7,"e",%progbits
 896 0000 28B52FFD 		.ascii	"(\265/\375 \0061\000\000\002\000\000\000\000\000"
 896      20063100 
 896      00020000 
 896      000000
 897              		.text
 898              		.section	.gnu.lto_.icf.c888f00bd962b9a7,"e",%progbits
 899 0000 28B52FFD 		.ascii	"(\265/\375 _}\002\000\324\003S\000\007\000\202\377\317"
 899      205F7D02 
 899      00D40353 
 899      00070082 
 899      FFCF
 900 0012 FC0C0001 		.ascii	"\374\014\000\001\240\324\357\264\010\002\002\000\002"
 900      A0D4EFB4 
 900      08020200 
 900      02
 901 001f 0102C190 		.ascii	"\001\002\301\220\325\245\015\006\000\002\001\003\252"
ARM GAS  /tmp/cczIrbk5.s 			page 20


 901      D5A50D06 
 901      00020103 
 901      AA
 902 002c A9EACB04 		.ascii	"\251\352\313\004\301\342\203\302\004\002\005\314\372"
 902      C1E283C2 
 902      040205CC 
 902      FA
 903 0039 87A00306 		.ascii	"\207\240\003\006\221\363\377\304\017\002\002\000\002"
 903      91F3FFC4 
 903      0F020200 
 903      02
 904 0046 01000600 		.ascii	"\001\000\006\0009\245\200`\202\032\226\031A\227;6\320"
 904      39A58060 
 904      821A9619 
 904      41973B36 
 904      D0
 905 0057 06       		.ascii	"\006"
 906              		.text
 907              		.section	.gnu.lto_.ipa_sra.c888f00bd962b9a7,"e",%progbits
 908 0000 28B52FFD 		.ascii	"(\265/\375 -\035\001\000\310!\000\007\000\000\001\000"
 908      202D1D01 
 908      00C82100 
 908      07000001 
 908      00
 909 0011 01010003 		.ascii	"\001\001\000\003\002\001\001\003\000\001\004\005\000"
 909      02010103 
 909      00010405 
 909      00
 910 001e 03060003 		.ascii	"\003\006\000\003\000\003\000-\243o\006\277\001,"
 910      0003002D 
 910      A36F06BF 
 910      012C
 911              		.text
 912              		.section	.gnu.lto_.inline.c888f00bd962b9a7,"e",%progbits
 913 0000 28B52FFD 		.ascii	"(\265/\375`\020\000\355\002\000T\003\004\001\000\007"
 913      601000ED 
 913      02005403 
 913      04010007 
 914 0010 00000480 		.ascii	"\000\000\004\200\200\200\200\003f\001\000\000\002\000"
 914      80808003 
 914      66010000 
 914      0200
 915 001e 00818080 		.ascii	"\000\201\200\200\200~\000\000\006\002d\002\000\000\001"
 915      807E0000 
 915      06026402 
 915      000001
 916 002d 0A640202 		.ascii	"\012d\002\002c\002\300\002e\001\000\000\002\003d\003"
 916      6302C002 
 916      65010000 
 916      02036403 
 917 003d 04050600 		.ascii	"\004\005\006\000\017\000&\206\024\200<GIf\011\2448\012"
 917      0F002686 
 917      14803C47 
 917      496609A4 
 917      380A
 918 004f B1CFB3AE 		.ascii	"\261\317\263\256\332\333\024\242K0\020\244\251\004)"
 918      DADB14A2 
ARM GAS  /tmp/cczIrbk5.s 			page 21


 918      4B3010A4 
 918      A90429
 919 005e 4D6CEEE0 		.ascii	"Ml\356\340\346\032\032p\003"
 919      E61A1A70 
 919      03
 920              		.text
 921              		.section	.gnu.lto_.jmpfuncs.c888f00bd962b9a7,"e",%progbits
 922 0000 28B52FFD 		.ascii	"(\265/\375 ,\025\001\000\300 \000\007\001\000\000\002"
 922      202C1501 
 922      00C02000 
 922      07010000 
 922      02
 923 0011 0101037F 		.ascii	"\001\001\003\177\002\002\003\000\000\004\005\000\000"
 923      02020300 
 923      00040500 
 923      00
 924 001e 06000000 		.ascii	"\006\000\000\000\003\000`\264%\334\015`\001"
 924      030060B4 
 924      25DC0D60 
 924      01
 925              		.text
 926              		.section	.gnu.lto_.pureconst.c888f00bd962b9a7,"e",%progbits
 927 0000 28B52FFD 		.ascii	"(\265/\375 \032\321\000\000\026\000\000\000\007\000"
 927      201AD100 
 927      00160000 
 927      000700
 928 000f 9804019A 		.ascii	"\230\004\001\232\004\002\232\004\003\232\004\004\232"
 928      04029A04 
 928      039A0404 
 928      9A
 929 001c 04059A04 		.ascii	"\004\005\232\004\006\232\004"
 929      069A04
 930              		.text
 931              		.section	.gnu.lto_.ipa_modref.c888f00bd962b9a7,"e",%progbits
 932 0000 28B52FFD 		.ascii	"(\265/\375 \204\255\001\000\320x\000\007\000\001\001"
 932      2084AD01 
 932      00D07800 
 932      07000101 
 933 0010 02030001 		.ascii	"\002\003\000\001\002\004\006\002\006\003\004\005\000"
 933      02040602 
 933      06030405 
 933      00
 934 001d 00060600 		.ascii	"\000\006\006\000\000\006\000\013\000@\322U\000\200="
 934      0006000B 
 934      0040D255 
 934      00803D
 935 002c 30B39A73 		.ascii	"0\263\232s\337d[\323\360K\033\313\272@\343\015`\001"
 935      DF645BD3 
 935      F04B1BCB 
 935      BA40E30D 
 935      6001
 936              		.text
 937              		.section	.gnu.lto_.lto.c888f00bd962b9a7,"e",%progbits
 938 0000 0E000000 		.ascii	"\016\000\000\000\001\000\001\000"
 938      01000100 
 939              		.text
 940              		.section	.gnu.lto_stInit.387.c888f00bd962b9a7,"e",%progbits
ARM GAS  /tmp/cczIrbk5.s 			page 22


 941 0000 28B52FFD 		.ascii	"(\265/\375`B\000}\010\000\262\317:8P\215\322\001\244"
 941      6042007D 
 941      0800B2CF 
 941      3A38508D 
 941      D201A4
 942 0013 61C404D2 		.ascii	"a\304\004\322\3314\312\326\266h\015\350\020\307\255"
 942      D934CAD6 
 942      B6680DE8 
 942      10C7AD
 943 0022 5D7F28DA 		.ascii	"]\177(\332\353b\305\370\204\334W~\333\036\263\355FH"
 943      EB62C5F8 
 943      84DC577E 
 943      DB1EB3ED 
 943      4648
 944 0034 918021FB 		.ascii	"\221\200!\373\304\022\242\225\275\314d\351\2211\262"
 944      C412A295 
 944      BDCC64E9 
 944      9131B2
 945 0043 7BCB14D7 		.ascii	"{\313\024\327,\257^\032\255<\261\215k\307\034\317G="
 945      2CAF5E1A 
 945      AD3CB18D 
 945      6BC71CCF 
 945      473D
 946 0055 CB62CB42 		.ascii	"\313b\313B8\303\225qhx\270.\011\030\205\014K\212At("
 946      38C39571 
 946      6878B82E 
 946      0918850C 
 946      4B8A4174 
 947 006a B7612A43 		.ascii	"\267a*C\330\374\\\033P\215\270j\307e\334\246\361\234"
 947      D8FC5C1B 
 947      508DB86A 
 947      C765DCA6 
 947      F19C
 948 007c DC87A361 		.ascii	"\334\207\243a3\343\252\241X\227]@R\303\236/4?\215%H"
 948      33E3AAA1 
 948      58975D40 
 948      52C39E2F 
 948      343F8D25 
 949 0091 7A9565A7 		.ascii	"z\225e\247\333x\373\237\352\265tD\375\246\024\025)V"
 949      DB78FB9F 
 949      EAB57444 
 949      FDA61415 
 949      2956
 950 00a3 3CC25F62 		.ascii	"<\302_b\002\256\305\015(\"\351\321\204\"\322P\345\251"
 950      02AEC50D 
 950      2822E9D1 
 950      8422D250 
 950      E5A9
 951 00b5 118C1C5F 		.ascii	"\021\214\034_KG\324\037a\306\311\226H\2725VV\255\002"
 951      4B47D41F 
 951      61C6C996 
 951      48BA3556 
 951      56AD02
 952 00c8 08F1F8BF 		.ascii	"\010\361\370\277\003\027\375%\004\244T\013\214l\230"
 952      0317FD25 
 952      04A4540B 
 952      8C6C98
ARM GAS  /tmp/cczIrbk5.s 			page 23


 953 00d7 80ACBA1B 		.ascii	"\200\254\272\033\023;V\264P\364\335\217-(\235F\013\003"
 953      133B56B4 
 953      50F4DD8F 
 953      2D289D46 
 953      0B03
 954 00e9 16BAFBB0 		.ascii	"\026\272\373\260t\272\330\307\375\177\360\037\343\177"
 954      74BAD8C7 
 954      FD7FF01F 
 954      E37F
 955 00f7 070C0056 		.ascii	"\007\014\000Va\011\241\314Q\327|U\031\270\242]\260\310"
 955      6109A1CC 
 955      51D77C55 
 955      19B8A25D 
 955      B0C8
 956 0109 684278AD 		.ascii	"hBx\2551i!\214\227!\300\245[\264\363\011"
 956      3169218C 
 956      9721C0A5 
 956      5BB4F309 
 957              		.text
 958              		.section	.gnu.lto_stGetCounter.388.c888f00bd962b9a7,"e",%progbits
 959 0000 28B52FFD 		.ascii	"(\265/\375`\374\000m\015\000VX^G\360\2606\035\260-}"
 959      60FC006D 
 959      0D005658 
 959      5E47F0B0 
 959      361DB02D 
 960 0015 0AC784FD 		.ascii	"\012\307\204\375E\"s\350<\211\032\236\234j\037\206#"
 960      452273E8 
 960      3C891A9E 
 960      9C6A1F86 
 960      23
 961 0026 D399C25A 		.ascii	"\323\231\302Z\364\0353\2418L\244\340\267\377k1cg\264"
 961      F41D33A1 
 961      384CA4E0 
 961      B7FF6B31 
 961      6367B4
 962 0039 B18DA6F2 		.ascii	"\261\215\246\362\003\242\263\234\014`\312!\343>f\344"
 962      03A2B39C 
 962      0C60CA21 
 962      E33E66E4 
 963 0049 E29821D8 		.ascii	"\342\230!\330\345u\203kB\366N)E\000L\000J\000\276\015"
 963      E575836B 
 963      42F64E29 
 963      45004C00 
 963      4A00BE0D 
 964 005d 8BED3976 		.ascii	"\213\3559v\273\305\366\3704G\321b\3245\252j\\LrZ7X\350"
 964      BBC5F6F8 
 964      3447D162 
 964      D435AA6A 
 964      5C4C725A 
 965 0074 EC8E1F06 		.ascii	"\354\216\037\006N ;v}@vl\316\034u\211\362\277z\000\033"
 965      4E203B76 
 965      7D40766C 
 965      CE1C7589 
 965      F2BF7A00 
 966 0089 AB0E3029 		.ascii	"\253\0160)\227K\000\016v\327\022&\305\341\236\267\215"
 966      974B000E 
 966      76D71226 
ARM GAS  /tmp/cczIrbk5.s 			page 24


 966      C5E19EB7 
 966      8D
 967 009a C0360CDB 		.ascii	"\3006\014\333:\002#\216]{\312N\33119\013\210hq3\327"
 967      3A02238E 
 967      5D7BCA4E 
 967      D931390B 
 967      88687133 
 968 00af 675D9AC0 		.ascii	"g]\232\300\241\241\261r'A\012\247\304L+G@\210\225;\036"
 968      A1A1B172 
 968      27410AA7 
 968      C44C2B47 
 968      4088953B 
 969 00c4 33C8A9F2 		.ascii	"3\310\251\362\257\2352\366\224\226S\306\274X\321\012"
 969      AF9D32F6 
 969      949653C6 
 969      BC58D10A 
 970 00d4 C1B1FB61 		.ascii	"\301\261\373a\207\316\316\300\\\220\360m\316by\2153"
 970      87CECEC0 
 970      5C90F06D 
 970      CE62798D 
 970      33
 971 00e5 15314EEC 		.ascii	"\0251N\354\256\347X[\015E \321\327Q\020\024\215P:\016"
 971      AEE7585B 
 971      0D4520D1 
 971      D7511014 
 971      8D503A0E 
 972 00f9 04D11A12 		.ascii	"\004\321\032\022\271\020\344a\362BT\245\264\002\226"
 972      B910E461 
 972      F24254A5 
 972      B40296
 973 0108 3AEA993C 		.ascii	":\352\231<R\245^J\370\321\317\366\370\362)c\333r~\365"
 973      52A55E4A 
 973      F8D1CFF6 
 973      F8F22963 
 973      DB727EF5 
 974 011c 031E36D4 		.ascii	"\003\0366\324\210\221\221\343ej\360Y\276\360\233:\242"
 974      889191E3 
 974      656AF059 
 974      BEF09B3A 
 974      A2
 975 012d DA05D1C0 		.ascii	"\332\005\321\300\037\237\242\344\007\376\264\020\010"
 975      1F9FA2E4 
 975      07FEB410 
 975      08
 976 013a 6E202609 		.ascii	"n &\011\020FJ>\026>4\002\011\011]\0202\241\344C+I\014"
 976      10464A3E 
 976      163E3402 
 976      09095D10 
 976      32A1E443 
 977 0151 470FDC69 		.ascii	"G\017\334i\244\272ub\245 \367\321\032R\024\225\222H"
 977      A4BA7562 
 977      A520F7D1 
 977      1A521495 
 977      9248
 978 0163 D234AA69 		.ascii	"\3224\252i\012La\023\251\3601\331<@>\030\210PO\344N"
 978      0A4C6113 
 978      A9F031D9 
ARM GAS  /tmp/cczIrbk5.s 			page 25


 978      3C403E18 
 978      88504FE4 
 979 0178 29A2E884 		.ascii	")\242\350\204\212\336\012\007\216\266\023S\305\020\022"
 979      8ADE0A07 
 979      8EB61353 
 979      C51012
 980 0187 0009211B 		.ascii	"\000\011!\033L\305\266ZK\010j\216j\346\253\364\260\025"
 980      4CC5B65A 
 980      4B086A8E 
 980      6AE6ABF4 
 980      B015
 981 0199 B2E1EAEC 		.ascii	"\262\341\352\354\242EC\217\300I\210\235\022xk\214\020"
 981      A245438F 
 981      C049889D 
 981      12786B8C 
 981      10
 982 01aa 1323AA78 		.ascii	"\023#\252x\012\025\231\270\323\246v\222\001"
 982      0A1599B8 
 982      D3A67692 
 982      01
 983              		.text
 984              		.section	.gnu.lto_stStartAlarm.389.c888f00bd962b9a7,"e",%progbits
 985 0000 28B52FFD 		.ascii	"(\265/\375`\003\002e\022\000\266\037yL\300\222q:P\031"
 985      60030265 
 985      1200B61F 
 985      794CC092 
 985      713A5019 
 986 0014 1E7A4FFB 		.ascii	"\036zO\373\2615\300\310B\244\364\252\\8\035\251\202"
 986      B135C0C8 
 986      42A4F4AA 
 986      5C381DA9 
 986      82
 987 0025 44442E2C 		.ascii	"DD.,{\026\323\315J4\362p\223N\207E{,\307d\203\031:D"
 987      7B16D3CD 
 987      4A34F270 
 987      934E8745 
 987      7B2CC764 
 988 003d 8476838B 		.ascii	"\204v\203\213\354\017\221\"#d}\271\030\325\3325(\037"
 988      EC0F9122 
 988      23647DB9 
 988      18D5DA35 
 988      281F
 989 004f 2B0A4270 		.ascii	"+\012Bp\261T\264\237\264$\003\\\000g\000d\000=J,\345"
 989      B154B49F 
 989      B424035C 
 989      00670064 
 989      003D4A2C 
 990 0064 FEF17F66 		.ascii	"\376\361\177f\230O\377~b6\005\335\304;\346\307\270\214"
 990      984FFF7E 
 990      623605DD 
 990      C43BE6C7 
 990      B88C
 991 0076 DA7B6818 		.ascii	"\332{h\030@w\316\310\216\3566\344\223(\371wr\003\340"
 991      4077CEC8 
 991      8EEE36E4 
 991      9328F977 
 991      7203E0
ARM GAS  /tmp/cczIrbk5.s 			page 26


 992 0089 3FD34DC0 		.ascii	"?\323M\300\177\\c6\012\300\266]\2424$$G\256\273S\274"
 992      7F5C6336 
 992      0AC0B65D 
 992      A2342424 
 992      47AEBB53 
 993 009e 16AFBDAB 		.ascii	"\026\257\275\253\361\357s\00268\037\336\221H\350n\356"
 993      F1EF7302 
 993      36381FDE 
 993      9148E86E 
 993      EE
 994 00af 6C70469C 		.ascii	"lpF\234\2753\263\002fFb>Q\357x\212xp\007:\003\240\""
 994      BD33B302 
 994      6646623E 
 994      51EF788A 
 994      7870073A 
 995 00c6 DB4E91A4 		.ascii	"\333N\221\244\316{\373\023\266[b\001G\270\003*\022x"
 995      CE7BFB13 
 995      B65B6201 
 995      47B8032A 
 995      1278
 996 00d8 374070DD 		.ascii	"7@p\335-q[\323y6\276\251\275\025\314\357\371;\260\323"
 996      2D715BD3 
 996      7936BEA9 
 996      BD15CCEF 
 996      F93BB0D3 
 997 00ec 210A1A8A 		.ascii	"!\012\032\212p\324\255s$\327B\037\017\027\374\237\337"
 997      70D4AD73 
 997      24D7421F 
 997      0F17FC9F 
 997      DF
 998 00fd 663E830F 		.ascii	"f>\203\017T*\301\350\356\323\333\001,\212\316\361B\374"
 998      542AC1E8 
 998      EED3DB01 
 998      2C8ACEF1 
 998      42FC
 999 010f 106194EB 		.ascii	"\020a\224\353nQ\377>\034og\336C\263\240k\202XH\0120"
 999      6E51FF3E 
 999      1C6F67DE 
 999      43B3A06B 
 999      8258480A 
 1000 0124 5739A2E4 		.ascii	"W9\242\344]MuLI\224\331i^\030\031\015\225\225\367\234"
 1000      5D4D754C 
 1000      4994D969 
 1000      5E18190D 
 1000      9595F79C 
 1001 0138 9DB1F59E 		.ascii	"\235\261\365\236\257\224uY\314\334\262\277A\022b=\020"
 1001      AF947559 
 1001      CCDCB2BF 
 1001      4112623D 
 1001      10
 1002 0149 BFCF4D6E 		.ascii	"\277\317Mn\214N\370\030\302\272\256\303\207\377\002"
 1002      8C4EF818 
 1002      C2BAAEC3 
 1002      87FF02
 1003 0158 7FE3F441 		.ascii	"\177\343\364A1*\033\221T\321\013\034\3527bP\020~\343"
 1003      312A1B91 
 1003      54D10B1C 
ARM GAS  /tmp/cczIrbk5.s 			page 27


 1003      EA376250 
 1003      107EE3
 1004 016b F5366408 		.ascii	"\3656d\010l\335)\036\320x\015\031\376\316?S\323@\032"
 1004      6CDD291E 
 1004      D0780D19 
 1004      FECE3F53 
 1004      D3401A
 1005 017e F84FC522 		.ascii	"\370O\305\"\347\3465\377\026\314\012M\024\025S3\014"
 1005      E7E635FF 
 1005      16CC0A4D 
 1005      14155333 
 1005      0C
 1006 018f 142EB8AC 		.ascii	"\024.\270\254:\254n\205\226\226\253\262\222\301eu\327"
 1006      3AAC6E85 
 1006      9696ABB2 
 1006      92C16575 
 1006      D7
 1007 01a0 989AC226 		.ascii	"\230\232\302&\260i\222\346\012\251\242\012\013\234\257"
 1007      B06992E6 
 1007      0AA9A20A 
 1007      0B9CAF
 1008 01af 566C2547 		.ascii	"Vl%G\022.\303\330*\226\352z\321\221u\327\364\272`dj"
 1008      122EC3D8 
 1008      2A96EA7A 
 1008      D19175D7 
 1008      F4BA6064 
 1009 01c4 2C0C6F18 		.ascii	",\014o\0306`\015\"\313\206\025\007\021%\225\342\200"
 1009      36600D22 
 1009      CB861507 
 1009      112595E2 
 1009      80
 1010 01d5 E59EEA28 		.ascii	"\345\236\352(\363R[/W=i#\012\023_f\253\007qM[d\213U"
 1010      F3525B2F 
 1010      573D6923 
 1010      0A135F66 
 1010      AB07714D 
 1011 01ed 5E146D05 		.ascii	"^\024m\005* 0\002\302\030\264\036ug\343H\230\353_\255"
 1011      2A203002 
 1011      C218B41E 
 1011      7567E348 
 1011      98EB5FAD 
 1012 0201 0584749F 		.ascii	"\005\204t\2374\363U\217\332\220}#\013\011 \262Qj\022"
 1012      34F3558F 
 1012      DA907D23 
 1012      0B0920B2 
 1012      516A12
 1013 0214 4EEB1060 		.ascii	"N\353\020`\030\302u\013\327\217\300a\203A o\003j\204"
 1013      18C2750B 
 1013      D78FC061 
 1013      8341206F 
 1013      036A84
 1014 0227 060D8514 		.ascii	"\006\015\205\024^(\201c\033!\214\216\032?\012D\301\266"
 1014      5E288163 
 1014      1B218C8E 
 1014      1A3F0A44 
 1014      C1B6
 1015 0239 D0DB31BB 		.ascii	"\320\3331\273\211\361\215wd|A/~]\301\036m\375\224\304"
ARM GAS  /tmp/cczIrbk5.s 			page 28


 1015      89F18D77 
 1015      647C412F 
 1015      7E5DC11E 
 1015      6DFD94C4 
 1016 024d 12F0DC20 		.ascii	"\022\360\334 X\334\3422O"
 1016      58DCE232 
 1016      4F
 1017              		.text
 1018              		.section	.gnu.lto_stStopAlarm.390.c888f00bd962b9a7,"e",%progbits
 1019 0000 28B52FFD 		.ascii	"(\265/\375`\350\000\235\014\000f\026WE\000q\234\016"
 1019      60E8009D 
 1019      0C006616 
 1019      57450071 
 1019      9C0E
 1020 0012 E0A95335 		.ascii	"\340\251S5\244\353l\015)\010\265\346\231\374\236\322"
 1020      A4EB6C0D 
 1020      2908B5E6 
 1020      99FC9ED2 
 1021 0022 A21F9E9E 		.ascii	"\242\037\236\236\315\325KF\204'\277\321\323\012\234"
 1021      CDD54B46 
 1021      8427BFD1 
 1021      D30A9C
 1022 0031 A046D956 		.ascii	"\240F\331V\375\261\265\236@\023/\343\2173\"#F@\364\""
 1022      FDB1B59E 
 1022      40132FE3 
 1022      8F332223 
 1022      4640F422 
 1023 0045 FA8D3F80 		.ascii	"\372\215?\200\334%\227\313\255\326\320\3362\005@\000"
 1023      DC2597CB 
 1023      ADD6D0DE 
 1023      32054000 
 1024 0055 46004300 		.ascii	"F\000C\000(\214\012a\023\3372\220\350n\014Wg\224\220"
 1024      288C0A61 
 1024      13DF3290 
 1024      E86E0C57 
 1024      679490
 1025 0068 1FC31563 		.ascii	"\037\303\025c~\372S\001\306\262\001t(\251\341B\245\273"
 1025      7EFA5301 
 1025      C6B20174 
 1025      28A9E142 
 1025      A5BB
 1026 007a 37F4844F 		.ascii	"7\364\204O<Og.\301\002DF,\360\354P\320\335\237\"#\032"
 1026      3C4F672E 
 1026      C1024446 
 1026      2CF0EC50 
 1026      D0DD9F22 
 1027 0090 F894FF67 		.ascii	"\370\224\377g\376\303\370O#\011\316(8\205\351\374\201"
 1027      FEC3F84F 
 1027      2309CE28 
 1027      3885E9FC 
 1027      81
 1028 00a1 2B4B835C 		.ascii	"+K\203\\@.\\Y$\216\025\264\317(\236\"R#\010\250H\221"
 1028      402E5C59 
 1028      248E15B4 
 1028      CF289E22 
 1028      522308A8 
 1029 00b7 27326EF4 		.ascii	"'2n\364\\9%91\243\347\312\313\013\223\222gKS\223\237"
ARM GAS  /tmp/cczIrbk5.s 			page 29


 1029      5C392539 
 1029      31A3E7CA 
 1029      CB0B9392 
 1029      674B5393 
 1030 00cc 4E0F2C5A 		.ascii	"N\017,Z\214\031\020\335\034r\250tJ\365\"\304\177>\007"
 1030      8C1910DD 
 1030      1C72A874 
 1030      4AF522C4 
 1030      7F3E07
 1031 00df B68489C4 		.ascii	"\266\204\211\304[\001\273^\007\3528\255Z\333\225FZf"
 1031      5B01BB5E 
 1031      07EA38AD 
 1031      5ADB9546 
 1031      5A66
 1032 00f1 41F586BE 		.ascii	"A\365\206\276\314\003i\304-T=B\223\015\265\272\211\033"
 1032      CC0369C4 
 1032      2D543D42 
 1032      930DB5BA 
 1032      891B
 1033 0103 78EB46F2 		.ascii	"x\353F\362\270\312\375/G\246&'I\331\020\303\306H1\374"
 1033      B8CAFD2F 
 1033      47A62627 
 1033      49D910C3 
 1033      C64831FC 
 1034 0117 7C2F8C7A 		.ascii	"|/\214z\310\345\307\000\262\273$\347\254\220\265\030"
 1034      C8E5C700 
 1034      B2BB24E7 
 1034      AC90B518 
 1035 0127 477CC0C0 		.ascii	"G|\300\300\301\347\242p\325\006\036O5p\000\302\347\252"
 1035      C1E7A270 
 1035      D5061E4F 
 1035      357000C2 
 1035      E7AA
 1036 0139 17FCBCD2 		.ascii	"\027\374\274\322\202k\026x1\355\273\325f\\\275^\035"
 1036      826B1678 
 1036      31EDBBD5 
 1036      665CBD5E 
 1036      1D
 1037 014a 79841F68 		.ascii	"y\204\037hY\325\262\012<\002\326\221pM\3004\234\015"
 1037      59D5B20A 
 1037      3C02D691 
 1037      704DC034 
 1037      9C0D
 1038 015c 824EDDBE 		.ascii	"\202N\335\276\354\203\364u\242\372m\246,\024\000\011"
 1038      EC83F475 
 1038      A2FA6DA6 
 1038      2C140009 
 1039 016c 211B4CC5 		.ascii	"!\033L\305\266ZK\010j\216j\346\253\364\260\025\262\263"
 1039      B65A4B08 
 1039      6A8E6AE6 
 1039      ABF4B015 
 1039      B2B3
 1040 017e 9A868738 		.ascii	"\232\206\2078\330\342\311,\260:D\344\204}\340\300Zc"
 1040      D8E2C92C 
 1040      B03A44E4 
 1040      847DE0C0 
 1040      5A63
ARM GAS  /tmp/cczIrbk5.s 			page 30


 1041 0190 D643B841 		.ascii	"\326C\270AE\277\334\013.\335\242\235O"
 1041      45BFDC0B 
 1041      2EDDA29D 
 1041      4F
 1042              		.text
 1043              		.section	.gnu.lto_stSetAlarm.391.c888f00bd962b9a7,"e",%progbits
 1044 0000 28B52FFD 		.ascii	"(\265/\375`\255\001E\021\000V\336sK\320\2628\035\240"
 1044      60AD0145 
 1044      110056DE 
 1044      734BD0B2 
 1044      381DA0
 1045 0013 29753F63 		.ascii	")u?c\362\200\255\302\374\226\263\271\363hfIs@\325\246"
 1045      F280ADC2 
 1045      FC96B3B9 
 1045      F3686649 
 1045      7340D5A6 
 1046 0027 E13B4A31 		.ascii	"\341;J1q\177\220\262\334FH\240\007\224\370\257p\350"
 1046      717F90B2 
 1046      DC4648A0 
 1046      0794F8AF 
 1046      70E8
 1047 0039 2BC371E9 		.ascii	"+\303q\351u\325\242\023\226%\354T&\375\002\212\216\325"
 1047      75D5A213 
 1047      9625EC54 
 1047      26FD028A 
 1047      8ED5
 1048 004b DB74EF0E 		.ascii	"\333t\357\016\003\245\3519\222Z7\262\223\014W\000a\000"
 1048      03A5E939 
 1048      925A37B2 
 1048      930C5700 
 1048      6100
 1049 005d 6000201F 		.ascii	"`\000 \037\010\306<:\370\021\363\227\342#n\231\357\342"
 1049      08C63C3A 
 1049      F811F397 
 1049      E2236E99 
 1049      EFE2
 1050 006f 2F62AFD5 		.ascii	"/b\257\325\360H\267.\310\215\3565\344\207\000p\320\344"
 1050      F048B72E 
 1050      C88DEE35 
 1050      E4870070 
 1050      D0E4
 1051 0081 25A283DF 		.ascii	"%\242\203\337ID\0079\306<\024@]{DG(gC\327\335(\236\316"
 1051      49440739 
 1051      C63C1440 
 1051      5D7B4447 
 1051      286743D7 
 1052 0099 63B731FE 		.ascii	"c\2671\376}>@v\303\341V\004Bw\263\225\335\2008{gf\004"
 1052      7D3E4076 
 1052      C3E15604 
 1052      4277B395 
 1052      DD80387B 
 1053 00b0 CCFC83F9 		.ascii	"\314\374\203\371\036\002\266\034mG\010\020\353}\275"
 1053      1E02B61C 
 1053      6D470810 
 1053      EB7DBD
 1054 00bf 896A775C 		.ascii	"\211jw\\\362\203+\200\342\2007c\201k\273\343\325\306"
 1054      F2832B80 
ARM GAS  /tmp/cczIrbk5.s 			page 31


 1054      E2803763 
 1054      816BBBE3 
 1054      D5C6
 1055 00d1 7A34FED7 		.ascii	"z4\376\327^\016\363k\277\375\354\012\0305n\014zt\227"
 1055      5E0EF36B 
 1055      BFFDEC0A 
 1055      18356E0C 
 1055      7A7497
 1056 00e4 18A2EB20 		.ascii	"\030\242\353 \020\007\017\037\3507\330\177\3706\223"
 1056      10070F1F 
 1056      E837D87F 
 1056      F83693
 1057 00f3 A745778F 		.ascii	"\247Ew\217\276\012PM4\216'\323\361aH\327\275\222\016"
 1057      BE0A504D 
 1057      348E27D3 
 1057      F16148D7 
 1057      BD920E
 1058 0106 82395F61 		.ascii	"\2029_a\257\325$h\033\0364Ar\210\330\351\036\250\223"
 1058      AFD52468 
 1058      1B1E3441 
 1058      7288D8E9 
 1058      1EA893
 1059 0119 E99E276A 		.ascii	"\351\236'j\025c\032O\362\246%:\252\310\023\227Y^\231"
 1059      15631A4F 
 1059      F2A6253A 
 1059      AAC81397 
 1059      595E99
 1060 012c D6EB6C99 		.ascii	"\326\353l\231\256\3512Y\3515S\252\323=1\363\252~&\024"
 1060      AEE93259 
 1060      E93553AA 
 1060      D33D31F3 
 1060      AA7E2614 
 1061 0140 A47A1D7E 		.ascii	"\244z\035~\237\223\314j$v\370PI\247\261\201\364\340"
 1061      9F93CC6A 
 1061      2476F850 
 1061      49A7B181 
 1061      F4E0
 1062 0152 374E3FA3 		.ascii	"7N?\243e\200\326}\302A\214\313\230\341\357\034\374\372"
 1062      6580D67D 
 1062      C2418CCB 
 1062      98E1EF1C 
 1062      FCFA
 1063 0164 257A890E 		.ascii	"%z\211\016\262\250\300\271y\315\277\335\366\344zp\267"
 1063      B2A8C0B9 
 1063      79CDBFDD 
 1063      F6E47A70 
 1063      B7
 1064 0175 5D417C0A 		.ascii	"]A|\012\313\363\024S\\\025$Px)i(\335\011..We\305\302"
 1064      CBF31453 
 1064      5C152450 
 1064      78296928 
 1064      DD092E2E 
 1065 018d 4BE9A62C 		.ascii	"K\351\246,T\265\212\300eI\226+\244\012KH\300L\241X)"
 1065      54B58AC0 
 1065      6549962B 
 1065      A40A4B48 
 1065      C04CA158 
ARM GAS  /tmp/cczIrbk5.s 			page 32


 1066 01a2 398AB029 		.ascii	"9\212\260)d\245\242\011M\3579\236n\252\27212-\224\025"
 1066      64A5A209 
 1066      4DEF399E 
 1066      6EAABA31 
 1066      322D9415 
 1067 01b6 86370C17 		.ascii	"\2067\014\027\360\005\261\005C)\203x\222\202\322\240"
 1067      F005B105 
 1067      43298378 
 1067      9282D2A0 
 1068 01c6 E59AE838 		.ascii	"\345\232\3508\223BQ0\0275_\343\271\022a\\)\215\230\252"
 1068      93425130 
 1068      17355FE3 
 1068      B912615C 
 1068      298D98AA 
 1069 01da 50642320 		.ascii	"Pd#  \002\302$\263\033ug\343(\314\365\257\326\002\202"
 1069      2002C224 
 1069      B31B7567 
 1069      E328CCF5 
 1069      AFD60282 
 1070 01ee 749F36F3 		.ascii	"t\2376\363\205\0365E6#5\005`\022\345\353p\217\013\265"
 1070      851E3545 
 1070      36233505 
 1070      6012E5EB 
 1070      708F0BB5 
 1071 0202 4D034C21 		.ascii	"M\003L!6/\224\341\330-\004\326\021\354\307\206\310\330"
 1071      362F94E1 
 1071      D82D04D6 
 1071      11ECC786 
 1071      C8D8
 1072 0214 687B1DB3 		.ascii	"h{\035\263\373\030\337xG\342\013~\361\213\025\354\321"
 1072      FB18DF78 
 1072      47E20B7E 
 1072      F18B15EC 
 1072      D1
 1073 0225 569F92B5 		.ascii	"V\237\222\265\004\0346\010\213[\\\364\011"
 1073      041C3608 
 1073      8B5B5CF4 
 1073      09
 1074              		.text
 1075              		.section	.gnu.lto_stGetAlarm.392.c888f00bd962b9a7,"e",%progbits
 1076 0000 28B52FFD 		.ascii	"(\265/\375` \001e\016\000\204\030\030\001\000\000\326"
 1076      60200165 
 1076      0E008418 
 1076      18010000 
 1076      D6
 1077 0011 00000026 		.ascii	"\000\000\000&\000\000\000\001\003\000\001\222\221\212"
 1077      00000001 
 1077      03000192 
 1077      918A
 1078 001f 02008080 		.ascii	"\002\000\200\200\200@\007\002\001\201\221\212\367\331"
 1078      80400702 
 1078      0181918A 
 1078      F7D9
 1079 002d E80801BB 		.ascii	"\350\010\001\273\001\001\000\177\002\001\177\001\252"
 1079      0101007F 
 1079      02017F01 
 1079      AA
ARM GAS  /tmp/cczIrbk5.s 			page 33


 1080 003a 03050106 		.ascii	"\003\005\001\006\023\001\004\005\001\006\025\001 0\300"
 1080      13010405 
 1080      01061501 
 1080      2030C0
 1081 0049 8080F8CB 		.ascii	"\200\200\370\313\355\341\262Y\201\274\250\300\004\177"
 1081      EDE1B259 
 1081      81BCA8C0 
 1081      047F
 1082 0057 007DBA01 		.ascii	"\000}\272\001\271\001\000\013\000\000}\000\000\001\005"
 1082      B901000B 
 1082      00007D00 
 1082      000105
 1083 0066 010B0000 		.ascii	"\001\013\000\000{\275\001\000\005\001\013\200\200\200"
 1083      7BBD0100 
 1083      05010B80 
 1083      8080
 1084 0074 B8CFC506 		.ascii	"\270\317\305\006\000\274\001{\276\001\275\001\000\257"
 1084      00BC017B 
 1084      BE01BD01 
 1084      00AF
 1085 0082 D205E080 		.ascii	"\322\005\340\200\370\377\237\200\200\3562\302\307\303"
 1085      F8FF9F80 
 1085      80EE32C2 
 1085      C7C3
 1086 0090 AD020302 		.ascii	"\255\002\003\002\000\002\003\000\000\247\003\200\004"
 1086      00020300 
 1086      00A70380 
 1086      04
 1087 009d 0100A803 		.ascii	"\001\000\250\003\002\203\300\000\374\002\200\342\265"
 1087      0283C000 
 1087      FC0280E2 
 1087      B5
 1088 00aa 960322A2 		.ascii	"\226\003\"\242\026\342\276\363\341\252\370\355\221'"
 1088      16E2BEF3 
 1088      E1AAF8ED 
 1088      9127
 1089 00b8 A1EEB102 		.ascii	"\241\356\261\002\001\276\001\000\200\003\302\324\251"
 1089      01BE0100 
 1089      8003C2D4 
 1089      A9
 1090 00c5 1A030205 		.ascii	"\032\003\002\005\001\006w\006w\200\004\005\001\255\001"
 1090      01067706 
 1090      77800405 
 1090      01AD01
 1091 00d4 0075C101 		.ascii	"\000u\301\001\3007\241\200\200\250Is\302\001q\000\276"
 1091      C037A180 
 1091      80A84973 
 1091      C2017100 
 1091      BE
 1092 00e5 01394E6F 		.ascii	"\0019No\303\001,\000\204\003\202\360\333\235\274\226"
 1092      C3012C00 
 1092      840382F0 
 1092      DB9DBC96 
 1093 00f5 9A2201BB 		.ascii	"\232\"\001\273\001\003\002\247\003\001\202\300\000\000"
 1093      010302A7 
 1093      030182C0 
 1093      0000
ARM GAS  /tmp/cczIrbk5.s 			page 34


 1094 0103 00682F68 		.ascii	"\000h/home/steve/culyun/dev-boards/blackpill/chibio"
 1094      6F6D652F 
 1094      73746576 
 1094      652F6375 
 1094      6C79756E 
 1095 0133 735F7873 		.ascii	"s_xsvf_player/firmware/F401-_XSVF_P\000(../..trunk/"
 1095      76665F70 
 1095      6C617965 
 1095      722F6669 
 1095      726D7761 
 1096 0163 6F732F68 		.ascii	"os/hal/src_st.c\000Bports/STM32/LLD/SYSTICKv1_lld.h"
 1096      616C2F73 
 1096      72635F73 
 1096      742E6300 
 1096      42706F72 
 1097 0193 001A0009 		.ascii	"\000\032\000\011!\033L\305\266ZK\010j\216j\346\253\364"
 1097      211B4CC5 
 1097      B65A4B08 
 1097      6A8E6AE6 
 1097      ABF4
 1098 01a5 B015D947 		.ascii	"\260\025\331GLS\266\000,\023/\314P8\341\263\037\230"
 1098      4C53B600 
 1098      2C132FCC 
 1098      5038E1B3 
 1098      1F98
 1099 01b7 C3042F0D 		.ascii	"\303\004/\015\320\2050*\207S\014Q\214\255\330\336\032"
 1099      D085302A 
 1099      87530C51 
 1099      8CADD8DE 
 1099      1A
 1100 01c8 23C4C488 		.ascii	"#\304\304\210*\236BE&\356\264\251\235d"
 1100      2A9E4245 
 1100      26EEB4A9 
 1100      9D64
 1101              		.text
 1102              		.section	.gnu.lto_stIsAlarmActive.393.c888f00bd962b9a7,"e",%progbits
 1103 0000 28B52FFD 		.ascii	"(\265/\375`\023\001\345\015\0006\031aH\360\2606\035"
 1103      601301E5 
 1103      0D003619 
 1103      6148F0B0 
 1103      361D
 1104 0012 301B7A58 		.ascii	"0\033zX\323\233)\327\253w|\222\303\204\014F\356\313"
 1104      D39B29D7 
 1104      AB777C92 
 1104      C3840C46 
 1104      EECB
 1105 0024 CC183497 		.ascii	"\314\0304\227\374!nE\271\367\323\021\245\374\366\177"
 1105      FC216E45 
 1105      B9F7D311 
 1105      A5FCF67F 
 1106 0034 2D66DC03 		.ascii	"-f\334\003\330\323FS\371\341\020mCR\3513\345`\021q\344"
 1106      D8D34653 
 1106      F9E1106D 
 1106      4352E933 
 1106      E5601171 
 1107 0049 AB9EC3A2 		.ascii	"\253\236\303\242MP\203a\023\"\267L\001I\000L\000M\000"
 1107      4D508361 
ARM GAS  /tmp/cczIrbk5.s 			page 35


 1107      1322B74C 
 1107      0149004C 
 1107      004D00
 1108 005c 6BB3372C 		.ascii	"k\2637,[\363\314\305N\212\356\326\026\373\332\260\374"
 1108      5BF3CCC5 
 1108      4E8AEED6 
 1108      16FBDAB0 
 1108      FC
 1109 006d DA62FBB7 		.ascii	"\332b\373\267\374\332G\016\264|\005\200\325b\374\250"
 1109      FCDA470E 
 1109      B47C0580 
 1109      D562FCA8 
 1110 007d D1D981E1 		.ascii	"\321\331\201\341\323=\206\360\314\256V\256\276K\263"
 1110      D33D86F0 
 1110      CCAE56AE 
 1110      BE4BB3
 1111 008c A01C3668 		.ascii	"\240\0346h\300\304`X\351\261\240\273/ab4\354y\377\023"
 1111      C0C46058 
 1111      E9B1A0BB 
 1111      2F616234 
 1111      EC79FF13 
 1112 00a0 F89FF3AF 		.ascii	"\370\237\363\257\026\010\276*v\005\352Kb\261\253U\231"
 1112      1608BE2A 
 1112      7605EA4B 
 1112      62B1AB55 
 1112      99
 1113 00b1 2A5B4CB2 		.ascii	"*[L\262\202\0211p\270\2777+O\264t\340h\3713\200E\213"
 1113      82113170 
 1113      B8BF372B 
 1113      4FB474E0 
 1113      68F93380 
 1114 00c7 6746A727 		.ascii	"gF\247'\000\210\226?\037]$\213\370^\3152\377\345/\226"
 1114      0088963F 
 1114      1F5D248B 
 1114      F85ECD32 
 1114      FFE52F96 
 1115 00db 67969798 		.ascii	"g\226\227\230,\321\363\002'A\253\333\303\016\237\276"
 1115      2CD1F302 
 1115      2741ABDB 
 1115      C30E9FBE 
 1116 00eb 81C930F1 		.ascii	"\201\3110\361\177\037%\320\233\224\226L(^GG\263\222"
 1116      7F1F25D0 
 1116      9B94964C 
 1116      285E4747 
 1116      B392
 1117 00fd C42E1C81 		.ascii	"\304.\034\201\244>\322TA\255P\2247\277\324w\252\363"
 1117      A43ED254 
 1117      41AD5094 
 1117      37BFD477 
 1117      AAF3
 1118 010f 4B09C109 		.ascii	"K\011\301\011\376\037Y\3132\027/\315\012\330\200\242"
 1118      FE1F59CB 
 1118      32172FCD 
 1118      0AD880A2 
 1119 011f 430D1E16 		.ascii	"C\015\036\026g\3707\2241_\314!^r\344\2062\311\314\037"
 1119      67F83794 
 1119      315FCC21 
ARM GAS  /tmp/cczIrbk5.s 			page 36


 1119      5E72E486 
 1119      32C9CC1F 
 1120 0133 335E38B8 		.ascii	"3^8\270\334\302\216\025\324\375!\0077\022\245\234H\012"
 1120      DCC28E15 
 1120      D4FD2107 
 1120      3712A59C 
 1120      480A
 1121 0145 42830726 		.ascii	"B\203\007&\242\012\242\351\240\244d\216\024\210`\"\232"
 1121      A20AA2E9 
 1121      A0A4648E 
 1121      14886022 
 1121      9A
 1122 0156 F5248626 		.ascii	"\365$\206&\006\367\266S\345<\261N\332\201\263\206\023"
 1122      06F7B653 
 1122      E53CB14E 
 1122      DA81B386 
 1122      13
 1123 0167 4505259E 		.ascii	"E\005%\236\266mn[\350\0228\222\011\"\012\034\210H\210"
 1123      B66D6E5B 
 1123      E8123892 
 1123      09220A1C 
 1123      884888
 1124 017a 0192F989 		.ascii	"\001\222\371\211\235*E,\235L\361[\351\250\211;I\325"
 1124      9D2A452C 
 1124      9D4CF15B 
 1124      E9A8893B 
 1124      49D5
 1125 018c 0B5C0D4B 		.ascii	"\013\\\015K\243\024\000\011!\033L\305\266ZK\010j\216"
 1125      A3140009 
 1125      211B4CC5 
 1125      B65A4B08 
 1125      6A8E
 1126 019e 6AE6ABF4 		.ascii	"j\346\253\364\260\025\331UL\373l\002\237\031\377\324"
 1126      B015D955 
 1126      4CFB6C02 
 1126      9F19FFD4 
 1127 01ae 6B3E338C 		.ascii	"k>3\214\300lD\301v\212\345\2551K\230(\012\0259\334e"
 1127      C06C44C1 
 1127      768AE5AD 
 1127      314B9828 
 1127      0A1539DC 
 1128 01c3 533BC9   		.ascii	"S;\311"
 1129              		.text
 1130              		.section	.gnu.lto_.symbol_nodes.c888f00bd962b9a7,"e",%progbits
 1131 0000 28B52FFD 		.ascii	"(\265/\375 \333\025\003\000\362D\022\036\300%\035\377"
 1131      20DB1503 
 1131      00F24412 
 1131      1EC0251D 
 1131      FF
 1132 0011 AEFB06FF 		.ascii	"\256\373\006\377\235\003\264\326Zk\215,\006\340\241"
 1132      9D03B4D6 
 1132      5A6B8D2C 
 1132      06E0A1
 1133 0020 0AFD1921 		.ascii	"\012\375\031!\204\220M\310N[\246l,\375\277b\177'\311"
 1133      84904DC8 
 1133      4E5BA66C 
 1133      2CFDBF62 
ARM GAS  /tmp/cczIrbk5.s 			page 37


 1133      7F27C9
 1134 0033 75C62416 		.ascii	"u\306$\026\327`\212[H\\\002\342\016\016W\240\334\200"
 1134      D7608A5B 
 1134      485C02E2 
 1134      0E0E57A0 
 1134      DC80
 1135 0045 E1029073 		.ascii	"\341\002\220s\007\322\344:K\377_\270\017\"ID\011\000"
 1135      07D2E43A 
 1135      4BFF5FB8 
 1135      0F224944 
 1135      0900
 1136 0057 35133C2E 		.ascii	"5\023<.+\200&\340#\340#\340#\340#\340\311l\3151"
 1136      2B8026E0 
 1136      23E023E0 
 1136      23E023E0 
 1136      C96CCD31 
 1137              		.text
 1138              		.section	.gnu.lto_.refs.c888f00bd962b9a7,"e",%progbits
 1139 0000 28B52FFD 		.ascii	"(\265/\375 \005)\000\000\001\000\000\000\000"
 1139      20052900 
 1139      00010000 
 1139      0000
 1140              		.text
 1141              		.section	.gnu.lto_.decls.c888f00bd962b9a7,"e",%progbits
 1142 0000 28B52FFD 		.ascii	"(\265/\375`\326\014\315>\000Jl0\030A@dR\007_<\013\275"
 1142      60D60CCD 
 1142      3E004A6C 
 1142      30184140 
 1142      6452075F 
 1143 0017 620824D4 		.ascii	"b\010$\324\204\262\365G/D\255\335\334\002\363xHu1\376"
 1143      84B2F547 
 1143      2F44ADDD 
 1143      DC02F378 
 1143      487531FE 
 1144 002b 32D63C04 		.ascii	"2\326<\004\257b\015P\237\240G\245:\"u\030*\007N\201"
 1144      AF620D50 
 1144      9FA047A5 
 1144      3A227518 
 1144      2A074E81 
 1145 003f 823593AD 		.ascii	"\2025\223\255<\305QA\013\270\011\365\002\341n2\245S"
 1145      3CC55141 
 1145      0BB809F5 
 1145      02E16E32 
 1145      A553
 1146 0051 01680179 		.ascii	"\001h\001y\001\332\247x\316\267{k\334\376\343\264\223"
 1146      01DAA778 
 1146      CEB77B6B 
 1146      DCFEE3B4 
 1146      93
 1147 0062 FF391CD7 		.ascii	"\3779\034\327\276W\036\377\200;\204\344\220S\363Q\005"
 1147      BE571EFF 
 1147      803B84E4 
 1147      9053F351 
 1147      05
 1148 0073 F03F0E86 		.ascii	"\360?\016\206\004\030\212\334\214\251\215]\320\362\301"
 1148      04188ADC 
 1148      8CA98D5D 
ARM GAS  /tmp/cczIrbk5.s 			page 38


 1148      D0F2C1
 1149 0082 F9A396DD 		.ascii	"\371\243\226\335\366;\335\256\305\267x\235\373\367p"
 1149      F63BDDAE 
 1149      C5B7789D 
 1149      FBF770
 1150 0091 81B2DB74 		.ascii	"\201\262\333tl\267\023`\316\236\240\264\354\266\214"
 1150      6CB71360 
 1150      CE9EA0B4 
 1150      ECB68C
 1151 00a0 77D87A30 		.ascii	"w\330z0\336v\361\266\362\355\024o\237x;\352\355\247"
 1151      DE76F1B6 
 1151      F2ED146F 
 1151      9F783BEA 
 1151      EDA7
 1152 00b2 B741BC08 		.ascii	"\267A\274\010:\274\335\364>(\276}\341]\242\360j\207"
 1152      3ABCDDF4 
 1152      3E28BE7D 
 1152      E15DA2F0 
 1152      6A87
 1153 00c4 6CE4AA76 		.ascii	"l\344\252v\331m?\323\355c\234\214\327y\365\177\372\377"
 1153      D96D3FD3 
 1153      ED639C8C 
 1153      D779F57F 
 1153      FAFF
 1154 00d6 08B25488 		.ascii	"\010\262T\210\226\272\354\306Hyj\310\357Gv\335\314\261"
 1154      96BAECC6 
 1154      48796AC8 
 1154      EF4776DD 
 1154      CCB1
 1155 00e8 9DAE093C 		.ascii	"\235\256\011<\322\220\332\343L^v\203\021^\177W\032\022"
 1155      D290DAE3 
 1155      4C5E7683 
 1155      115E7F57 
 1155      1A12
 1156 00fa 9DC05003 		.ascii	"\235\300P\003\203\267\343\004o\027x{.\351\365.\016\327"
 1156      83B7E304 
 1156      6F17787B 
 1156      2EE9F52E 
 1156      0ED7
 1157 010c 4B1ED72E 		.ascii	"K\036\327.\034V\017i\010\344\012\232\236\354\366\373"
 1157      1C560F69 
 1157      08E40A9A 
 1157      9EECF6FB 
 1158 011c B62F0D91 		.ascii	"\266/\015\221|i\330\371m\272\330\225\206\357\235c\351"
 1158      7C69D8F9 
 1158      6DBAD895 
 1158      86EF9D63 
 1158      E9
 1159 012d F637BFB2 		.ascii	"\3667\277\262\224\327\252\017\370\037\017\0000\246\316"
 1159      94D7AA0F 
 1159      F81F0F00 
 1159      30A6CE
 1160 013c 0B5D761F 		.ascii	"\013]v\037\270\322\320u\002\303\342\002\021\031\232"
 1160      B8D2D075 
 1160      02C3E202 
 1160      11199A
 1161 014b A83B1F2F 		.ascii	"\250;\037/0-5\200\356l\241\273\375\272\233\256\273\371"
ARM GAS  /tmp/cczIrbk5.s 			page 39


 1161      302D3580 
 1161      EE6CA1BB 
 1161      FDBA9BAE 
 1161      BBF9
 1162 015d FC74F719 		.ascii	"\374t\367\031\247\320F\335yBw\347\251\320\355\022\272"
 1162      A7D046DD 
 1162      794277E7 
 1162      A9D0ED12 
 1162      BA
 1163 016e 33836E2F 		.ascii	"3\203n/\212\340v\347\003\335\016\241\333\035t;\202n"
 1163      8AE076E7 
 1163      03DD0EA1 
 1163      DB1D743B 
 1163      826E
 1164 0180 37D0ED05 		.ascii	"7\320\355\005\272}@\267\013\350v\243\356\216\353\356"
 1164      BA7D40B7 
 1164      0BE876A3 
 1164      EE8EEBEE 
 1165 0190 DCEDDDDD 		.ascii	"\334\355\335\335W\272;@w\333u\367\033\030\030\030\330"
 1165      57BA3B40 
 1165      77DB75F7 
 1165      1B181818 
 1165      D8
 1166 01a1 ED54DD39 		.ascii	"\355T\3359\356&\212\022R\252\027=k\0225\306\256%\275"
 1166      EE268A12 
 1166      52AA173D 
 1166      6B1235C6 
 1166      AE25BD
 1167 01b4 96EDA931 		.ascii	"\226\355\2511V\372N\261V\342\307Y\253\377\024k\375\177"
 1167      56FA4EB1 
 1167      56E2C759 
 1167      ABFF146B 
 1167      FD7F
 1168 01c6 291735FE 		.ascii	")\0275\376*5\206\373\244\377l\022u\312&}m\326\232\364"
 1168      2A3586FB 
 1168      A4FF6C12 
 1168      75CA267D 
 1168      6DD69AF4 
 1169 01da DA6C951A 		.ascii	"\332l\225\032g\255N\325\376\277\341a\237\3701[\225\372"
 1169      67AD4ED5 
 1169      FEBFE161 
 1169      9FF8315B 
 1169      95FA
 1170 01ec 5FD5242A 		.ascii	"_\325$*\036\326\372\323\2544\211:\315\376\307\330j\001"
 1170      1ED6FAD3 
 1170      AC34893A 
 1170      CDFEC7D8 
 1170      6A01
 1171 01fe 3A53EC4B 		.ascii	":S\354K\301\342\222\274\361Zl\3758\251\377\337\001{"
 1171      C1E292BC 
 1171      F15A6CFD 
 1171      38A9FFDF 
 1171      017B
 1172 0210 E2EBFD5B 		.ascii	"\342\353\375[\377\243d\262\317n\311^\355\235n\213\246"
 1172      FFA364B2 
 1172      CF6EC95E 
 1172      ED9D6E8B 
ARM GAS  /tmp/cczIrbk5.s 			page 40


 1172      A6
 1173 0221 57763447 		.ascii	"Wv4G\012\331\210\277\206}\\v\030\273}X\374N\367\377"
 1173      0AD988BF 
 1173      867D5C76 
 1173      18BB7D58 
 1173      FC4EF7FF 
 1174 0235 671EEBFD 		.ascii	"g\036\353\375?X,ui\374_\375\007\303\312\270b\025\370"
 1174      3F582C75 
 1174      69FC5FFD 
 1174      07C3CAB8 
 1174      6215F8
 1175 0248 F4BA1683 		.ascii	"\364\272\026\203\031\301\036\205\201aw\274\2245\377"
 1175      19C11E85 
 1175      816177BC 
 1175      9435FF
 1176 0257 FFB752B5 		.ascii	"\377\267R\265X\251c\257w\344`\253V\376\352R\355\207"
 1176      58A963AF 
 1176      77E460AB 
 1176      56FEEA52 
 1176      ED87
 1177 0269 3DD934FB 		.ascii	"=\3314\373\257V\032?\365\377}\353\346\001j\022\227\277"
 1177      AF561A3F 
 1177      F5FF7DEB 
 1177      E6016A12 
 1177      97BF
 1178 027b 8CEEC894 		.ascii	"\214\356\310\224Ar\225\346w\257{~\262\353\201\011\220"
 1178      417295E6 
 1178      77AF7B7E 
 1178      B2EB8109 
 1178      90
 1179 028c CCE6EA28 		.ascii	"\314\346\352(\311n\347\261\267\235\342\374QcW\246f\215"
 1179      C96EE7B1 
 1179      B79DE2FC 
 1179      516357A6 
 1179      668D
 1180 029e 19172F6D 		.ascii	"\031\027/m\356\332\034\032\223\007\370E\356\256\333"
 1180      EEDA1C1A 
 1180      9307F845 
 1180      EEAEDB
 1181 02ad F9782027 		.ascii	"\371x '\344\200\236\307\373\370\037\367\343\205\334"
 1181      E4809EC7 
 1181      FBF81FF7 
 1181      E385DC
 1182 02bc 90EBF141 		.ascii	"\220\353\361A\356\347{\\\220\343q@~\310\373|\333\376"
 1182      EEE77B5C 
 1182      90E37140 
 1182      7EC8FB7C 
 1182      DBFE
 1183 02ce D7ED739C 		.ascii	"\327\355s\234N\2731\227\030O\213\236\037^\241\275\255"
 1183      4EBB3197 
 1183      184F8B9E 
 1183      1F5EA1BD 
 1183      AD
 1184 02df 983F2FE3 		.ascii	"\230?/\343h\236\256b\322\0049\312\311\003\023\346,\313"
 1184      689EAE62 
 1184      D20439CA 
 1184      C90313E6 
ARM GAS  /tmp/cczIrbk5.s 			page 41


 1184      2CCB
 1185 02f1 9FD7713E 		.ascii	"\237\327q>\217\347\336\275<\267\37757o\\\353\216M\211"
 1185      8FE7DEBD 
 1185      3CB7FF35 
 1185      376F5CEB 
 1185      8E4D89
 1186 0304 FFA3C820 		.ascii	"\377\243\310 \277\322\355wl\252_\346<ei\334\204\324"
 1186      BFD2ED77 
 1186      6CAA5FE6 
 1186      3C6569DC 
 1186      84D4
 1187 0316 57284549 		.ascii	"W(EI^\242$\213y\265\272\015d\346\026\350\025jA\222\223"
 1187      5EA2248B 
 1187      79B5BA0D 
 1187      64E616E8 
 1187      156A4192 
 1188 032b 20C9657B 		.ascii	" \311e{z}i\344\274B5l\371\010[\366!a\372\337\343\203"
 1188      7A7D69E4 
 1188      BC42356C 
 1188      F9085BF6 
 1188      2161FADF 
 1189 0341 72E6FAAE 		.ascii	"r\346\372\256\333\277V-\264KgD,\377U\031S'\273A\273"
 1189      DBBF562D 
 1189      B44B6744 
 1189      2CFF5519 
 1189      5327BB41 
 1190 0356 DCB7B696 		.ascii	"\334\267\266\226\305:\303}\226\253\200\2665\255\037"
 1190      C53AC37D 
 1190      96AB80B6 
 1190      35AD1F
 1191 0365 E0FFD502 		.ascii	"\340\377\325\002\022\036#{m\331mW\372\006\365\316\316"
 1191      121E237B 
 1191      6DD96D57 
 1191      FA06F5CE 
 1191      CE
 1192 0376 7211B135 		.ascii	"r\021\2615[\"4|vjErZ\221\231:*F\262\233\323\334\377"
 1192      5B22347C 
 1192      766A4572 
 1192      5A91993A 
 1192      2A46B29B 
 1193 038d AFAC96D1 		.ascii	"\257\254\226\321:\247e\"\335\304\241\207_\277\375\217"
 1193      3AA76522 
 1193      DDC4A187 
 1193      5FBFFD8F 
 1194 039d 735A768F 		.ascii	"sZv\217 \300=\202\020\020\010\233\261\241\333ABo\007"
 1194      20C03D82 
 1194      1010089B 
 1194      B1A1DB41 
 1194      426F07
 1195 03b0 F3BCC13C 		.ascii	"\363\274\301<\327\253\230 [\307B\221\243\246\367\272"
 1195      D7AB9820 
 1195      5BC74291 
 1195      A3A6F7BA 
 1196 03c0 674182E4 		.ascii	"gA\202\344\2625\357\033\365\003\325\274\356\233\231"
 1196      B235EF1B 
 1196      F503D5BC 
 1196      EE9B99
ARM GAS  /tmp/cczIrbk5.s 			page 42


 1197 03cf 59167BFF 		.ascii	"Y\026{\377\377\213\370?z\234\271\305\300\253\"\007\346"
 1197      FF8BF83F 
 1197      7A9CB9C5 
 1197      C0AB2207 
 1197      E6
 1198 03e0 75B954AB 		.ascii	"u\271T\253\271\314\225x\337\216\274\255\333\304\320"
 1198      B9CC9578 
 1198      DF8EBCAD 
 1198      DBC4D0
 1199 03ef 91B76CED 		.ascii	"\221\267l\355\\6\234\302\367\343,\273\335\227\301r\036"
 1199      5C369CC2 
 1199      F7E32CBB 
 1199      DD97C172 
 1199      1E
 1200 0400 BE333759 		.ascii	"\27637Y^\267\217\214,\373\310t\015\310\344\324\266\356"
 1200      5EB78F8C 
 1200      2CFBC874 
 1200      0DC8E4D4 
 1200      B6EE
 1201 0412 17377773 		.ascii	"\0277ws>2X\325\031({\262\333A(\257{(\367\345i\326\321"
 1201      3E3258D5 
 1201      19287BB2 
 1201      DB4128AF 
 1201      7B28F7E5 
 1202 0429 398C9AC3 		.ascii	"9\214\232\303\262\230\213}\265`\330\231\024+\200\177"
 1202      B2988B7D 
 1202      B560D899 
 1202      142B807F 
 1203 0439 BD5A401A 		.ascii	"\275Z@\032\222\267DH\367u\026\353\316<r\217\326S\340"
 1203      92B74448 
 1203      F77516EB 
 1203      CE3C728F 
 1203      D653E0
 1204 044c DFEFFF19 		.ascii	"\337\357\377\031\020\261\251C\033\222]\242+\015\263"
 1204      10B1A943 
 1204      1B925DA2 
 1204      2B0DB3
 1205 045b 13181EE5 		.ascii	"\023\030\036\345\276\316;\332\261\254u\350\014\367v"
 1205      BECE3BDA 
 1205      B1AC75E8 
 1205      0CF776
 1206 046a C6F2128B 		.ascii	"\306\362\022\213\336{DU\251=\355\221X\361Sd\027E{\315"
 1206      DE7B4455 
 1206      A93DED91 
 1206      58F15364 
 1206      17457BCD 
 1207 047e EE9BFB5F 		.ascii	"\356\233\373_\307\307\331'R\265\331\257M/'l\305\\F\235"
 1207      C7C7D927 
 1207      52B5D9AF 
 1207      4D2F276C 
 1207      C55C469D 
 1208 0492 0668C04D 		.ascii	"\006h\300M\"\3273\211\271\214Z-\341&\215\001\215U<z"
 1208      22D73389 
 1208      B98C5A2D 
 1208      E1268D01 
 1208      8D553C7A 
 1209 04a6 9D404A51 		.ascii	"\235@JQ)_(I\300\316-\347\362*+k\011G\215\262\236O\022"
ARM GAS  /tmp/cczIrbk5.s 			page 43


 1209      295F2849 
 1209      C0CE2DE7 
 1209      F22A2B6B 
 1209      09478DB2 
 1210 04bd 4B61D3CB 		.ascii	"Ka\323\313\011[=E\245\340(R\024\334T\302\321\"\256\247"
 1210      095B3D45 
 1210      A5E02852 
 1210      14DC54C2 
 1210      D122AEA7 
 1211 04d1 91169499 		.ascii	"\221\026\224\231\365\004C\231\260\022\216\036A\233\360"
 1211      F5044399 
 1211      B0128E1E 
 1211      419BF0
 1212 04e0 56D71309 		.ascii	"V\327\023\0117\243\340\350Q/\365\325U\325\225SU\323"
 1212      37A3E0E8 
 1212      512FF5D5 
 1212      55D59553 
 1212      55D3
 1213 04f2 87E280F6 		.ascii	"\207\342\200\366pD>`\221\"\352\265*\302\321\245\025"
 1213      70443E60 
 1213      9122EAB5 
 1213      2AC2D1A5 
 1213      15
 1214 0503 345A0176 		.ascii	"4Z\001vnI\301\321ao\320b\272\321\204\241O\253\242\326"
 1214      6E49C1D1 
 1214      616FD062 
 1214      BAD184A1 
 1214      4FABA2D6 
 1215 0517 626A7AF0 		.ascii	"bjz\360\322\2022\211\272\3031\010/\233ZN8\212#J\004"
 1215      D2823289 
 1215      BAC33108 
 1215      2F9B5A4E 
 1215      388A234A 
 1216 052c 2F8D1AAB 		.ascii	"/\215\032\253\250\345\324\202\243\306\243\327\224\024"
 1216      A8E5D482 
 1216      A3C6A3D7 
 1216      9414
 1217 053a 95110A05 		.ascii	"\225\021\012\005\012c\223\323\024\225\322\030\205\241"
 1217      0A6393D3 
 1217      1495D218 
 1217      85A1
 1218 0548 4F2E6316 		.ascii	"O.c\026\023\313\030}\032kluA\341b\321X,\206\350\025"
 1218      13CB187D 
 1218      1A6B6C75 
 1218      41E162D1 
 1218      582C86E8 
 1219 055d 4B132D94 		.ascii	"K\023-\224.\226LG\015\033L\030\233P\246\015-\250s\206"
 1219      2E964C47 
 1219      0D1B4C18 
 1219      9B50A60D 
 1219      2DA87386 
 1220 0571 11DAC4C1 		.ascii	"\021\332\304\301\314\342Z\316\360\212\336XF\237\316"
 1220      CCE25ACE 
 1220      F08ADE58 
 1220      469FCE
 1221 0580 2A279695 		.ascii	"*'\226\2251+\313\311U\303\212\231Ue\214^A\231\317*&"
 1221      312BCBC9 
ARM GAS  /tmp/cczIrbk5.s 			page 44


 1221      55C38A99 
 1221      55658C5E 
 1221      4199CF2A 
 1222 0595 AFE69571 		.ascii	"\257\346\225q\253\013GV\227\225\261\351\325\204\243"
 1222      AB0B4756 
 1222      9795B1E9 
 1222      D584A3
 1223 05a4 C6A6D613 		.ascii	"\306\246\326\023\313\210\225t\201D\272\307$2\330\224"
 1223      CB889574 
 1223      8144BAC7 
 1223      2432D894 
 1224 05b4 440693C8 		.ascii	"D\006\223\310)\245\233,!\005\345&\2259\031U\"xlJ\226"
 1224      29A59B2C 
 1224      2105E526 
 1224      95391955 
 1224      22786C4A 
 1225 05c9 40225DAA 		.ascii	"@\"]\252\024\310 R\271\"\230L>\005\223\310d0\211D\006"
 1225      14C82052 
 1225      B922984C 
 1225      3E0593C8 
 1225      64308944 
 1226 05de 93545024 		.ascii	"\223TP$\334$\022*\230|\232\202r\223*2\274lr\202\267"
 1226      DC24122A 
 1226      987C9A82 
 1226      72932A32 
 1226      BC6C7282 
 1227 05f3 9C5DAF53 		.ascii	"\234]\257Sr\012\211\024\266p\372$Cy\222\213\374Y\021"
 1227      720A8914 
 1227      B670FA24 
 1227      4379928B 
 1227      FC5911
 1228 0606 B6BDC26A 		.ascii	"\266\275\302j\223\354\244I\240B\333!\257\020\255-3i"
 1228      93ECA449 
 1228      A042DB21 
 1228      AF10AD2D 
 1228      3369
 1229 0618 CB0180F2 		.ascii	"\313\001\200\362\250qL\245\224B#\"#\201\210$M\322\001"
 1229      A8714CA5 
 1229      94422322 
 1229      23818824 
 1229      4DD201
 1230 062b 90029929 		.ascii	"\220\002\231)\263:\022\300\2244\016eKF\2332\012\245"
 1230      B33A12C0 
 1230      94340E65 
 1230      4B469B32 
 1230      0AA5
 1231 063d BDC65541 		.ascii	"\275\306UA\000\002D\217s\365Y\225\214\345\025\222\025"
 1231      0002448F 
 1231      73F55995 
 1231      8CE51592 
 1231      15
 1232 064e A6F25BFA 		.ascii	"\246\362[\372!\366E\266\266\012\341\010)~3r\367\361"
 1232      21F645B6 
 1232      B60AE108 
 1232      297E3372 
 1232      F7F1
 1233 0660 D3DCF000 		.ascii	"\323\334\360\000\246\222\343\264\027\343\377M\335\333"
ARM GAS  /tmp/cczIrbk5.s 			page 45


 1233      A692E3B4 
 1233      17E3FF4D 
 1233      DDDB
 1234 066e FFD01CE7 		.ascii	"\377\320\034\347\015*\234\310\221\371+\364\237\331\024"
 1234      0D2A9CC8 
 1234      91F92BF4 
 1234      9FD914
 1235 067d 4BC1DC28 		.ascii	"K\301\334(JX\330\340\201\221\350\224\366\017;\371b\373"
 1235      4A58D8E0 
 1235      8191E894 
 1235      F60F3BF9 
 1235      62FB
 1236 068f 94B3D4CA 		.ascii	"\224\263\324\312<\032\330XN\271\002\333\004\367\204"
 1236      3C1AD858 
 1236      4EB902DB 
 1236      04F784
 1237 069e 54618C40 		.ascii	"Ta\214@\260\021 '\026\201\206\212\253R\027REl\377\334"
 1237      B0112027 
 1237      1681868A 
 1237      AB521752 
 1237      456CFFDC 
 1238 06b2 115E6003 		.ascii	"\021^`\003\321\266v\035\357\235H\213\"\235\341\\h\250"
 1238      D1B6761D 
 1238      EF9D488B 
 1238      229DE15C 
 1238      68A8
 1239 06c4 E03A6C0A 		.ascii	"\340:l\012*\370\306\211\021]\352\375X@;\272\036\345"
 1239      2AF8C689 
 1239      115DEAFD 
 1239      58403BBA 
 1239      1EE5
 1240 06d6 A9BB8911 		.ascii	"\251\273\211\021Z\014I\311\337!\352\220\"\022\036\312"
 1240      5A0C49C9 
 1240      DF21EA90 
 1240      22121ECA 
 1241 06e6 BF5939A5 		.ascii	"\277Y9\245 \303\004\360\212b\21548\331\344\027q\272"
 1241      20C304F0 
 1241      8A628D34 
 1241      38D9E417 
 1241      71BA
 1242 06f8 E9F341AE 		.ascii	"\351\363A\256,(`\217\277\250b\365\200\277\011\034\252"
 1242      2C28608F 
 1242      BFA862F5 
 1242      80BF091C 
 1242      AA
 1243 0709 3B14D02A 		.ascii	";\024\320*~\347\004\001t\020\234D\340&91\311\311\367"
 1243      7EE70401 
 1243      74109C44 
 1243      E0263931 
 1243      C9C9F7
 1244 071c D816E960 		.ascii	"\330\026\351`\201\211e1\220\177v2G9\326Q\005&\005\254"
 1244      81896531 
 1244      907F7632 
 1244      4739D651 
 1244      052605AC 
 1245 0730 D84A02EF 		.ascii	"\330J\002\357K\216Cz\341\242\334\363\214\234\365\264"
 1245      4B8E437A 
ARM GAS  /tmp/cczIrbk5.s 			page 46


 1245      E1A2DCF3 
 1245      8C9CF5B4 
 1246 0740 F6AEA8EA 		.ascii	"\366\256\250\352\311IX-\003\270\260-O\002\252\371\274"
 1246      C949582D 
 1246      03B8B02D 
 1246      4F02AAF9 
 1246      BC
 1247 0751 BCF65979 		.ascii	"\274\366Yy.p\017*\206\367\\\000[z\032\340\377\300\351"
 1247      2E700F2A 
 1247      86F75C00 
 1247      5B7A1AE0 
 1247      FFC0E9
 1248 0764 5CEE03B6 		.ascii	"\\\356\003\266\207jO\301\001z\000u \360\300k{\300!\262"
 1248      876A4FC1 
 1248      017A0075 
 1248      20F0C06B 
 1248      7BC021B2 
 1249 0778 33CF9203 		.ascii	"3\317\222\003\225\376[\303\273\005\272Ib\357{e\006\017"
 1249      95FE5BC3 
 1249      BB05BA49 
 1249      62EF7B65 
 1249      060F
 1250 078a B243C4A7 		.ascii	"\262C\304\247@\337\004=\006\263\245,\247\333\236`\227"
 1250      40DF043D 
 1250      06B3A52C 
 1250      A7DB9E60 
 1250      97
 1251 079b 6FAD203C 		.ascii	"o\255 <T\347%}Z\3006\304\030\016\244\374\022\035`.\003"
 1251      54E7257D 
 1251      5AC036C4 
 1251      180EA4FC 
 1251      121D602E 
 1252 07b0 72707215 		.ascii	"rpr\025~\033\204\203`\203\355y\246\031\270_\200\001"
 1252      7E1B8483 
 1252      6083ED79 
 1252      A619B85F 
 1252      8001
 1253 07c2 3D0BF309 		.ascii	"=\013\363\011\323LrY\004\364\001x\3305"
 1253      D34C7259 
 1253      04F40178 
 1253      D835
 1254 07d0 BEFA4C18 		.ascii	"\276\372L\030\031\207\371S\326\357\360\361\003\027\360"
 1254      1987F953 
 1254      D6EFF0F1 
 1254      0317F0
 1255 07df F7A79D0A 		.ascii	"\367\247\235\012"
 1256              		.text
 1257              		.section	.gnu.lto_.symtab.c888f00bd962b9a7,"e",%progbits
 1258 0000 7374496E 		.ascii	"stInit\000"
 1258      697400
 1259 0007 00       		.ascii	"\000"
 1260 0008 00       		.ascii	"\000"
 1261 0009 00       		.ascii	"\000"
 1262 000a 00000000 		.ascii	"\000\000\000\000\000\000\000\000"
 1262      00000000 
 1263 0012 0B010000 		.ascii	"\013\001\000\000"
 1264 0016 73744765 		.ascii	"stGetCounter\000"
ARM GAS  /tmp/cczIrbk5.s 			page 47


 1264      74436F75 
 1264      6E746572 
 1264      00
 1265 0023 00       		.ascii	"\000"
 1266 0024 00       		.ascii	"\000"
 1267 0025 00       		.ascii	"\000"
 1268 0026 00000000 		.ascii	"\000\000\000\000\000\000\000\000"
 1268      00000000 
 1269 002e 0E010000 		.ascii	"\016\001\000\000"
 1270 0032 73745374 		.ascii	"stStartAlarm\000"
 1270      61727441 
 1270      6C61726D 
 1270      00
 1271 003f 00       		.ascii	"\000"
 1272 0040 00       		.ascii	"\000"
 1273 0041 00       		.ascii	"\000"
 1274 0042 00000000 		.ascii	"\000\000\000\000\000\000\000\000"
 1274      00000000 
 1275 004a 12010000 		.ascii	"\022\001\000\000"
 1276 004e 73745374 		.ascii	"stStopAlarm\000"
 1276      6F70416C 
 1276      61726D00 
 1277 005a 00       		.ascii	"\000"
 1278 005b 00       		.ascii	"\000"
 1279 005c 00       		.ascii	"\000"
 1280 005d 00000000 		.ascii	"\000\000\000\000\000\000\000\000"
 1280      00000000 
 1281 0065 14010000 		.ascii	"\024\001\000\000"
 1282 0069 73745365 		.ascii	"stSetAlarm\000"
 1282      74416C61 
 1282      726D00
 1283 0074 00       		.ascii	"\000"
 1284 0075 00       		.ascii	"\000"
 1285 0076 00       		.ascii	"\000"
 1286 0077 00000000 		.ascii	"\000\000\000\000\000\000\000\000"
 1286      00000000 
 1287 007f 16010000 		.ascii	"\026\001\000\000"
 1288 0083 73744765 		.ascii	"stGetAlarm\000"
 1288      74416C61 
 1288      726D00
 1289 008e 00       		.ascii	"\000"
 1290 008f 00       		.ascii	"\000"
 1291 0090 00       		.ascii	"\000"
 1292 0091 00000000 		.ascii	"\000\000\000\000\000\000\000\000"
 1292      00000000 
 1293 0099 18010000 		.ascii	"\030\001\000\000"
 1294 009d 73744973 		.ascii	"stIsAlarmActive\000"
 1294      416C6172 
 1294      6D416374 
 1294      69766500 
 1295 00ad 00       		.ascii	"\000"
 1296 00ae 00       		.ascii	"\000"
 1297 00af 00       		.ascii	"\000"
 1298 00b0 00000000 		.ascii	"\000\000\000\000\000\000\000\000"
 1298      00000000 
 1299 00b8 1F010000 		.ascii	"\037\001\000\000"
 1300 00bc 73745F6C 		.ascii	"st_lld_init\000"
ARM GAS  /tmp/cczIrbk5.s 			page 48


 1300      6C645F69 
 1300      6E697400 
 1301 00c8 00       		.ascii	"\000"
 1302 00c9 02       		.ascii	"\002"
 1303 00ca 00       		.ascii	"\000"
 1304 00cb 00000000 		.ascii	"\000\000\000\000\000\000\000\000"
 1304      00000000 
 1305 00d3 21010000 		.ascii	"!\001\000\000"
 1306              		.text
 1307              		.section	.gnu.lto_.ext_symtab.c888f00bd962b9a7,"e",%progbits
 1308 0000 01       		.ascii	"\001"
 1309 0001 01       		.ascii	"\001"
 1310 0002 00       		.ascii	"\000"
 1311 0003 01       		.ascii	"\001"
 1312 0004 00       		.ascii	"\000"
 1313 0005 01       		.ascii	"\001"
 1314 0006 00       		.ascii	"\000"
 1315 0007 01       		.ascii	"\001"
 1316 0008 00       		.ascii	"\000"
 1317 0009 01       		.ascii	"\001"
 1318 000a 00       		.ascii	"\000"
 1319 000b 01       		.ascii	"\001"
 1320 000c 00       		.ascii	"\000"
 1321 000d 01       		.ascii	"\001"
 1322 000e 00       		.ascii	"\000"
 1323 000f 01       		.ascii	"\001"
 1324 0010 00       		.ascii	"\000"
 1325              		.text
 1326              		.section	.gnu.lto_.opts,"e",%progbits
 1327 0000 272D666E 		.ascii	"'-fno-openmp' '-fno-openacc' '-fno-pie' '-fcf-prote"
 1327      6F2D6F70 
 1327      656E6D70 
 1327      2720272D 
 1327      666E6F2D 
 1328 0033 6374696F 		.ascii	"ction=none' '-g' '-mcpu=cortex-m4' '-mthumb' '-mflo"
 1328      6E3D6E6F 
 1328      6E652720 
 1328      272D6727 
 1328      20272D6D 
 1329 0066 61742D61 		.ascii	"at-abi=soft' '-mlibarch=armv7e-m' '-march=armv7e-m'"
 1329      62693D73 
 1329      6F667427 
 1329      20272D6D 
 1329      6C696261 
 1330 0099 20272D4F 		.ascii	" '-O2' '-fomit-frame-pointer' '-falign-functions=16"
 1330      32272027 
 1330      2D666F6D 
 1330      69742D66 
 1330      72616D65 
 1331 00cc 2720272D 		.ascii	"' '-ffunction-sections' '-fdata-sections' '-fno-com"
 1331      6666756E 
 1331      6374696F 
 1331      6E2D7365 
 1331      6374696F 
 1332 00ff 6D6F6E27 		.ascii	"mon' '-flto' '-Xassembler' '-alms=./build/lst/hal_s"
 1332      20272D66 
 1332      6C746F27 
ARM GAS  /tmp/cczIrbk5.s 			page 49


 1332      20272D58 
 1332      61737365 
 1333 0132 742E6C73 		.ascii	"t.lst'\000"
 1333      742700
 1334              		.text
 1335              		.comm	__gnu_lto_slim,1,1
 1336              		.ident	"GCC: (Arch Repository) 14.1.0"
ARM GAS  /tmp/cczIrbk5.s 			page 50


DEFINED SYMBOLS
                            *ABS*:00000000 hal_st.c
     /tmp/cczIrbk5.s:24     .gnu.debuglto_.debug_info:00000000 hal_st.c.82b3dbdd
                            *COM*:00000001 __gnu_lto_slim

NO UNDEFINED SYMBOLS
