ARM GAS  /tmp/ccVnViyi.s 			page 1


   1              		.cpu cortex-m4
   2              		.arch armv7e-m
   3              		.fpu softvfp
   4              		.eabi_attribute 20, 1
   5              		.eabi_attribute 21, 1
   6              		.eabi_attribute 23, 3
   7              		.eabi_attribute 24, 1
   8              		.eabi_attribute 25, 1
   9              		.eabi_attribute 26, 1
  10              		.eabi_attribute 30, 2
  11              		.eabi_attribute 34, 1
  12              		.eabi_attribute 18, 4
  13              		.file	"hal_pal.c"
  14              		.file 1 "/usr/arm-none-eabi/include/machine/_default_types.h"
  15              		.file 2 "/usr/arm-none-eabi/include/sys/_stdint.h"
  16              		.file 3 "/usr/arm-none-eabi/include/stdint.h"
  17              		.file 4 "../../chibios_trunk/os/hal/ports/STM32/LLD/GPIOv2/stm32_gpio.h"
  18              		.file 5 "../../chibios_trunk/os/hal/ports/STM32/LLD/GPIOv2/hal_pal_lld.h"
  19              		.file 6 "../../chibios_trunk/os/hal/include/hal_pal.h"
  20              		.file 7 "../../chibios_trunk/os/hal/src/hal_pal.c"
  21              		.section	.gnu.debuglto_.debug_info,"e",%progbits
  22              	.Ldebug_info0:
  23              		.hidden	hal_pal.c.d15cee79
  24              		.weak	hal_pal.c.d15cee79
  25              	hal_pal.c.d15cee79:
  26 0000 E4020000 		.4byte	0x2e4
  27 0004 0500     		.2byte	0x5
  28 0006 01       		.byte	0x1
  29 0007 04       		.byte	0x4
  30 0008 00000000 		.4byte	.Ldebug_abbrev0
  31 000c 11       		.uleb128 0x11
  32 000d 00000000 		.4byte	.LASF41
  33 0011 1D       		.byte	0x1d
  34 0012 87010000 		.4byte	.LASF42
  35 0016 15020000 		.4byte	.LASF43
  36 001a 00000000 		.4byte	.Ldebug_line0
  37 001e 12       		.uleb128 0x12
  38 001f 04       		.byte	0x4
  39 0020 05       		.byte	0x5
  40 0021 696E7400 		.ascii	"int\000"
  41 0025 01       		.uleb128 0x1
  42 0026 04       		.byte	0x4
  43 0027 07       		.byte	0x7
  44 0028 C6010000 		.4byte	.LASF0
  45 002c 01       		.uleb128 0x1
  46 002d 08       		.byte	0x8
  47 002e 05       		.byte	0x5
  48 002f F6010000 		.4byte	.LASF1
  49 0033 01       		.uleb128 0x1
  50 0034 08       		.byte	0x8
  51 0035 04       		.byte	0x4
  52 0036 A3020000 		.4byte	.LASF2
  53 003a 01       		.uleb128 0x1
  54 003b 01       		.byte	0x1
  55 003c 06       		.byte	0x6
  56 003d AF020000 		.4byte	.LASF3
  57 0041 01       		.uleb128 0x1
ARM GAS  /tmp/ccVnViyi.s 			page 2


  58 0042 01       		.byte	0x1
  59 0043 08       		.byte	0x8
  60 0044 34010000 		.4byte	.LASF4
  61 0048 01       		.uleb128 0x1
  62 0049 02       		.byte	0x2
  63 004a 05       		.byte	0x5
  64 004b EF000000 		.4byte	.LASF5
  65 004f 03       		.uleb128 0x3
  66 0050 71010000 		.4byte	.LASF8
  67 0054 01       		.byte	0x1
  68 0055 39       		.byte	0x39
  69 0056 19       		.byte	0x19
  70 0057 5B000000 		.4byte	0x5b
  71 005b 01       		.uleb128 0x1
  72 005c 02       		.byte	0x2
  73 005d 07       		.byte	0x7
  74 005e 59010000 		.4byte	.LASF6
  75 0062 01       		.uleb128 0x1
  76 0063 04       		.byte	0x4
  77 0064 05       		.byte	0x5
  78 0065 9A020000 		.4byte	.LASF7
  79 0069 03       		.uleb128 0x3
  80 006a 7C010000 		.4byte	.LASF9
  81 006e 01       		.byte	0x1
  82 006f 4F       		.byte	0x4f
  83 0070 19       		.byte	0x19
  84 0071 75000000 		.4byte	0x75
  85 0075 01       		.uleb128 0x1
  86 0076 04       		.byte	0x4
  87 0077 07       		.byte	0x7
  88 0078 47010000 		.4byte	.LASF10
  89 007c 01       		.uleb128 0x1
  90 007d 08       		.byte	0x8
  91 007e 07       		.byte	0x7
  92 007f C1020000 		.4byte	.LASF11
  93 0083 03       		.uleb128 0x3
  94 0084 88020000 		.4byte	.LASF12
  95 0088 02       		.byte	0x2
  96 0089 24       		.byte	0x24
  97 008a 14       		.byte	0x14
  98 008b 4F000000 		.4byte	0x4f
  99 008f 03       		.uleb128 0x3
 100 0090 91020000 		.4byte	.LASF13
 101 0094 02       		.byte	0x2
 102 0095 30       		.byte	0x30
 103 0096 14       		.byte	0x14
 104 0097 69000000 		.4byte	0x69
 105 009b 0C       		.uleb128 0xc
 106 009c 8F000000 		.4byte	0x8f
 107 00a0 03       		.uleb128 0x3
 108 00a1 D1000000 		.4byte	.LASF14
 109 00a5 03       		.byte	0x3
 110 00a6 34       		.byte	0x34
 111 00a7 1F       		.byte	0x1f
 112 00a8 25000000 		.4byte	0x25
 113 00ac 01       		.uleb128 0x1
 114 00ad 01       		.byte	0x1
ARM GAS  /tmp/ccVnViyi.s 			page 3


 115 00ae 08       		.byte	0x8
 116 00af D3010000 		.4byte	.LASF15
 117 00b3 04       		.uleb128 0x4
 118 00b4 AC000000 		.4byte	0xac
 119 00b8 01       		.uleb128 0x1
 120 00b9 01       		.byte	0x1
 121 00ba 02       		.byte	0x2
 122 00bb BB020000 		.4byte	.LASF16
 123 00bf 05       		.uleb128 0x5
 124 00c0 04       		.byte	0x4
 125 00c1 04       		.byte	0x4
 126 00c2 5B       		.byte	0x5b
 127 00c3 05       		.byte	0x5
 128 00c4 E1000000 		.4byte	0xe1
 129 00c8 06       		.uleb128 0x6
 130 00c9 73657400 		.ascii	"set\000"
 131 00cd 5C       		.byte	0x5c
 132 00ce 83000000 		.4byte	0x83
 133 00d2 00       		.byte	0
 134 00d3 02       		.uleb128 0x2
 135 00d4 BA000000 		.4byte	.LASF17
 136 00d8 04       		.byte	0x4
 137 00d9 5D       		.byte	0x5d
 138 00da 19       		.byte	0x19
 139 00db 83000000 		.4byte	0x83
 140 00df 02       		.byte	0x2
 141 00e0 00       		.byte	0
 142 00e1 13       		.uleb128 0x13
 143 00e2 04       		.byte	0x4
 144 00e3 04       		.byte	0x4
 145 00e4 59       		.byte	0x59
 146 00e5 0C       		.byte	0xc
 147 00e6 FD000000 		.4byte	0xfd
 148 00ea 0D       		.uleb128 0xd
 149 00eb 5700     		.ascii	"W\000"
 150 00ed 5A       		.byte	0x5a
 151 00ee 19       		.byte	0x19
 152 00ef 8F000000 		.4byte	0x8f
 153 00f3 0D       		.uleb128 0xd
 154 00f4 4800     		.ascii	"H\000"
 155 00f6 5E       		.byte	0x5e
 156 00f7 07       		.byte	0x7
 157 00f8 BF000000 		.4byte	0xbf
 158 00fc 00       		.byte	0
 159 00fd 0C       		.uleb128 0xc
 160 00fe E1000000 		.4byte	0xe1
 161 0102 05       		.uleb128 0x5
 162 0103 28       		.byte	0x28
 163 0104 04       		.byte	0x4
 164 0105 51       		.byte	0x51
 165 0106 09       		.byte	0x9
 166 0107 8A010000 		.4byte	0x18a
 167 010b 02       		.uleb128 0x2
 168 010c C0000000 		.4byte	.LASF18
 169 0110 04       		.byte	0x4
 170 0111 53       		.byte	0x53
 171 0112 19       		.byte	0x19
ARM GAS  /tmp/ccVnViyi.s 			page 4


 172 0113 9B000000 		.4byte	0x9b
 173 0117 00       		.byte	0
 174 0118 02       		.uleb128 0x2
 175 0119 24010000 		.4byte	.LASF19
 176 011d 04       		.byte	0x4
 177 011e 54       		.byte	0x54
 178 011f 19       		.byte	0x19
 179 0120 9B000000 		.4byte	0x9b
 180 0124 04       		.byte	0x4
 181 0125 02       		.uleb128 0x2
 182 0126 B2000000 		.4byte	.LASF20
 183 012a 04       		.byte	0x4
 184 012b 55       		.byte	0x55
 185 012c 19       		.byte	0x19
 186 012d 9B000000 		.4byte	0x9b
 187 0131 08       		.byte	0x8
 188 0132 02       		.uleb128 0x2
 189 0133 F0010000 		.4byte	.LASF21
 190 0137 04       		.byte	0x4
 191 0138 56       		.byte	0x56
 192 0139 19       		.byte	0x19
 193 013a 9B000000 		.4byte	0x9b
 194 013e 0C       		.byte	0xc
 195 013f 06       		.uleb128 0x6
 196 0140 49445200 		.ascii	"IDR\000"
 197 0144 57       		.byte	0x57
 198 0145 9B000000 		.4byte	0x9b
 199 0149 10       		.byte	0x10
 200 014a 06       		.uleb128 0x6
 201 014b 4F445200 		.ascii	"ODR\000"
 202 014f 58       		.byte	0x58
 203 0150 9B000000 		.4byte	0x9b
 204 0154 14       		.byte	0x14
 205 0155 02       		.uleb128 0x2
 206 0156 DE000000 		.4byte	.LASF22
 207 015a 04       		.byte	0x4
 208 015b 5F       		.byte	0x5f
 209 015c 05       		.byte	0x5
 210 015d FD000000 		.4byte	0xfd
 211 0161 18       		.byte	0x18
 212 0162 02       		.uleb128 0x2
 213 0163 DD010000 		.4byte	.LASF23
 214 0167 04       		.byte	0x4
 215 0168 60       		.byte	0x60
 216 0169 19       		.byte	0x19
 217 016a 9B000000 		.4byte	0x9b
 218 016e 1C       		.byte	0x1c
 219 016f 02       		.uleb128 0x2
 220 0170 6C010000 		.4byte	.LASF24
 221 0174 04       		.byte	0x4
 222 0175 61       		.byte	0x61
 223 0176 19       		.byte	0x19
 224 0177 9B000000 		.4byte	0x9b
 225 017b 20       		.byte	0x20
 226 017c 02       		.uleb128 0x2
 227 017d 42010000 		.4byte	.LASF25
 228 0181 04       		.byte	0x4
ARM GAS  /tmp/ccVnViyi.s 			page 5


 229 0182 62       		.byte	0x62
 230 0183 19       		.byte	0x19
 231 0184 9B000000 		.4byte	0x9b
 232 0188 24       		.byte	0x24
 233 0189 00       		.byte	0
 234 018a 03       		.uleb128 0x3
 235 018b E3010000 		.4byte	.LASF26
 236 018f 04       		.byte	0x4
 237 0190 63       		.byte	0x63
 238 0191 03       		.byte	0x3
 239 0192 02010000 		.4byte	0x102
 240 0196 03       		.uleb128 0x3
 241 0197 0E010000 		.4byte	.LASF27
 242 019b 05       		.byte	0x5
 243 019c C2       		.byte	0xc2
 244 019d 12       		.byte	0x12
 245 019e 8F000000 		.4byte	0x8f
 246 01a2 03       		.uleb128 0x3
 247 01a3 2B010000 		.4byte	.LASF28
 248 01a7 05       		.byte	0x5
 249 01a8 C7       		.byte	0xc7
 250 01a9 12       		.byte	0x12
 251 01aa 8F000000 		.4byte	0x8f
 252 01ae 03       		.uleb128 0x3
 253 01af 7D020000 		.4byte	.LASF29
 254 01b3 05       		.byte	0x5
 255 01b4 D9       		.byte	0xd9
 256 01b5 18       		.byte	0x18
 257 01b6 BA010000 		.4byte	0x1ba
 258 01ba 0E       		.uleb128 0xe
 259 01bb 8A010000 		.4byte	0x18a
 260 01bf 05       		.uleb128 0x5
 261 01c0 0C       		.byte	0xc
 262 01c1 06       		.byte	0x6
 263 01c2 B7       		.byte	0xb7
 264 01c3 09       		.byte	0x9
 265 01c4 F0010000 		.4byte	0x1f0
 266 01c8 02       		.uleb128 0x2
 267 01c9 07010000 		.4byte	.LASF30
 268 01cd 06       		.byte	0x6
 269 01ce BB       		.byte	0xbb
 270 01cf 19       		.byte	0x19
 271 01d0 AE010000 		.4byte	0x1ae
 272 01d4 00       		.byte	0
 273 01d5 02       		.uleb128 0x2
 274 01d6 04020000 		.4byte	.LASF31
 275 01da 06       		.byte	0x6
 276 01db C1       		.byte	0xc1
 277 01dc 19       		.byte	0x19
 278 01dd 96010000 		.4byte	0x196
 279 01e1 04       		.byte	0x4
 280 01e2 02       		.uleb128 0x2
 281 01e3 0E020000 		.4byte	.LASF32
 282 01e7 06       		.byte	0x6
 283 01e8 C5       		.byte	0xc5
 284 01e9 19       		.byte	0x19
 285 01ea A0000000 		.4byte	0xa0
ARM GAS  /tmp/ccVnViyi.s 			page 6


 286 01ee 08       		.byte	0x8
 287 01ef 00       		.byte	0
 288 01f0 03       		.uleb128 0x3
 289 01f1 D8020000 		.4byte	.LASF33
 290 01f5 06       		.byte	0x6
 291 01f6 C6       		.byte	0xc6
 292 01f7 03       		.byte	0x3
 293 01f8 BF010000 		.4byte	0x1bf
 294 01fc 04       		.uleb128 0x4
 295 01fd F0010000 		.4byte	0x1f0
 296 0201 14       		.uleb128 0x14
 297 0202 B0010000 		.4byte	.LASF39
 298 0206 05       		.byte	0x5
 299 0207 F301     		.2byte	0x1f3
 300 0209 08       		.byte	0x8
 301 020a 1E020000 		.4byte	0x21e
 302 020e 07       		.uleb128 0x7
 303 020f AE010000 		.4byte	0x1ae
 304 0213 07       		.uleb128 0x7
 305 0214 96010000 		.4byte	0x196
 306 0218 07       		.uleb128 0x7
 307 0219 A2010000 		.4byte	0x1a2
 308 021d 00       		.byte	0
 309 021e 0F       		.uleb128 0xf
 310 021f F9000000 		.4byte	.LASF35
 311 0223 71       		.byte	0x71
 312 0224 48020000 		.4byte	0x248
 313 0228 08       		.uleb128 0x8
 314 0229 62757300 		.ascii	"bus\000"
 315 022d 71       		.byte	0x71
 316 022e 21       		.byte	0x21
 317 022f 48020000 		.4byte	0x248
 318 0233 10       		.uleb128 0x10
 319 0234 D8010000 		.4byte	.LASF34
 320 0238 71       		.byte	0x71
 321 0239 2F       		.byte	0x2f
 322 023a A2010000 		.4byte	0x1a2
 323 023e 09       		.uleb128 0x9
 324 023f 1B010000 		.4byte	.LASF38
 325 0243 5D020000 		.4byte	0x25d
 326 0247 00       		.byte	0
 327 0248 0E       		.uleb128 0xe
 328 0249 FC010000 		.4byte	0x1fc
 329 024d 0A       		.uleb128 0xa
 330 024e B3000000 		.4byte	0xb3
 331 0252 5D020000 		.4byte	0x25d
 332 0256 0B       		.uleb128 0xb
 333 0257 25000000 		.4byte	0x25
 334 025b 0D       		.byte	0xd
 335 025c 00       		.byte	0
 336 025d 04       		.uleb128 0x4
 337 025e 4D020000 		.4byte	0x24d
 338 0262 0F       		.uleb128 0xf
 339 0263 E3000000 		.4byte	.LASF36
 340 0267 5A       		.byte	0x5a
 341 0268 98020000 		.4byte	0x298
 342 026c 08       		.uleb128 0x8
ARM GAS  /tmp/ccVnViyi.s 			page 7


 343 026d 62757300 		.ascii	"bus\000"
 344 0271 5A       		.byte	0x5a
 345 0272 1F       		.byte	0x1f
 346 0273 48020000 		.4byte	0x248
 347 0277 10       		.uleb128 0x10
 348 0278 09020000 		.4byte	.LASF37
 349 027c 5A       		.byte	0x5a
 350 027d 31       		.byte	0x31
 351 027e 96010000 		.4byte	0x196
 352 0282 09       		.uleb128 0x9
 353 0283 1B010000 		.4byte	.LASF38
 354 0287 A8020000 		.4byte	0x2a8
 355 028b 15       		.uleb128 0x15
 356 028c 16       		.uleb128 0x16
 357 028d 7700     		.ascii	"w\000"
 358 028f 07       		.byte	0x7
 359 0290 5E       		.byte	0x5e
 360 0291 03       		.byte	0x3
 361 0292 8F000000 		.4byte	0x8f
 362 0296 00       		.byte	0
 363 0297 00       		.byte	0
 364 0298 0A       		.uleb128 0xa
 365 0299 B3000000 		.4byte	0xb3
 366 029d A8020000 		.4byte	0x2a8
 367 02a1 0B       		.uleb128 0xb
 368 02a2 25000000 		.4byte	0x25
 369 02a6 0B       		.byte	0xb
 370 02a7 00       		.byte	0
 371 02a8 04       		.uleb128 0x4
 372 02a9 98020000 		.4byte	0x298
 373 02ad 17       		.uleb128 0x17
 374 02ae C6000000 		.4byte	.LASF40
 375 02b2 07       		.byte	0x7
 376 02b3 41       		.byte	0x41
 377 02b4 0E       		.byte	0xe
 378 02b5 96010000 		.4byte	0x196
 379 02b9 D2020000 		.4byte	0x2d2
 380 02bd 08       		.uleb128 0x8
 381 02be 62757300 		.ascii	"bus\000"
 382 02c2 41       		.byte	0x41
 383 02c3 26       		.byte	0x26
 384 02c4 48020000 		.4byte	0x248
 385 02c8 09       		.uleb128 0x9
 386 02c9 1B010000 		.4byte	.LASF38
 387 02cd E2020000 		.4byte	0x2e2
 388 02d1 00       		.byte	0
 389 02d2 0A       		.uleb128 0xa
 390 02d3 B3000000 		.4byte	0xb3
 391 02d7 E2020000 		.4byte	0x2e2
 392 02db 0B       		.uleb128 0xb
 393 02dc 25000000 		.4byte	0x25
 394 02e0 0A       		.byte	0xa
 395 02e1 00       		.byte	0
 396 02e2 04       		.uleb128 0x4
 397 02e3 D2020000 		.4byte	0x2d2
 398 02e7 00       		.byte	0
 399              		.section	.gnu.debuglto_.debug_abbrev,"e",%progbits
ARM GAS  /tmp/ccVnViyi.s 			page 8


 400              	.Ldebug_abbrev0:
 401 0000 01       		.uleb128 0x1
 402 0001 24       		.uleb128 0x24
 403 0002 00       		.byte	0
 404 0003 0B       		.uleb128 0xb
 405 0004 0B       		.uleb128 0xb
 406 0005 3E       		.uleb128 0x3e
 407 0006 0B       		.uleb128 0xb
 408 0007 03       		.uleb128 0x3
 409 0008 0E       		.uleb128 0xe
 410 0009 00       		.byte	0
 411 000a 00       		.byte	0
 412 000b 02       		.uleb128 0x2
 413 000c 0D       		.uleb128 0xd
 414 000d 00       		.byte	0
 415 000e 03       		.uleb128 0x3
 416 000f 0E       		.uleb128 0xe
 417 0010 3A       		.uleb128 0x3a
 418 0011 0B       		.uleb128 0xb
 419 0012 3B       		.uleb128 0x3b
 420 0013 0B       		.uleb128 0xb
 421 0014 39       		.uleb128 0x39
 422 0015 0B       		.uleb128 0xb
 423 0016 49       		.uleb128 0x49
 424 0017 13       		.uleb128 0x13
 425 0018 38       		.uleb128 0x38
 426 0019 0B       		.uleb128 0xb
 427 001a 00       		.byte	0
 428 001b 00       		.byte	0
 429 001c 03       		.uleb128 0x3
 430 001d 16       		.uleb128 0x16
 431 001e 00       		.byte	0
 432 001f 03       		.uleb128 0x3
 433 0020 0E       		.uleb128 0xe
 434 0021 3A       		.uleb128 0x3a
 435 0022 0B       		.uleb128 0xb
 436 0023 3B       		.uleb128 0x3b
 437 0024 0B       		.uleb128 0xb
 438 0025 39       		.uleb128 0x39
 439 0026 0B       		.uleb128 0xb
 440 0027 49       		.uleb128 0x49
 441 0028 13       		.uleb128 0x13
 442 0029 00       		.byte	0
 443 002a 00       		.byte	0
 444 002b 04       		.uleb128 0x4
 445 002c 26       		.uleb128 0x26
 446 002d 00       		.byte	0
 447 002e 49       		.uleb128 0x49
 448 002f 13       		.uleb128 0x13
 449 0030 00       		.byte	0
 450 0031 00       		.byte	0
 451 0032 05       		.uleb128 0x5
 452 0033 13       		.uleb128 0x13
 453 0034 01       		.byte	0x1
 454 0035 0B       		.uleb128 0xb
 455 0036 0B       		.uleb128 0xb
 456 0037 3A       		.uleb128 0x3a
ARM GAS  /tmp/ccVnViyi.s 			page 9


 457 0038 0B       		.uleb128 0xb
 458 0039 3B       		.uleb128 0x3b
 459 003a 0B       		.uleb128 0xb
 460 003b 39       		.uleb128 0x39
 461 003c 0B       		.uleb128 0xb
 462 003d 01       		.uleb128 0x1
 463 003e 13       		.uleb128 0x13
 464 003f 00       		.byte	0
 465 0040 00       		.byte	0
 466 0041 06       		.uleb128 0x6
 467 0042 0D       		.uleb128 0xd
 468 0043 00       		.byte	0
 469 0044 03       		.uleb128 0x3
 470 0045 08       		.uleb128 0x8
 471 0046 3A       		.uleb128 0x3a
 472 0047 21       		.uleb128 0x21
 473 0048 04       		.sleb128 4
 474 0049 3B       		.uleb128 0x3b
 475 004a 0B       		.uleb128 0xb
 476 004b 39       		.uleb128 0x39
 477 004c 21       		.uleb128 0x21
 478 004d 19       		.sleb128 25
 479 004e 49       		.uleb128 0x49
 480 004f 13       		.uleb128 0x13
 481 0050 38       		.uleb128 0x38
 482 0051 0B       		.uleb128 0xb
 483 0052 00       		.byte	0
 484 0053 00       		.byte	0
 485 0054 07       		.uleb128 0x7
 486 0055 05       		.uleb128 0x5
 487 0056 00       		.byte	0
 488 0057 49       		.uleb128 0x49
 489 0058 13       		.uleb128 0x13
 490 0059 00       		.byte	0
 491 005a 00       		.byte	0
 492 005b 08       		.uleb128 0x8
 493 005c 05       		.uleb128 0x5
 494 005d 00       		.byte	0
 495 005e 03       		.uleb128 0x3
 496 005f 08       		.uleb128 0x8
 497 0060 3A       		.uleb128 0x3a
 498 0061 21       		.uleb128 0x21
 499 0062 07       		.sleb128 7
 500 0063 3B       		.uleb128 0x3b
 501 0064 0B       		.uleb128 0xb
 502 0065 39       		.uleb128 0x39
 503 0066 0B       		.uleb128 0xb
 504 0067 49       		.uleb128 0x49
 505 0068 13       		.uleb128 0x13
 506 0069 00       		.byte	0
 507 006a 00       		.byte	0
 508 006b 09       		.uleb128 0x9
 509 006c 34       		.uleb128 0x34
 510 006d 00       		.byte	0
 511 006e 03       		.uleb128 0x3
 512 006f 0E       		.uleb128 0xe
 513 0070 49       		.uleb128 0x49
ARM GAS  /tmp/ccVnViyi.s 			page 10


 514 0071 13       		.uleb128 0x13
 515 0072 34       		.uleb128 0x34
 516 0073 19       		.uleb128 0x19
 517 0074 00       		.byte	0
 518 0075 00       		.byte	0
 519 0076 0A       		.uleb128 0xa
 520 0077 01       		.uleb128 0x1
 521 0078 01       		.byte	0x1
 522 0079 49       		.uleb128 0x49
 523 007a 13       		.uleb128 0x13
 524 007b 01       		.uleb128 0x1
 525 007c 13       		.uleb128 0x13
 526 007d 00       		.byte	0
 527 007e 00       		.byte	0
 528 007f 0B       		.uleb128 0xb
 529 0080 21       		.uleb128 0x21
 530 0081 00       		.byte	0
 531 0082 49       		.uleb128 0x49
 532 0083 13       		.uleb128 0x13
 533 0084 2F       		.uleb128 0x2f
 534 0085 0B       		.uleb128 0xb
 535 0086 00       		.byte	0
 536 0087 00       		.byte	0
 537 0088 0C       		.uleb128 0xc
 538 0089 35       		.uleb128 0x35
 539 008a 00       		.byte	0
 540 008b 49       		.uleb128 0x49
 541 008c 13       		.uleb128 0x13
 542 008d 00       		.byte	0
 543 008e 00       		.byte	0
 544 008f 0D       		.uleb128 0xd
 545 0090 0D       		.uleb128 0xd
 546 0091 00       		.byte	0
 547 0092 03       		.uleb128 0x3
 548 0093 08       		.uleb128 0x8
 549 0094 3A       		.uleb128 0x3a
 550 0095 21       		.uleb128 0x21
 551 0096 04       		.sleb128 4
 552 0097 3B       		.uleb128 0x3b
 553 0098 0B       		.uleb128 0xb
 554 0099 39       		.uleb128 0x39
 555 009a 0B       		.uleb128 0xb
 556 009b 49       		.uleb128 0x49
 557 009c 13       		.uleb128 0x13
 558 009d 00       		.byte	0
 559 009e 00       		.byte	0
 560 009f 0E       		.uleb128 0xe
 561 00a0 0F       		.uleb128 0xf
 562 00a1 00       		.byte	0
 563 00a2 0B       		.uleb128 0xb
 564 00a3 21       		.uleb128 0x21
 565 00a4 04       		.sleb128 4
 566 00a5 49       		.uleb128 0x49
 567 00a6 13       		.uleb128 0x13
 568 00a7 00       		.byte	0
 569 00a8 00       		.byte	0
 570 00a9 0F       		.uleb128 0xf
ARM GAS  /tmp/ccVnViyi.s 			page 11


 571 00aa 2E       		.uleb128 0x2e
 572 00ab 01       		.byte	0x1
 573 00ac 3F       		.uleb128 0x3f
 574 00ad 19       		.uleb128 0x19
 575 00ae 03       		.uleb128 0x3
 576 00af 0E       		.uleb128 0xe
 577 00b0 3A       		.uleb128 0x3a
 578 00b1 21       		.uleb128 0x21
 579 00b2 07       		.sleb128 7
 580 00b3 3B       		.uleb128 0x3b
 581 00b4 0B       		.uleb128 0xb
 582 00b5 39       		.uleb128 0x39
 583 00b6 21       		.uleb128 0x21
 584 00b7 06       		.sleb128 6
 585 00b8 27       		.uleb128 0x27
 586 00b9 19       		.uleb128 0x19
 587 00ba 01       		.uleb128 0x1
 588 00bb 13       		.uleb128 0x13
 589 00bc 00       		.byte	0
 590 00bd 00       		.byte	0
 591 00be 10       		.uleb128 0x10
 592 00bf 05       		.uleb128 0x5
 593 00c0 00       		.byte	0
 594 00c1 03       		.uleb128 0x3
 595 00c2 0E       		.uleb128 0xe
 596 00c3 3A       		.uleb128 0x3a
 597 00c4 21       		.uleb128 0x21
 598 00c5 07       		.sleb128 7
 599 00c6 3B       		.uleb128 0x3b
 600 00c7 0B       		.uleb128 0xb
 601 00c8 39       		.uleb128 0x39
 602 00c9 0B       		.uleb128 0xb
 603 00ca 49       		.uleb128 0x49
 604 00cb 13       		.uleb128 0x13
 605 00cc 00       		.byte	0
 606 00cd 00       		.byte	0
 607 00ce 11       		.uleb128 0x11
 608 00cf 11       		.uleb128 0x11
 609 00d0 01       		.byte	0x1
 610 00d1 25       		.uleb128 0x25
 611 00d2 0E       		.uleb128 0xe
 612 00d3 13       		.uleb128 0x13
 613 00d4 0B       		.uleb128 0xb
 614 00d5 03       		.uleb128 0x3
 615 00d6 0E       		.uleb128 0xe
 616 00d7 1B       		.uleb128 0x1b
 617 00d8 0E       		.uleb128 0xe
 618 00d9 10       		.uleb128 0x10
 619 00da 17       		.uleb128 0x17
 620 00db 00       		.byte	0
 621 00dc 00       		.byte	0
 622 00dd 12       		.uleb128 0x12
 623 00de 24       		.uleb128 0x24
 624 00df 00       		.byte	0
 625 00e0 0B       		.uleb128 0xb
 626 00e1 0B       		.uleb128 0xb
 627 00e2 3E       		.uleb128 0x3e
ARM GAS  /tmp/ccVnViyi.s 			page 12


 628 00e3 0B       		.uleb128 0xb
 629 00e4 03       		.uleb128 0x3
 630 00e5 08       		.uleb128 0x8
 631 00e6 00       		.byte	0
 632 00e7 00       		.byte	0
 633 00e8 13       		.uleb128 0x13
 634 00e9 17       		.uleb128 0x17
 635 00ea 01       		.byte	0x1
 636 00eb 0B       		.uleb128 0xb
 637 00ec 0B       		.uleb128 0xb
 638 00ed 3A       		.uleb128 0x3a
 639 00ee 0B       		.uleb128 0xb
 640 00ef 3B       		.uleb128 0x3b
 641 00f0 0B       		.uleb128 0xb
 642 00f1 39       		.uleb128 0x39
 643 00f2 0B       		.uleb128 0xb
 644 00f3 01       		.uleb128 0x1
 645 00f4 13       		.uleb128 0x13
 646 00f5 00       		.byte	0
 647 00f6 00       		.byte	0
 648 00f7 14       		.uleb128 0x14
 649 00f8 2E       		.uleb128 0x2e
 650 00f9 01       		.byte	0x1
 651 00fa 3F       		.uleb128 0x3f
 652 00fb 19       		.uleb128 0x19
 653 00fc 03       		.uleb128 0x3
 654 00fd 0E       		.uleb128 0xe
 655 00fe 3A       		.uleb128 0x3a
 656 00ff 0B       		.uleb128 0xb
 657 0100 3B       		.uleb128 0x3b
 658 0101 05       		.uleb128 0x5
 659 0102 39       		.uleb128 0x39
 660 0103 0B       		.uleb128 0xb
 661 0104 27       		.uleb128 0x27
 662 0105 19       		.uleb128 0x19
 663 0106 3C       		.uleb128 0x3c
 664 0107 19       		.uleb128 0x19
 665 0108 01       		.uleb128 0x1
 666 0109 13       		.uleb128 0x13
 667 010a 00       		.byte	0
 668 010b 00       		.byte	0
 669 010c 15       		.uleb128 0x15
 670 010d 0B       		.uleb128 0xb
 671 010e 01       		.byte	0x1
 672 010f 00       		.byte	0
 673 0110 00       		.byte	0
 674 0111 16       		.uleb128 0x16
 675 0112 34       		.uleb128 0x34
 676 0113 00       		.byte	0
 677 0114 03       		.uleb128 0x3
 678 0115 08       		.uleb128 0x8
 679 0116 3A       		.uleb128 0x3a
 680 0117 0B       		.uleb128 0xb
 681 0118 3B       		.uleb128 0x3b
 682 0119 0B       		.uleb128 0xb
 683 011a 39       		.uleb128 0x39
 684 011b 0B       		.uleb128 0xb
ARM GAS  /tmp/ccVnViyi.s 			page 13


 685 011c 49       		.uleb128 0x49
 686 011d 13       		.uleb128 0x13
 687 011e 00       		.byte	0
 688 011f 00       		.byte	0
 689 0120 17       		.uleb128 0x17
 690 0121 2E       		.uleb128 0x2e
 691 0122 01       		.byte	0x1
 692 0123 3F       		.uleb128 0x3f
 693 0124 19       		.uleb128 0x19
 694 0125 03       		.uleb128 0x3
 695 0126 0E       		.uleb128 0xe
 696 0127 3A       		.uleb128 0x3a
 697 0128 0B       		.uleb128 0xb
 698 0129 3B       		.uleb128 0x3b
 699 012a 0B       		.uleb128 0xb
 700 012b 39       		.uleb128 0x39
 701 012c 0B       		.uleb128 0xb
 702 012d 27       		.uleb128 0x27
 703 012e 19       		.uleb128 0x19
 704 012f 49       		.uleb128 0x49
 705 0130 13       		.uleb128 0x13
 706 0131 01       		.uleb128 0x1
 707 0132 13       		.uleb128 0x13
 708 0133 00       		.byte	0
 709 0134 00       		.byte	0
 710 0135 00       		.byte	0
 711              		.section	.gnu.debuglto_.debug_line,"e",%progbits
 712              	.Ldebug_line0:
 713 0000 68000000 		.4byte	.LELT0-.LSLT0
 714              	.LSLT0:
 715 0004 0500     		.2byte	0x5
 716 0006 04       		.byte	0x4
 717 0007 00       		.byte	0
 718 0008 60000000 		.4byte	.LELTP0-.LASLTP0
 719              	.LASLTP0:
 720 000c 01       		.byte	0x1
 721 000d 01       		.byte	0x1
 722 000e 01       		.byte	0x1
 723 000f F6       		.byte	0xf6
 724 0010 F2       		.byte	0xf2
 725 0011 0D       		.byte	0xd
 726 0012 00       		.byte	0
 727 0013 01       		.byte	0x1
 728 0014 01       		.byte	0x1
 729 0015 01       		.byte	0x1
 730 0016 01       		.byte	0x1
 731 0017 00       		.byte	0
 732 0018 00       		.byte	0
 733 0019 00       		.byte	0
 734 001a 01       		.byte	0x1
 735 001b 00       		.byte	0
 736 001c 00       		.byte	0
 737 001d 01       		.byte	0x1
 738 001e 01       		.byte	0x1
 739 001f 01       		.uleb128 0x1
 740 0020 1F       		.uleb128 0x1f
 741 0021 07       		.uleb128 0x7
ARM GAS  /tmp/ccVnViyi.s 			page 14


 742 0022 25010000 		.4byte	.LASF44
 743 0026 E7000000 		.4byte	.LASF45
 744 002a 7F000000 		.4byte	.LASF46
 745 002e 8D010000 		.4byte	.LASF47
 746 0032 5C000000 		.4byte	.LASF48
 747 0036 33000000 		.4byte	.LASF49
 748 003a CC000000 		.4byte	.LASF50
 749 003e 02       		.byte	0x2
 750 003f 01       		.uleb128 0x1
 751 0040 1F       		.uleb128 0x1f
 752 0041 02       		.uleb128 0x2
 753 0042 0B       		.uleb128 0xb
 754 0043 08       		.uleb128 0x8
 755 0044 0A000000 		.4byte	.LASF51
 756 0048 00       		.byte	0
 757 0049 BB000000 		.4byte	.LASF52
 758 004d 04       		.byte	0x4
 759 004e 00000000 		.4byte	.LASF53
 760 0052 05       		.byte	0x5
 761 0053 AC010000 		.4byte	.LASF54
 762 0057 06       		.byte	0x6
 763 0058 0A010000 		.4byte	.LASF55
 764 005c 02       		.byte	0x2
 765 005d 17010000 		.4byte	.LASF56
 766 0061 02       		.byte	0x2
 767 0062 B1000000 		.4byte	.LASF57
 768 0066 01       		.byte	0x1
 769 0067 52000000 		.4byte	.LASF58
 770 006b 03       		.byte	0x3
 771              	.LELTP0:
 772              	.LELT0:
 773              		.section	.gnu.debuglto_.debug_str,"eMS",%progbits,1
 774              	.LASF41:
 775 0000 474E5520 		.ascii	"GNU C17 14.1.0 -mcpu=cortex-m4 -mthumb -mfloat-abi="
 775      43313720 
 775      31342E31 
 775      2E30202D 
 775      6D637075 
 776 0033 736F6674 		.ascii	"soft -march=armv7e-m -ggdb -O2 -fomit-frame-pointer"
 776      202D6D61 
 776      7263683D 
 776      61726D76 
 776      37652D6D 
 777 0066 202D6661 		.ascii	" -falign-functions=16 -ffunction-sections -fdata-se"
 777      6C69676E 
 777      2D66756E 
 777      6374696F 
 777      6E733D31 
 778 0099 6374696F 		.ascii	"ctions -fno-common -flto\000"
 778      6E73202D 
 778      666E6F2D 
 778      636F6D6D 
 778      6F6E202D 
 779              	.LASF20:
 780 00b2 4F535045 		.ascii	"OSPEEDR\000"
 780      45445200 
 781              	.LASF17:
ARM GAS  /tmp/ccVnViyi.s 			page 15


 782 00ba 636C6561 		.ascii	"clear\000"
 782      7200
 783              	.LASF18:
 784 00c0 4D4F4445 		.ascii	"MODER\000"
 784      5200
 785              	.LASF40:
 786 00c6 70616C52 		.ascii	"palReadBus\000"
 786      65616442 
 786      757300
 787              	.LASF14:
 788 00d1 75696E74 		.ascii	"uint_fast8_t\000"
 788      5F666173 
 788      74385F74 
 788      00
 789              	.LASF22:
 790 00de 42535252 		.ascii	"BSRR\000"
 790      00
 791              	.LASF36:
 792 00e3 70616C57 		.ascii	"palWriteBus\000"
 792      72697465 
 792      42757300 
 793              	.LASF5:
 794 00ef 73686F72 		.ascii	"short int\000"
 794      7420696E 
 794      7400
 795              	.LASF35:
 796 00f9 70616C53 		.ascii	"palSetBusMode\000"
 796      65744275 
 796      734D6F64 
 796      6500
 797              	.LASF30:
 798 0107 706F7274 		.ascii	"portid\000"
 798      696400
 799              	.LASF27:
 800 010e 696F706F 		.ascii	"ioportmask_t\000"
 800      72746D61 
 800      736B5F74 
 800      00
 801              	.LASF38:
 802 011b 5F5F6675 		.ascii	"__func__\000"
 802      6E635F5F 
 802      00
 803              	.LASF19:
 804 0124 4F545950 		.ascii	"OTYPER\000"
 804      455200
 805              	.LASF28:
 806 012b 696F6D6F 		.ascii	"iomode_t\000"
 806      64655F74 
 806      00
 807              	.LASF4:
 808 0134 756E7369 		.ascii	"unsigned char\000"
 808      676E6564 
 808      20636861 
 808      7200
 809              	.LASF25:
 810 0142 41465248 		.ascii	"AFRH\000"
 810      00
ARM GAS  /tmp/ccVnViyi.s 			page 16


 811              	.LASF10:
 812 0147 6C6F6E67 		.ascii	"long unsigned int\000"
 812      20756E73 
 812      69676E65 
 812      6420696E 
 812      7400
 813              	.LASF6:
 814 0159 73686F72 		.ascii	"short unsigned int\000"
 814      7420756E 
 814      7369676E 
 814      65642069 
 814      6E7400
 815              	.LASF24:
 816 016c 4146524C 		.ascii	"AFRL\000"
 816      00
 817              	.LASF8:
 818 0171 5F5F7569 		.ascii	"__uint16_t\000"
 818      6E743136 
 818      5F7400
 819              	.LASF9:
 820 017c 5F5F7569 		.ascii	"__uint32_t\000"
 820      6E743332 
 820      5F7400
 821              	.LASF42:
 822 0187 2E2E2F2E 		.ascii	"../../chibios_trunk/os/hal/src/hal_pal.c\000"
 822      2E2F6368 
 822      6962696F 
 822      735F7472 
 822      756E6B2F 
 823              	.LASF39:
 824 01b0 5F70616C 		.ascii	"_pal_lld_setgroupmode\000"
 824      5F6C6C64 
 824      5F736574 
 824      67726F75 
 824      706D6F64 
 825              	.LASF0:
 826 01c6 756E7369 		.ascii	"unsigned int\000"
 826      676E6564 
 826      20696E74 
 826      00
 827              	.LASF15:
 828 01d3 63686172 		.ascii	"char\000"
 828      00
 829              	.LASF34:
 830 01d8 6D6F6465 		.ascii	"mode\000"
 830      00
 831              	.LASF23:
 832 01dd 4C4F434B 		.ascii	"LOCKR\000"
 832      5200
 833              	.LASF26:
 834 01e3 73746D33 		.ascii	"stm32_gpio_t\000"
 834      325F6770 
 834      696F5F74 
 834      00
 835              	.LASF21:
 836 01f0 50555044 		.ascii	"PUPDR\000"
 836      5200
ARM GAS  /tmp/ccVnViyi.s 			page 17


 837              	.LASF1:
 838 01f6 6C6F6E67 		.ascii	"long long int\000"
 838      206C6F6E 
 838      6720696E 
 838      7400
 839              	.LASF31:
 840 0204 6D61736B 		.ascii	"mask\000"
 840      00
 841              	.LASF37:
 842 0209 62697473 		.ascii	"bits\000"
 842      00
 843              	.LASF32:
 844 020e 6F666673 		.ascii	"offset\000"
 844      657400
 845              	.LASF43:
 846 0215 2F686F6D 		.ascii	"/home/steve/culyun/dev-boards/blackpill/chibios/chi"
 846      652F7374 
 846      6576652F 
 846      63756C79 
 846      756E2F64 
 847 0248 62696F73 		.ascii	"bios_xsvf_player/firmware/F401-blackpill_XSVF_Playe"
 847      5F787376 
 847      665F706C 
 847      61796572 
 847      2F666972 
 848 027b 7200     		.ascii	"r\000"
 849              	.LASF29:
 850 027d 696F706F 		.ascii	"ioportid_t\000"
 850      72746964 
 850      5F7400
 851              	.LASF12:
 852 0288 75696E74 		.ascii	"uint16_t\000"
 852      31365F74 
 852      00
 853              	.LASF13:
 854 0291 75696E74 		.ascii	"uint32_t\000"
 854      33325F74 
 854      00
 855              	.LASF7:
 856 029a 6C6F6E67 		.ascii	"long int\000"
 856      20696E74 
 856      00
 857              	.LASF2:
 858 02a3 6C6F6E67 		.ascii	"long double\000"
 858      20646F75 
 858      626C6500 
 859              	.LASF3:
 860 02af 7369676E 		.ascii	"signed char\000"
 860      65642063 
 860      68617200 
 861              	.LASF16:
 862 02bb 5F426F6F 		.ascii	"_Bool\000"
 862      6C00
 863              	.LASF11:
 864 02c1 6C6F6E67 		.ascii	"long long unsigned int\000"
 864      206C6F6E 
 864      6720756E 
ARM GAS  /tmp/ccVnViyi.s 			page 18


 864      7369676E 
 864      65642069 
 865              	.LASF33:
 866 02d8 494F4275 		.ascii	"IOBus\000"
 866      7300
 867              		.section	.gnu.debuglto_.debug_line_str,"eMS",%progbits,1
 868              	.LASF53:
 869 0000 5F737464 		.ascii	"_stdint.h\000"
 869      696E742E 
 869      6800
 870              	.LASF51:
 871 000a 2E2E2F2E 		.ascii	"../../chibios_trunk/os/hal/src/hal_pal.c\000"
 871      2E2F6368 
 871      6962696F 
 871      735F7472 
 871      756E6B2F 
 872              	.LASF49:
 873 0033 2F757372 		.ascii	"/usr/arm-none-eabi/include/sys\000"
 873      2F61726D 
 873      2D6E6F6E 
 873      652D6561 
 873      62692F69 
 874              	.LASF58:
 875 0052 68616C5F 		.ascii	"hal_pal.c\000"
 875      70616C2E 
 875      6300
 876              	.LASF48:
 877 005c 2F757372 		.ascii	"/usr/arm-none-eabi/include/machine\000"
 877      2F61726D 
 877      2D6E6F6E 
 877      652D6561 
 877      62692F69 
 878              	.LASF46:
 879 007f 2E2E2F2E 		.ascii	"../../chibios_trunk/os/hal/ports/STM32/LLD/GPIOv2\000"
 879      2E2F6368 
 879      6962696F 
 879      735F7472 
 879      756E6B2F 
 880              	.LASF57:
 881 00b1 68616C5F 		.ascii	"hal_pal.h\000"
 881      70616C2E 
 881      6800
 882              	.LASF52:
 883 00bb 5F646566 		.ascii	"_default_types.h\000"
 883      61756C74 
 883      5F747970 
 883      65732E68 
 883      00
 884              	.LASF50:
 885 00cc 2F757372 		.ascii	"/usr/arm-none-eabi/include\000"
 885      2F61726D 
 885      2D6E6F6E 
 885      652D6561 
 885      62692F69 
 886              	.LASF45:
 887 00e7 2E2E2F2E 		.ascii	"../../chibios_trunk/os/hal/include\000"
 887      2E2F6368 
ARM GAS  /tmp/ccVnViyi.s 			page 19


 887      6962696F 
 887      735F7472 
 887      756E6B2F 
 888              	.LASF55:
 889 010a 73746D33 		.ascii	"stm32_gpio.h\000"
 889      325F6770 
 889      696F2E68 
 889      00
 890              	.LASF56:
 891 0117 68616C5F 		.ascii	"hal_pal_lld.h\000"
 891      70616C5F 
 891      6C6C642E 
 891      6800
 892              	.LASF44:
 893 0125 2F686F6D 		.ascii	"/home/steve/culyun/dev-boards/blackpill/chibios/chi"
 893      652F7374 
 893      6576652F 
 893      63756C79 
 893      756E2F64 
 894 0158 62696F73 		.ascii	"bios_xsvf_player/firmware/F401-blackpill_XSVF_Playe"
 894      5F787376 
 894      665F706C 
 894      61796572 
 894      2F666972 
 895 018b 7200     		.ascii	"r\000"
 896              	.LASF47:
 897 018d 2E2E2F2E 		.ascii	"../../chibios_trunk/os/hal/src\000"
 897      2E2F6368 
 897      6962696F 
 897      735F7472 
 897      756E6B2F 
 898              	.LASF54:
 899 01ac 73746469 		.ascii	"stdint.h\000"
 899      6E742E68 
 899      00
 900              		.text
 901              		.section	.gnu.lto_.profile.94fbd9a341b36465,"e",%progbits
 902 0000 28B52FFD 		.ascii	"(\265/\375 \0061\000\000\002\000\000\000\000\000"
 902      20063100 
 902      00020000 
 902      000000
 903              		.text
 904              		.section	.gnu.lto_.icf.94fbd9a341b36465,"e",%progbits
 905 0000 28B52FFD 		.ascii	"(\265/\375 O\005\002\000\344\002C\000\003\000\305\272"
 905      204F0502 
 905      00E40243 
 905      000300C5 
 905      BA
 906 0011 BD8C0308 		.ascii	"\275\214\003\010\002\000\002\001\002\002\002\003\002"
 906      02000201 
 906      02020203 
 906      02
 907 001e 04010180 		.ascii	"\004\001\001\200\313\360\377\006\010\005\002\003\002"
 907      CBF0FF06 
 907      08050203 
 907      02
 908 002b C4A3F4F3 		.ascii	"\304\243\364\363\014\006\002\002\001\002\004\002\001"
ARM GAS  /tmp/ccVnViyi.s 			page 20


 908      0C060202 
 908      01020402 
 908      01
 909 0038 00060032 		.ascii	"\000\006\0002\005\205\012\260y\300\305\270\225\026`"
 909      05850AB0 
 909      79C0C5B8 
 909      951660
 910 0047 D006     		.ascii	"\320\006"
 911              		.text
 912              		.section	.gnu.lto_.ipa_sra.94fbd9a341b36465,"e",%progbits
 913 0000 28B52FFD 		.ascii	"(\265/\375 x%\002\000\024\003l\000\003\000\001\003\002"
 913      20782502 
 913      0014036C 
 913      00030001 
 913      0302
 914 0012 06020000 		.ascii	"\006\002\000\000\004\001\002\007\002\002\004\004\001"
 914      04010207 
 914      02020404 
 914      01
 915 001f 02080204 		.ascii	"\002\010\002\004\010\004\001\010\014\016\003\001\002"
 915      08040108 
 915      0C0E0301 
 915      02
 916 002c 06000000 		.ascii	"\006\000\000\000\000\001\002\007\001\003\001\001\000"
 916      00010207 
 916      01030101 
 916      00
 917 0039 00010006 		.ascii	"\000\001\000\006\000\273\000*1B\005w\250\305\374\023"
 917      00BB002A 
 917      31420577 
 917      A8C5FC13 
 918 0049 38186001 		.ascii	"8\030`\001"
 919              		.text
 920              		.section	.gnu.lto_.inline.94fbd9a341b36465,"e",%progbits
 921 0000 28B52FFD 		.ascii	"(\265/\375`\011\001]\006\000\322\210\033#\2205I\007"
 921      6009015D 
 921      0600D288 
 921      1B239035 
 921      4907
 922 0012 FFFFFF9F 		.ascii	"\377\377\377\237\277\242\306\034\016\211\037kS\015\266"
 922      BFA2C61C 
 922      0E891F6B 
 922      530DB6
 923 0021 6247CF41 		.ascii	"bG\317A\314\202t\326\372\333\336\326>!r\247\277</\317"
 923      CC8274D6 
 923      FADBDED6 
 923      3E2172A7 
 923      BF3C2FCF 
 924 0035 CB83FE42 		.ascii	"\313\203\376BB\330\242-\343\021\005\001\332\022\246"
 924      42D8A22D 
 924      E3110501 
 924      DA12A6
 925 0044 52947978 		.ascii	"R\224yx\251\245Vr\223\224\232!\303d@\263\300\346\240"
 925      A9A55672 
 925      93949A21 
 925      C36440B3 
 925      C0E6A0
ARM GAS  /tmp/ccVnViyi.s 			page 21


 926 0057 465BC3B7 		.ascii	"F[\303\267\326\251S3\335\351\346%hs6\374\006\035\367"
 926      D6A95333 
 926      DDE9E625 
 926      687336FC 
 926      061DF7
 927 006a 420B14F4 		.ascii	"B\013\024\364\321\020\362\203v\332\034\266-\362h\013"
 927      D110F283 
 927      76DA1CB6 
 927      2DF2680B 
 928 007a 08272080 		.ascii	"\010' \200\"\252\242=\236\203\010A@Q\205@\341\362|\230"
 928      22AAA23D 
 928      9E830841 
 928      40518540 
 928      E1F27C98 
 929 008e 4B144CBA 		.ascii	"K\024L\272\000\225\177^\262p\014\237\221r\003\226\340"
 929      00957F5E 
 929      B2700C9F 
 929      91720396 
 929      E0
 930 009f 858267F0 		.ascii	"\205\202g\360\301\346;Z\214#\026\024z\261\215\235h9"
 930      C1E63B5A 
 930      8C231614 
 930      7AB18D9D 
 930      6839
 931 00b1 94D9C6E6 		.ascii	"\224\331\306\346\036\010\033\340|\025\257m\344\002\006"
 931      1E081BE0 
 931      7C15AF6D 
 931      E40206
 932 00c0 B70DF9CB 		.ascii	"\267\015\371\313\210\255\271\231!\232\264\\\263l!Z\262"
 932      88ADB999 
 932      219AB45C 
 932      B36C215A 
 932      B2
 933 00d1 5C4B5343 		.ascii	"\\KSC"
 934              		.text
 935              		.section	.gnu.lto_.jmpfuncs.94fbd9a341b36465,"e",%progbits
 936 0000 28B52FFD 		.ascii	"(\265/\375 9\205\001\000T\002-\000\003\000\001\001\003"
 936      20398501 
 936      0054022D 
 936      00030001 
 936      0103
 937 0012 00020101 		.ascii	"\000\002\001\001\002\001\001\017\000\002\001\177\002"
 937      0201010F 
 937      0002017F 
 937      02
 938 001f 0A020201 		.ascii	"\012\002\002\001\001\013\013\006\000\004\200\001\001"
 938      010B0B06 
 938      00048001 
 938      01
 939 002c 00000000 		.ascii	"\000\000\000\000\003\0008\031\330\274c\003m"
 939      03003819 
 939      D8BC6303 
 939      6D
 940              		.text
 941              		.section	.gnu.lto_.pureconst.94fbd9a341b36465,"e",%progbits
 942 0000 28B52FFD 		.ascii	"(\265/\375 \016q\000\000\012\000\000\000\003\000\232"
 942      200E7100 
ARM GAS  /tmp/ccVnViyi.s 			page 22


 942      000A0000 
 942      0003009A 
 943 0010 04019A04 		.ascii	"\004\001\232\004\002\231\004"
 943      029904
 944              		.text
 945              		.section	.gnu.lto_.ipa_modref.94fbd9a341b36465,"e",%progbits
 946 0000 28B52FFD 		.ascii	"(\265/\375 \252%\003\000\364\003\236\000\003\000\001"
 946      20AA2503 
 946      00F4039E 
 946      00030001 
 947 0010 7C000000 		.ascii	"|\000\000\000\002\002\014\000\003\002\006\000\001\000"
 947      02020C00 
 947      03020600 
 947      0100
 948 001e 01000020 		.ascii	"\001\000\000  \002\010\300\007   \002\015\000\001\002"
 948      200208C0 
 948      07202020 
 948      020D0001 
 948      02
 949 002f 0E010601 		.ascii	"\016\001\006\001\002\024\001\007 \006\000  \000\001"
 949      02140107 
 949      20060020 
 949      200001
 950 003e 0F010000 		.ascii	"\017\001\000\000\006\002\006\000\000\000\000\000\017"
 950      06020600 
 950      00000000 
 950      0F
 951 004b 007B6C60 		.ascii	"\000{l`\006\011@\270Zq\341\252)\020\030\220\002\344"
 951      060940B8 
 951      5A71E1AA 
 951      29101890 
 951      02E4
 952 005d B43AB662 		.ascii	"\264:\266b\331+C\320\347\262\030-\002o\240\015"
 952      D92B43D0 
 952      E7B2182D 
 952      026FA00D 
 953              		.text
 954              		.section	.gnu.lto_.lto.94fbd9a341b36465,"e",%progbits
 955 0000 0E000000 		.ascii	"\016\000\000\000\001\000\001\000"
 955      01000100 
 956              		.text
 957              		.section	.gnu.lto_palReadBus.387.94fbd9a341b36465,"e",%progbits
 958 0000 28B52FFD 		.ascii	"(\265/\375`S\001u\016\000\346ZbE\000\2216\035\230W2"
 958      60530175 
 958      0E00E65A 
 958      62450091 
 958      361D9857 
 959 0015 39F06DDF 		.ascii	"9\360m\337\345@p\235\341{7$\243hM'\210g\341\355\353"
 959      E540709D 
 959      E17B3724 
 959      A3684D27 
 959      8867E1ED 
 960 002a 6324827D 		.ascii	"c$\202}\017\253\031\260F\210\215\320|e\025\327z\342"
 960      0FAB19B0 
 960      46888DD0 
 960      7C6515D7 
 960      7AE2
ARM GAS  /tmp/ccVnViyi.s 			page 23


 961 003c 7BB197F8 		.ascii	"{\261\227\370\264_\337r\214\215\275\333d\365*\363\216"
 961      B45FDF72 
 961      8C8DBDDB 
 961      64F52AF3 
 961      8E
 962 004d 9AD02672 		.ascii	"\232\320&r\313\024M\000M\000M\000\035\244\334R\311\261"
 962      CB144D00 
 962      4D004D00 
 962      1DA4DC52 
 962      C9B1
 963 005f EE1B1F4C 		.ascii	"\356\033\037L\335c\366\325p\355\374\377M\261*L.\242"
 963      DD63F6D5 
 963      70EDFCFF 
 963      4DB12A4C 
 963      2EA2
 964 0071 C696D208 		.ascii	"\306\226\322\010tZ\251\361\"\246{\364(\260\002\252\235"
 964      745AA9F1 
 964      22A67BF4 
 964      28B002AA 
 964      9D
 965 0082 D466AA9D 		.ascii	"\324f\252\235LbE+E\337}\331k\306\211\030)*\243\225\026"
 965      4C62452B 
 965      45DF7DD9 
 965      6BC68918 
 965      292AA395 
 966 0097 83EEBE4C 		.ascii	"\203\356\276LQ\311\260\347\375\177\340\177\211\177\305"
 966      51C9B0E7 
 966      FD7FE07F 
 966      897FC5
 967 00a6 7DA2F9AE 		.ascii	"}\242\371\256\250\020^.;\277%<`\204\211\304\375\000"
 967      A8105E2E 
 967      3BBF253C 
 967      608489C4 
 967      FD00
 968 00b8 284E0444 		.ascii	"(N\004D\030\340\013.\247\2268>\216$\267|\251f\226\237"
 968      18E00B2E 
 968      A796383E 
 968      8E24B77C 
 968      A966969F 
 969 00cc 92BF2879 		.ascii	"\222\277(yk\312W\224\374dy\352\362\274\245]\211I\016"
 969      6BCA5794 
 969      FC6479EA 
 969      F2BCA55D 
 969      89490E
 970 00df 3676038D 		.ascii	"6v\003\215n\0209bZ\306\204a\342\277\311\017\340\237"
 970      6E103962 
 970      5AC68461 
 970      E2BFC90F 
 970      E09F
 971 00f1 2F1B1C2A 		.ascii	"/\033\034*\"\222x\"Gk\250\216\204\264~\276\016\355\374"
 971      22927822 
 971      476BA88E 
 971      84B47EBE 
 971      0EEDFC
 972 0104 1F7BA966 		.ascii	"\037{\251f\026\346*\004\211O~\261\305\314\213\342A["
 972      16E62A04 
 972      894F7EB1 
ARM GAS  /tmp/ccVnViyi.s 			page 24


 972      C5CC8BE2 
 972      415B
 973 0116 17DBC558 		.ascii	"\027\333\305X\305\223-^\024\014\026\270mQ+\306L\244"
 973      C5932D5E 
 973      140C16B8 
 973      6D512BC6 
 973      4CA4
 974 0128 08CBA2BB 		.ascii	"\010\313\242\273\272W4_\230\220\347S\355\234\214\231"
 974      BA57345F 
 974      9890E753 
 974      ED9C8C99 
 975 0138 60B8FF7F 		.ascii	"`\270\377\177;J\270:_\240\251\225S\360\301\3112\241"
 975      3B4AB83A 
 975      5FA0A995 
 975      53F0C1C9 
 975      32A1
 976 014a B8E17399 		.ascii	"\270\341s\231\267\2014\016\014\251\267uh\370Q\217\210"
 976      B781340E 
 976      0CA9B775 
 976      68F8518F 
 976      88
 977 015b 088E6419 		.ascii	"\010\216d\031\3152\004o\240\201<p\000A\353\370\360H"
 977      CD32046F 
 977      A0813C70 
 977      0041EBF8 
 977      F048
 978 016d 00422BB8 		.ascii	"\000B+\270M\370\200]\010\005+\311\346\201\264\220PH"
 978      4DF8805D 
 978      08052BC9 
 978      E681B490 
 978      5048
 979 017f 410BBF6E 		.ascii	"A\013\277n\323u8\352y\035\310\303m\336\206\206\034p"
 979      D37538EA 
 979      791DC8C3 
 979      6DDE8686 
 979      1C70
 980 0191 FB361DA1 		.ascii	"\3736\035\241\032\032\0002+Y\205%\2042G]\363Ue\340\212"
 980      1A1A0032 
 980      2B598525 
 980      8432475D 
 980      F35565E0 
 981 01a6 B6C9A21D 		.ascii	"\266\311\242\035Z\001\200!C\365\321\207\206@P\0226\030"
 981      5A018021 
 981      43F5D187 
 981      86405012 
 981      3618
 982 01b8 8A347055 		.ascii	"\2124pUI\327]\315J\316\230O1D1\266b{kL\245,\340\036"
 982      49D75DCD 
 982      4ACE984F 
 982      314431B6 
 982      627B6B4C 
 983 01d0 420E40A5 		.ascii	"B\016@\2451\265\223\014"
 983      31B5930C 
 984              		.text
 985              		.section	.gnu.lto_palWriteBus.388.94fbd9a341b36465,"e",%progbits
 986 0000 28B52FFD 		.ascii	"(\265/\375`,\002\275\022\000\266\343~H\340\360&\035"
 986      602C02BD 
ARM GAS  /tmp/ccVnViyi.s 			page 25


 986      1200B6E3 
 986      7E48E0F0 
 986      261D
 987 0012 CB3D10E7 		.ascii	"\313=\020\347<\003\324\021\226\\*\347\237\324\276\010"
 987      3C03D411 
 987      965C2AE7 
 987      9FD4BE08 
 988 0022 79E14B39 		.ascii	"y\341K9\366\311\312N&\202\341<\247\341=\247\336vh\037"
 988      F6C9CA4E 
 988      2682E13C 
 988      A7E13DA7 
 988      DE76681F 
 989 0036 3E5EAE13 		.ascii	">^\256\023\367>\361\"u\3408\302\021\317F6`\002\354\003"
 989      F73EF122 
 989      75E038C2 
 989      11CF4636 
 989      6002EC03 
 990 004a CCF49E47 		.ascii	"\314\364\236G\263\237H#{\313\235Rf\000c\000j\000-\256"
 990      B39F4823 
 990      7BCB9D52 
 990      66006300 
 990      6A002DAE 
 991 005e B4826946 		.ascii	"\264\202iF\2558\003\247~\011\357\364({\322\370M\376"
 991      AD3803A7 
 991      7E09EFF4 
 991      287BD2F8 
 991      4DFE
 992 0070 58A851D4 		.ascii	"X\250Q\324\343\235N\244\337.\355\2378\212\332}d\374"
 992      E39D4EA4 
 992      DF2EED9F 
 992      388ADA7D 
 992      64FC
 993 0082 D5BAD444 		.ascii	"\325\272\324DT+\016\3647x\247\"\027\320\235\316\207"
 993      542B0EF4 
 993      3778A722 
 993      17D09DCE 
 993      87
 994 0093 74A7AED9 		.ascii	"t\247\256\331H)\033\256z2rI/\226j\255%+\342\265\313"
 994      48291BAE 
 994      7A327249 
 994      2F966AAD 
 994      252BE2B5 
 995 00a8 9A7FA007 		.ascii	"\232\177\240\007\270\311\231\271<)\250\265Z\336\344"
 995      B8C999B9 
 995      3C29A8B5 
 995      5ADEE4
 996 00b7 68B8F7B6 		.ascii	"h\270\367\266\011\3306a\313\005\001\373\021\311\355"
 996      09D83661 
 996      CB0501FB 
 996      11C9ED
 997 00c6 F6361E6C 		.ascii	"\3666\036l[\375\240\203\340\3308\032\2603\2628JGU2\031"
 997      5BFDA083 
 997      E0D8381A 
 997      B033B238 
 997      4A475532 
 998 00db 37233784 		.ascii	"7#7\204?\353\362\330\235\364\307\224\366\230\322\251"
 998      3FEBF2D8 
ARM GAS  /tmp/ccVnViyi.s 			page 26


 998      9DF4C794 
 998      F698D2A9 
 999 00eb 298DA2D2 		.ascii	")\215\242\322\035T\372\233\322\336\224>M\351\356\271"
 999      1D54FA9B 
 999      D2DE943E 
 999      4DE9EEB9 
 1000 00fb 9BDEE79F 		.ascii	"\233\336\347\237\377\371%\000\331\341\206\220\0228T"
 1000      FFF92500 
 1000      D9E18690 
 1000      123854
 1001 010a EB871C4B 		.ascii	"\353\207\034K\325\210\026\215x\356\267O1\374\346\343"
 1001      D588168D 
 1001      78EEB74F 
 1001      31FCE6E3 
 1002 011a FC20A368 		.ascii	"\374 \243h\206\337\354\\\314\254\001\313\343\343\340"
 1002      86DFEC5C 
 1002      CCAC01CB 
 1002      E3E3E0
 1003 0129 30B22D8D 		.ascii	"0\262-\215\017tT\322\216\015\341C\021l\011\027Ry\265"
 1003      0F7454D2 
 1003      8E0DE143 
 1003      116C0917 
 1003      5279B5
 1004 013c 823881C1 		.ascii	"\2028\201\301Z\265\272\323O'H\274\213\011\037#t\237"
 1004      5AB5BAD3 
 1004      4F2748BC 
 1004      8B091F23 
 1004      749F
 1005 014e BB884D32 		.ascii	"\273\210M2\331cQK\3676\034\276M\255\207\334T\307z\213"
 1005      D963514B 
 1005      F7361CBE 
 1005      4DAD87DC 
 1005      54C77A8B 
 1006 0162 DAD73481 		.ascii	"\332\3274\201\3341\272o;\3665$^g\261\362\235\266[oo"
 1006      DC31BA6F 
 1006      3BF63524 
 1006      5E67B1F2 
 1006      9DB65B6F 
 1007 0177 A37361AB 		.ascii	"\243sa\253m\226\253\210y\265\322\234\370)h\024\274\236"
 1007      6D96AB88 
 1007      79B5D29C 
 1007      F8296814 
 1007      BC9E
 1008 0189 535FA63B 		.ascii	"S_\246;=\0050\037_^\254\351\004'\242\330B`\222\002\206"
 1008      3D05301F 
 1008      5F5EACE9 
 1008      0427A2D8 
 1008      42609202 
 1009 019e 8C33D6BA 		.ascii	"\2143\326\272\005\302V.\252\226l\014a+W8\306\302\225"
 1009      05C2562E 
 1009      AA966C0C 
 1009      612B5738 
 1009      C6C295
 1010 01b1 9699EC05 		.ascii	"\226\231\354\005\004C\020,`\006*\024\007\015\036\250"
 1010      0443102C 
 1010      60062A14 
 1010      070D1EA8 
ARM GAS  /tmp/ccVnViyi.s 			page 27


 1011 01c1 484C4A0E 		.ascii	"HLJ\016\240\204\242l\005\303\"{\251\20421f\005sQ\251"
 1011      A084A26C 
 1011      05C3227B 
 1011      A9843231 
 1011      66057351 
 1012 01d6 D0C60AAA 		.ascii	"\320\306\012\2521\366b\275\\\255\020\006{\271\254\264"
 1012      31F662BD 
 1012      5CAD1006 
 1012      7BB9ACB4 
 1013 01e6 56305638 		.ascii	"V0V8\246\310V1\026\011ML\011[f1\260Y+\024i\342\313\030"
 1013      A6C85631 
 1013      16094D4C 
 1013      095B6631 
 1013      B0592B14 
 1014 01fe 8A2C3157 		.ascii	"\212,1W\350\262\215\253\2375& p\2029T\267\003b%;,\341"
 1014      E8B28DAB 
 1014      9F352620 
 1014      70823954 
 1014      B7036225 
 1015 0215 658EAFF9 		.ascii	"e\216\257\371\272\014\334h\023l\264\030\352\246\201"
 1015      BA0CDC68 
 1015      136CB418 
 1015      EAA681
 1016 0224 DE4D48EB 		.ascii	"\336MH\353\216\355fK\371\263-Y]f\331\276mV1\232\323"
 1016      8EED664B 
 1016      F9B32D59 
 1016      5D66D9BE 
 1016      6D56319A 
 1017 0239 0108E903 		.ascii	"\001\010\351\003\301\372\253\255t\234\262\317\260\220"
 1017      C1FAABAD 
 1017      749CB2CF 
 1017      B090
 1018 0247 AD0126B6 		.ascii	"\255\001&\266E\3051\361\241`F\"\321q\343\253!\264 \227"
 1018      45C531F1 
 1018      A1604622 
 1018      D171E3AB 
 1018      21B42097 
 1019 025b 1BD2F242 		.ascii	"\033\322\362B\200d"
 1019      8064
 1020              		.text
 1021              		.section	.gnu.lto_palSetBusMode.389.94fbd9a341b36465,"e",%progbits
 1022 0000 28B52FFD 		.ascii	"(\265/\375`S\001-\016\000v\032aE\020\257&\035\003\273"
 1022      6053012D 
 1022      0E00761A 
 1022      614510AF 
 1022      261D03BB 
 1023 0014 827C0450 		.ascii	"\202|\004P\000\262\20248\355$*\036\214\0369\354*\020"
 1023      00B28234 
 1023      38ED242A 
 1023      1E8C1E39 
 1023      EC2A10
 1024 0027 DDD8F685 		.ascii	"\335\330\366\205z\213:\333p\325F\010\226bk\251>\266"
 1024      7A8B3ADB 
 1024      70D54608 
 1024      96626BA9 
 1024      3EB6
 1025 0039 11F4DDB8 		.ascii	"\021\364\335\270\002\210\240\360@\234\216S\227\340("
ARM GAS  /tmp/ccVnViyi.s 			page 28


 1025      0288A0F0 
 1025      409C8E53 
 1025      97E028
 1026 0048 A8E42058 		.ascii	"\250\344 XF,\331D\356\224\002I\000K\000M\000w9\264?"
 1026      462CD944 
 1026      EE940249 
 1026      004B004D 
 1026      007739B4 
 1027 005d E2245097 		.ascii	"\342$P\2271qg\367E\013\315\356*\3631`\217\034\037p="
 1027      317167F7 
 1027      450BCDEE 
 1027      2AF33160 
 1027      8F1C1F70 
 1028 0072 5ADFB81E 		.ascii	"Z\337\270\036\215\262Y\004H\255\026\203\301\241\205"
 1028      8DB25904 
 1028      48AD1683 
 1028      C1A185
 1029 0081 8A9BDDF5 		.ascii	"\212\233\335\365\320\230\243\016Q\376K\\\200\012\313"
 1029      D098A30E 
 1029      51FE4B5C 
 1029      800ACB
 1030 0090 C92167C1 		.ascii	"\311!g\301\356\032\252\260\264\334z\333\006l\177\260"
 1030      EE1AAAB0 
 1030      B4DC7ADB 
 1030      066C7FB0 
 1031 00a0 FF05D137 		.ascii	"\377\005\3217\271\036\243vhR\272\326\010aC\240C\001"
 1031      B91EA376 
 1031      6852BAD6 
 1031      086143A0 
 1031      4301
 1032 00b2 5D51D92C 		.ascii	"]Q\331,\214\341\325\011T\030\337Z}\261-h,Bs,\350K\241"
 1032      8CE1D509 
 1032      5418DF5A 
 1032      7DB12D68 
 1032      2C42732C 
 1033 00c9 E3677EBD 		.ascii	"\343g~\275\314\017;P\203\213g\210\331\3350\343fk\342"
 1033      CC0F3B50 
 1033      838B6788 
 1033      D9DD30E3 
 1033      666BE2
 1034 00dc 0A0FB60F 		.ascii	"\012\017\266\017\300\266@\334\005\316T\230Qa\217\026"
 1034      C0B640DC 
 1034      05CE5498 
 1034      51618F16 
 1035 00ec 4C5AF7E9 		.ascii	"LZ\367\3518M\220\0341\225p\246M\316\323$\371\344$u!"
 1035      384D901C 
 1035      319570A6 
 1035      4DCED324 
 1035      F9E42475 
 1036 0101 19B2BDDA 		.ascii	"\031\262\275\332[\253/\376\212\210\232\224\242X\003"
 1036      5BAB2FFE 
 1036      8A889A94 
 1036      A25803
 1037 0110 AA621AD5 		.ascii	"\252b\032\325\336&\374\005s\244h\312\034\275\024\323"
 1037      DE26FC05 
 1037      73A468CA 
 1037      1CBD14D3 
ARM GAS  /tmp/ccVnViyi.s 			page 29


 1038 0120 A7C8B000 		.ascii	"\247\310\260\000\341)D\234\321Q\220.\273\373\211\010"
 1038      E129449C 
 1038      D151902E 
 1038      BBFB8908 
 1039 0130 D82E0A88 		.ascii	"\330.\012\210o\202\302\207\251\036\023\324\221,+\000"
 1039      6F82C287 
 1039      A91E13D4 
 1039      912C2B00 
 1040 0140 99734BF0 		.ascii	"\231sK\360\001\3126>\323G\275e\234V\362l\336'9-$\277"
 1040      01CA363E 
 1040      D347BD65 
 1040      9C56F26C 
 1040      DE27392D 
 1041 0156 4E8E464C 		.ascii	"N\216FL\036I\226\311,;`\006\236\020\007\015\036x:><"
 1041      1E4996C9 
 1041      2C3B6006 
 1041      9E10070D 
 1041      1E783A3E 
 1042 016b 1084C8E9 		.ascii	"\020\204\310\351i\022H\236HDz\263D\343J\036\221\323"
 1042      6912489E 
 1042      48447AB3 
 1042      44E34A1E 
 1042      91D3
 1043 017d 37C1F375 		.ascii	"7\301\363u\242\217(\264I\216\023\225F\233\306}\344\007"
 1043      A28F28B4 
 1043      498E1395 
 1043      469BC67D 
 1043      E407
 1044 018f F2021900 		.ascii	"\362\002\031\0002+Y\205%\2042G]\363Ue\340\212v\302D"
 1044      322B5985 
 1044      25843247 
 1044      5DF35565 
 1044      E08A76C2 
 1045 01a4 032E34B8 		.ascii	"\003.4\270\022x\006\212\034\312\263I\023\220\033\273"
 1045      1278068A 
 1045      1CCAB349 
 1045      13901BBB 
 1046 01b4 29D6504C 		.ascii	")\326PL\254X\324\0323B\013\260\013\203\203BpY\020\225"
 1046      AC58D41A 
 1046      33420BB0 
 1046      0B838342 
 1046      70591095 
 1047 01c8 1B5CCB0B 		.ascii	"\033\\\313\013a\222\001"
 1047      619201
 1048              		.text
 1049              		.section	.gnu.lto_.symbol_nodes.94fbd9a341b36465,"e",%progbits
 1050 0000 28B52FFD 		.ascii	"(\265/\375 xU\002\000T\003t\000\000\000\000\002\203"
 1050      20785502 
 1050      00540374 
 1050      00000000 
 1050      0283
 1051 0012 037F1080 		.ascii	"\003\177\020\200\200\200\200\004\001\220\316\000\000"
 1051      80808004 
 1051      0190CE00 
 1051      00
 1052 001f 7F0000BA 		.ascii	"\177\000\000\272\220\202\002\204\003\177\021\205\003"
 1052      90820284 
ARM GAS  /tmp/ccVnViyi.s 			page 30


 1052      037F1185 
 1052      03
 1053 002c 7F120188 		.ascii	"\177\022\001\210\003\177\023\377\037\000\000\200\220"
 1053      037F13FF 
 1053      1F000080 
 1053      90
 1054 0039 80030203 		.ascii	"\200\003\002\003\244\006\000\007\000h\314\210\"T\012"
 1054      A4060007 
 1054      0068CC88 
 1054      22540A
 1055 0048 97E13208 		.ascii	"\227\3412\010\350\014\236\314\326\034\003"
 1055      E80C9ECC 
 1055      D61C03
 1056              		.text
 1057              		.section	.gnu.lto_.refs.94fbd9a341b36465,"e",%progbits
 1058 0000 28B52FFD 		.ascii	"(\265/\375 \005)\000\000\001\000\000\000\000"
 1058      20052900 
 1058      00010000 
 1058      0000
 1059              		.text
 1060              		.section	.gnu.lto_.decls.94fbd9a341b36465,"e",%progbits
 1061 0000 28B52FFD 		.ascii	"(\265/\375`\223\014E@\000\372n\260\030?@\250Q\007\264"
 1061      60930C45 
 1061      4000FA6E 
 1061      B0183F40 
 1061      A85107B4 
 1062 0014 B9B02E94 		.ascii	"\271\260.\224y\347\017y?\262\276\316\306\362\0326\254"
 1062      79E70F79 
 1062      3FB2BECE 
 1062      C6F21A36 
 1062      AC
 1063 0025 5B8A9CF3 		.ascii	"[\212\234\363&>\343\273\017i\345\345\343\006keCR\266"
 1063      263EE3BB 
 1063      0F69E5E5 
 1063      E3066B65 
 1063      4352B6
 1064 0038 A1047742 		.ascii	"\241\004wB\236\365\250HD\260c\352P\032\0045\222\337"
 1064      9EF5A848 
 1064      44B063EA 
 1064      501A0435 
 1064      92DF
 1065 004a 21894C29 		.ascii	"!\211L)O\001\177\001v\001\227\362m]j\235\242\313\355"
 1065      4F017F01 
 1065      760197F2 
 1065      6D5D6A9D 
 1065      A2CBED
 1066 005d 8D723B5C 		.ascii	"\215r;\\n\027\224\263\377\311\355l\331\347Q+\213\240"
 1066      6E1794B3 
 1066      FFC9ED6C 
 1066      D9E7512B 
 1066      8BA0
 1067 006f 490E9833 		.ascii	"I\016\23037\027\253\371\332\207\366\354I\255R\365\377"
 1067      3717ABF9 
 1067      DA87F6EC 
 1067      49AD52F5 
 1067      FF
 1068 0080 EF789D76 		.ascii	"\357x\235v;\270\375\247s;Nu5x\210\323\367E\300\346\322"
ARM GAS  /tmp/ccVnViyi.s 			page 31


 1068      3BB8FDA7 
 1068      733B4E75 
 1068      357888D3 
 1068      F745C0E6 
 1069 0095 1050EDDE 		.ascii	"\020P\355\336Xb\262h\305\355k\332x\034<\304\313\367"
 1069      5862B268 
 1069      C5ED6BDA 
 1069      781C3CC4 
 1069      CBF7
 1070 00a7 626A93D2 		.ascii	"bj\223\322\376\333\356v:>\247}\255o\373\357\374\377"
 1070      FEDBEE76 
 1070      3A3EA77D 
 1070      AD6FFBEF 
 1070      FCFF
 1071 00b9 BEEAB66A 		.ascii	"\276\352\266j_s9\036\347C{\366a,\230\000\325*lU\250"
 1071      5F73391E 
 1071      E7437BF6 
 1071      612C9800 
 1071      D52A6C55 
 1072 00ce 0E50E139 		.ascii	"\016P\3419\212\272lYqWew\343o\032\202\303ig\343k\372"
 1072      8ABA6C59 
 1072      71576577 
 1072      E36F1A82 
 1072      C36967E3 
 1073 00e4 9E617F8E 		.ascii	"\236a\177\216W\204\312\034{q?\310\355\020\326]]\235"
 1073      5784CA1C 
 1073      7B713FC8 
 1073      ED10D65D 
 1073      5D9D
 1074 00f6 43589B41 		.ascii	"CX\233A\276\036\265\372\\jm\005\271\355]\247\245\271"
 1074      BE1EB5FA 
 1074      5C6A6D05 
 1074      B9ED5DA7 
 1074      A5B9
 1075 0108 22177782 		.ascii	"\"\027w\202\334\005r\373\262\001\217Z\235\214\227\351"
 1075      DC0572FB 
 1075      B2018F5A 
 1075      9D8C97E9 
 1076 0118 2937D30E 		.ascii	")7\323\016\306\3034F\303>\335\377[o5\022\206,\356\342"
 1076      C6C33446 
 1076      C33EDDFF 
 1076      5B6F3512 
 1076      862CEEE2 
 1077 012c 6ECAED53 		.ascii	"n\312\355Sk\317\247\326\276\271\201G\255\015\\j\305"
 1077      6BCFA7D6 
 1077      BEB98147 
 1077      AD0D5C6A 
 1077      C5
 1078 013d 1E352541 		.ascii	"\0365%A@\373\272/\211\356\246C\010S/\207noo\270\333"
 1078      40FBBA2F 
 1078      89EEA643 
 1078      08532F87 
 1078      6E6F6FB8 
 1079 0152 32BA1B42 		.ascii	"2\272\033Bw+\202\352\276W\335\036\241\333\035t\373\202"
 1079      772B82EA 
 1079      BE57DD1E 
 1079      A1DB1D74 
ARM GAS  /tmp/ccVnViyi.s 			page 32


 1079      FB82
 1080 0164 6E3FD0DD 		.ascii	"n?\320\335w\272\333Lw\307u;\356v\001\335\335\250\273"
 1080      77BADB4C 
 1080      77C7753B 
 1080      EE7601DD 
 1080      DDA8BB
 1081 0177 6F743BAF 		.ascii	"ot;\257\333\237\272\335\251\333\001t{\356\366\246n_"
 1081      DB9FBADD 
 1081      A9DB0174 
 1081      7BEEF6A6 
 1081      6E5F
 1082 0189 BB9DA9BB 		.ascii	"\273\235\251\273\027u7\201\356\326\323\335\270\256\256"
 1082      17753781 
 1082      EED6D3DD 
 1082      B8AEAE
 1083 0198 AEAEDB4B 		.ascii	"\256\256\333Kt_ \335\000\264\004\354\014\351\277;\245"
 1083      745F20DD 
 1083      00B404EC 
 1083      0CE9BF3B 
 1083      A5
 1084 01a9 66EDD713 		.ascii	"f\355\327\023\226\007\366\305\206=\0273\217>\251l\323"
 1084      9607F6C5 
 1084      863D1733 
 1084      8F3EA96C 
 1084      D3
 1085 01ba 59E92141 		.ascii	"Y\351!A,\364\313K\275I}\260'\342\234~\2466\333\177\376"
 1085      2CF4CB4B 
 1085      BD497DB0 
 1085      27E29C7E 
 1085      A636DB7F 
 1086 01cf BF57B19F 		.ascii	"\277W\261\237GV\322\\\261<\244N*\246R\276~\332<\323"
 1086      4756D25C 
 1086      B13CA44E 
 1086      2AA652BE 
 1086      7EDA3CD3 
 1087 01e3 2E667B3B 		.ascii	".f{;(\207\342Z\326\363\250\015a\023\244\355\014i\261"
 1087      2887E25A 
 1087      D6F3A80D 
 1087      6113A4ED 
 1087      0C69B1
 1088 01f6 18BAB8DD 		.ascii	"\030\272\270\335\230\324lA\213z\244\235\033\025I\234"
 1088      98D46C41 
 1088      8B7AA49D 
 1088      1B15499C 
 1089 0206 B0A92638 		.ascii	"\260\251&8t\324\254]\334}\301\372\376x\202K\302^\271"
 1089      74D4AC5D 
 1089      DC7DC1FA 
 1089      FE78824B 
 1089      C25EB9
 1090 0219 F83A59E7 		.ascii	"\370:Y\347z\345R\033\035\244\354\310\351\204@\242\344"
 1090      7AE5521B 
 1090      1DA4ECC8 
 1090      E98440A2 
 1090      E4
 1091 022a 75624CD2 		.ascii	"ubL\322<\314}\257\272\334\207\226\315\367\304\306\254"
 1091      3CCC7DAF 
 1091      BADC8796 
ARM GAS  /tmp/ccVnViyi.s 			page 33


 1091      CDF7C4C6 
 1091      AC
 1092 023b BC7DB95E 		.ascii	"\274}\271^\267y\277\372~\267K\362ITTT\007xq\325)\230"
 1092      B779BFFA 
 1092      7EB74BF2 
 1092      49545454 
 1092      077871D5 
 1093 0251 8CBD925B 		.ascii	"\214\275\222[\352v\363K\275'1\237\310\220\230\334\336"
 1093      EA76F34B 
 1093      BD27319F 
 1093      C89098DC 
 1093      DE
 1094 0262 6EEDB6F6 		.ascii	"n\355\266\366\345\222\373\315\245V\236G\255\036)'zs"
 1094      E592FBCD 
 1094      A5569E47 
 1094      AD1E2927 
 1094      7A73
 1095 0274 09091AA4 		.ascii	"\011\011\032\244GNeB\332\340<n\347\004\211\240\270\213"
 1095      474E6542 
 1095      DAE03C6E 
 1095      E70489A0 
 1095      B88B
 1096 0286 E7DADBFF 		.ascii	"\347\332\333\377\017P\250\221\232D\323FE\252\223\020"
 1096      0F50A891 
 1096      9A44D346 
 1096      45AA9310 
 1097 0296 21C97DA1 		.ascii	"!\311}\241\214\026\361\356\234\305\265\335E\212\256"
 1097      8C16F1EE 
 1097      9CC5B5DD 
 1097      458AAE
 1098 02a5 19F407F4 		.ascii	"\031\364\007\364\354T\361\"\273\330\343\016\3440Gm{"
 1098      EC54F122 
 1098      BBD8E30E 
 1098      E430476D 
 1098      7B
 1099 02b6 2EEEFB95 		.ascii	".\356\373\225\363\350\251\246\345\331\343\247\333\007"
 1099      F3E8A9A6 
 1099      E5D9E3A7 
 1099      DB07
 1100 02c4 39203FE4 		.ascii	"9 ?\344\205<\221#\362@n\310\0059\241v\270n\367\343\177"
 1100      853C9123 
 1100      F2406EC8 
 1100      0539A176 
 1100      B86EF7E3 
 1101 02d9 1A9F4113 		.ascii	"\032\237A\023\006eS\353S=\223\306\361|h\331\270\234"
 1101      066553EB 
 1101      533D93C6 
 1101      F17C68D9 
 1101      B89C
 1102 02eb DAA5EABF 		.ascii	"\332\245\352\277Y_\271\345\021\363\026v\304\252m\217"
 1102      595FB9E5 
 1102      11F31676 
 1102      C4AA6D8F 
 1103 02fb 87E9763E 		.ascii	"\207\351v>}\274mK\373\007\324b\340|\214\267\376\325"
 1103      7DBC6D4B 
 1103      FB07D462 
 1103      E07C8CB7 
ARM GAS  /tmp/ccVnViyi.s 			page 34


 1103      FED5
 1104 030d 842E205B 		.ascii	"\204. [3V\375\007DEu\200\212\311P\035\263\266\000n\017"
 1104      3356FD07 
 1104      44457580 
 1104      8AC9501D 
 1104      B3B6006E 
 1105 0322 539C2E00 		.ascii	"S\234.\000\031\231$n.\276R\\N\000\226:\252\332\226\214"
 1105      1999246E 
 1105      2EBE525C 
 1105      4E00963A 
 1105      AADA968C 
 1106 0336 CB58F63E 		.ascii	"\313X\366>\311\377\357U'\355\311\212\334\233\222i\337"
 1106      C9FFEF55 
 1106      27EDC98A 
 1106      DC9B9269 
 1106      DF
 1107 0347 2702DE44 		.ascii	"'\002\336DQ\222v\3615s\322Ch\356N\021(R6J\306\201\232"
 1107      519276F1 
 1107      3573D243 
 1107      68EE4E11 
 1107      2852364A 
 1108 035e 34B9657E 		.ascii	"4\271e~\346\216\300\346\252MK\010M\362\342\244oY\307"
 1108      E68EC0E6 
 1108      AA4D4B08 
 1108      4DF2E2A4 
 1108      6F59C7
 1109 0371 F95ADB23 		.ascii	"\371Z\333#A\027_\262\253\244\247H\215\315\313\345\000"
 1109      41175FB2 
 1109      ABA4A748 
 1109      8DCDCBE5 
 1109      00
 1110 0382 B8A1D386 		.ascii	"\270\241\323\206\227d\246+;\266\013\275\321\276cG\356"
 1110      9764A62B 
 1110      3BB60BBD 
 1110      D1BE6347 
 1110      EE
 1111 0393 D85D82D9 		.ascii	"\330]\202\331/\353\201\215\225\251D\367Ri\004\037\226"
 1111      2FEB818D 
 1111      95A944F7 
 1111      5269041F 
 1111      96
 1112 03a4 A62C91F6 		.ascii	"\246,\221\366]\322.G\340_\201\003\250\021>\027\267\243"
 1112      5DD22E47 
 1112      E05F8103 
 1112      A8113E17 
 1112      B7A3
 1113 03b6 ABA4BB01 		.ascii	"\253\244\273\001\254e\222d\001Sr\223\010\020\233\263"
 1113      AC659264 
 1113      01537293 
 1113      08109BB3 
 1114 03c6 A5D275B2 		.ascii	"\245\322u\262O\210\354\210\375E\302\333\261u\033i\177"
 1114      4F88EC88 
 1114      FD45C2DB 
 1114      B1751B69 
 1114      7F
 1115 03d7 6486A177 		.ascii	"d\206\241wh\271we\331\347\364\336\036\240R\355x\322"
 1115      68B97765 
ARM GAS  /tmp/ccVnViyi.s 			page 35


 1115      D9E7F4DE 
 1115      1EA052ED 
 1115      78D2
 1116 03e9 B80C6AE4 		.ascii	"\270\014j\344\244G\013Uzq\276\371\377\307\267\323\367"
 1116      A4470B55 
 1116      7A71BEF9 
 1116      FFC7B7D3 
 1116      F7
 1117 03fa 3DA953AF 		.ascii	"=\251S\257\346S\315[\024\352\331\262fPO\205\362\317"
 1117      E653CD5B 
 1117      14EAD9B2 
 1117      66504F85 
 1117      F2CF
 1118 040c 966D6627 		.ascii	"\226mf'\033\365};\215\372;\331\350\3777\221\317\366"
 1118      1BF57D3B 
 1118      8DFA3BD9 
 1118      E8FF3791 
 1118      CFF6
 1119 041e A1CF16CD 		.ascii	"\241\317\026\315C\375OY\250\247\023J\363\251\323(\324"
 1119      43FD4F59 
 1119      A8A7134A 
 1119      F3A9D328 
 1119      D4
 1120 042f 53A7D067 		.ascii	"S\247\320g;\215\372\223\372\017\246\215}\337\267P\240"
 1120      3B8DFA93 
 1120      FA0FA68D 
 1120      7DDFB750 
 1120      A0
 1121 0440 CFF78242 		.ascii	"\317\367\202B=\333\330\350;\247M\250\247s\372\337\262"
 1121      3DDBD8E8 
 1121      3BA74DA8 
 1121      A773FADF 
 1121      B2
 1122 0451 D0026A54 		.ascii	"\320\002jT\366\233_i\246\344\326\254\215~\232\246\377"
 1122      F69B5F69 
 1122      A6E4D6AC 
 1122      8D7E9AA6 
 1122      FF
 1123 0462 1FFA7ADF 		.ascii	"\037\372z\337\277\375G\377\265\\\"?\255\022\371\262"
 1123      BFFD47FF 
 1123      B55C223F 
 1123      AD12F9B2 
 1124 0472 F7B52AD9 		.ascii	"\367\265*\331\333\030o\020\027\"\036^\012\366i\246k"
 1124      DB186F10 
 1124      17221E5E 
 1124      0AF669A6 
 1124      6B
 1125 0483 9BF660ED 		.ascii	"\233\366`\355\373\332\3773\361\366\355\377\277\332\246"
 1125      FBDAFF33 
 1125      F1F6EDFF 
 1125      BFDAA6
 1126 0492 37DB7FE8 		.ascii	"7\333\177\350\377W\315U54\032\203\036\220\314c\322\306"
 1126      FF57CD55 
 1126      35341A83 
 1126      1E90CC63 
 1126      D2C6
 1127 04a4 92A80C0E 		.ascii	"\222\250\014\016\215\306\240\024qxL\241d\202X\022W\030"
ARM GAS  /tmp/ccVnViyi.s 			page 36


 1127      8DC6A014 
 1127      71784CA1 
 1127      64825812 
 1127      5718
 1128 04b6 85C8004A 		.ascii	"\205\310\000J&\010\342\262\230|a\024\"\237:Bo\310@$"
 1128      2608E2B2 
 1128      987C6114 
 1128      229F3A42 
 1128      6FC84024 
 1129 04ca 6E5DB01A 		.ascii	"n]\260\032VEu\006\253\020\015Z\250 \221\267\266\222"
 1129      56457506 
 1129      AB100D5A 
 1129      A82091B7 
 1129      B692
 1130 04dc CA292513 		.ascii	"\312)%\023\304PH\004\032\205H\247\266\3205\201\007q"
 1130      C4504804 
 1130      1A8548A7 
 1130      B6D03581 
 1130      0771
 1131 04ee 993C6E39 		.ascii	"\231<n9u\327\004b\006\035]I!\200\306`\265[\006\211\303"
 1131      75D70462 
 1131      061D5D49 
 1131      2180C660 
 1131      B55B0689 
 1132 0503 63D7B198 		.ascii	"c\327\261\230\225L\020Y&\230\232\253\312(D\006\211C"
 1132      954C1059 
 1132      26989AAB 
 1132      CA284406 
 1132      8943
 1133 0515 A6712B47 		.ascii	"\246q+Gq\3022\250a\251\024\326\010\362\226De\215\032"
 1133      71C232A8 
 1133      61A914D6 
 1133      08F29644 
 1133      658D1A
 1134 0528 C775191C 		.ascii	"\307u\031\034\026\235\206\305u\031<\026y8\224\302.\274"
 1134      169D86C5 
 1134      75193C16 
 1134      793894C2 
 1134      2EBC
 1135 053a 0CF24A00 		.ascii	"\014\362J\000E`e\245`\002\212\320\212\301\"k\005b\211"
 1135      456065A5 
 1135      60028AD0 
 1135      8AC1226B 
 1135      056289
 1136 054d 10A1B522 		.ascii	"\020\241\265\"\253\011\210\245\325B\213\011\210eb\007"
 1136      AB0988A5 
 1136      D5428B09 
 1136      88656207 
 1137 055d C4CADA35 		.ascii	"\304\312\3325W\325\261\210\264\021\254p\325\265T\376"
 1137      57D5B188 
 1137      B411AC70 
 1137      D5B554FE 
 1138 056d 2AE8C832 		.ascii	"*\350\3102\241E\342\207\205\002\305\257\302U\012\026"
 1138      A145E287 
 1138      8502C5AF 
 1138      C2550A16 
 1139 057d 2B7ECA65 		.ascii	"+~\312e\362\210\374\031\205\\?\345\361\207#\0073\271"
ARM GAS  /tmp/ccVnViyi.s 			page 37


 1139      F288FC19 
 1139      855C3FE5 
 1139      F1872307 
 1139      33B9
 1140 058f ACAAFA55 		.ascii	"\254\252\372UUuh\255\340\010\027+`\004'XQ\2600\342G"
 1140      557568AD 
 1140      E008172B 
 1140      60042758 
 1140      51B030E2 
 1141 05a4 4C0A7774 		.ascii	"L\012wt%\2135~Ib\017\241\021\031\254\241C\311#\250<"
 1141      258B357E 
 1141      49620FA1 
 1141      1119ACA1 
 1141      43C923A8 
 1142 05b9 166914B9 		.ascii	"\026i\024\271\266~Fc\021\211cKh\244\361S\016\223\302"
 1142      B67E4663 
 1142      1189634B 
 1142      68A4F153 
 1142      0E93C2
 1143 05cc 238D093A 		.ascii	"#\215\011:\210\303_\016f\017#s\353G\324A\\*\177\304"
 1143      88C35F0E 
 1143      660F2373 
 1143      EB47D441 
 1143      5C2A7FC4 
 1144 05e0 AE23D78F 		.ascii	"\256#\327\217kIT\356\226A\014VI!\321\270\305T\302_8"
 1144      6B4954EE 
 1144      96410C56 
 1144      4921D1B8 
 1144      C554C25F 
 1145 05f5 10B80204 		.ascii	"\020\270\002\004\006\236\010\221\205\202i\031\254p\265"
 1145      069E0891 
 1145      85826919 
 1145      AC70B5
 1146 0604 CC516466 		.ascii	"\314Qdf\024\300\021\037p\225\213F(\212\234-\027\343"
 1146      14C0111F 
 1146      70958B46 
 1146      288A9C2D 
 1146      17E3
 1147 0616 E68E2D4A 		.ascii	"\346\216-J\224\213F\000\372\005(\304$@p\006\321\375"
 1147      948B4600 
 1147      FA0528C4 
 1147      24407006 
 1147      D1FD
 1148 0628 4B23F4DC 		.ascii	"K#\364\334\236p\241t\326\027\255\307\307\314\322\230"
 1148      9E70A174 
 1148      D617ADC7 
 1148      C7CCD298 
 1149 0638 8B6F80E5 		.ascii	"\213o\200\345\250\2410\210\220C#\"#\"2\222$\351\220"
 1149      A8A13088 
 1149      90432322 
 1149      23223292 
 1149      24E990
 1150 064b 0291292B 		.ascii	"\002\221)+n\022\240\3654\214\232$#\"\024\224\024\244"
 1150      6E12A0F5 
 1150      348C9A24 
 1150      23221494 
 1150      14A4
ARM GAS  /tmp/ccVnViyi.s 			page 38


 1151 065d D07A07A3 		.ascii	"\320z\007\243\025\210\265\303\216\213$0A\202\222&\327"
 1151      1588B5C3 
 1151      8E8B2430 
 1151      41829226 
 1151      D7
 1152 066e 62A6805E 		.ascii	"b\246\200^\222%Q\361\202\344\260\360\271\351\357\323"
 1152      922551F1 
 1152      82E4B0F0 
 1152      B9E9EFD3 
 1153 067e 0CEE2390 		.ascii	"\014\356#\220/\232\365A\375w\025:wx\347K\343\343.\352"
 1153      2F9AF541 
 1153      FD77153A 
 1153      7778E74B 
 1153      E3E32EEA 
 1154 0692 C2408E28 		.ascii	"\302@\216(v0\231(\317\314\276&\242\262\360U\177V\204"
 1154      76309928 
 1154      CFCCBE26 
 1154      A2B2F055 
 1154      7F5684
 1155 06a5 86682FDD 		.ascii	"\206h/\335l\311\234\005\371\267I;)\353U\225\346>\350"
 1155      6CC99C05 
 1155      F9B7493B 
 1155      29EB5595 
 1155      E63EE8
 1156 06b8 5EE32E26 		.ascii	"^\343.&\231\034\276 \2668\260\006\345\325\"\021p\225"
 1156      991CBE20 
 1156      B638B006 
 1156      E5D52211 
 1156      7095
 1157 06ca DE314237 		.ascii	"\3361B7\200\003/\210\033\003\030\212^Q3\015\320e>M\213"
 1157      80032F88 
 1157      1B03188A 
 1157      5E51330D 
 1157      D0653E4D 
 1158 06df B4584A5D 		.ascii	"\264XJ]6)W\026\367\345 \037E\006m\367\233\237\207q\312"
 1158      36295716 
 1158      F7E5201F 
 1158      45066DF7 
 1158      9B9F8771 
 1159 06f4 9000463E 		.ascii	"\220\000F>\023\377\312#\374\232\011\023m\370\354\244"
 1159      13FFCA23 
 1159      FC9A0913 
 1159      6DF8ECA4 
 1160 0704 336B8027 		.ascii	"3k\200'|\370\331\012\304_\2205\342\260\354\023\0049"
 1160      7CF8D90A 
 1160      C45F9035 
 1160      E2B0EC13 
 1160      0439
 1161 0716 D7012CB9 		.ascii	"\327\001,\271lu\015FI\323\370\032\263\245K\243\273\267"
 1161      6C750D46 
 1161      49D3F81A 
 1161      B3A54BA3 
 1161      BBB7
 1162 0728 DBBEB66E 		.ascii	"\333\276\266n\367\375\231\027\2577=\006>]\310H\010E"
 1162      F7FD9917 
 1162      AF373D06 
 1162      3E5DC848 
ARM GAS  /tmp/ccVnViyi.s 			page 39


 1162      0845
 1163 073a 7CC3A3C9 		.ascii	"|\303\243\311\204\225\005\035\013\325\340\326`.\350"
 1163      8495051D 
 1163      0BD5E0D6 
 1163      602EE8
 1164 0749 F4D94790 		.ascii	"\364\331G\2208\276+i\364\236\307\324\306\011\345\032"
 1164      38BE2B69 
 1164      F49EC7D4 
 1164      C609E51A 
 1165 0759 7FF9A684 		.ascii	"\177\371\246\204(2\3201\257\335~\350\000\263\274\245"
 1165      2832D031 
 1165      AFDD7EE8 
 1165      00B3BCA5 
 1166 0769 A51B8BDE 		.ascii	"\245\033\213\336\004\343E(\345\217\327\321\0155\230"
 1166      04E34528 
 1166      E58FD7D1 
 1166      0D3598
 1167 0778 16D9AE7A 		.ascii	"\026\331\256z3<\342\324\343p\025y\332\246\31159\211"
 1167      333CE2D4 
 1167      E3701579 
 1167      DAA6C935 
 1167      3989
 1168 078a B48E3B07 		.ascii	"\264\216;\007\351\337\264\005\034\240y\236Q\262\000"
 1168      E9DFB405 
 1168      1CA0799E 
 1168      51B200
 1169 0799 8008ADDB 		.ascii	"\200\010\255\333\366\2319\354\235>X\012\254\225\003"
 1169      F69939EC 
 1169      9D3E580A 
 1169      AC9503
 1170 07a8 046718B0 		.ascii	"\004g\030\260B\305A\230\322\271e,\002`\024\005B\177"
 1170      42C54198 
 1170      D2B9652C 
 1170      02601405 
 1170      427F
 1171 07ba 3DFF97E5 		.ascii	"=\377\227\345_\370\271gb\203\302\336\252'\276\244\267"
 1171      5FF8B967 
 1171      6283C2DE 
 1171      AA27BEA4 
 1171      B7
 1172 07cb 9B377F85 		.ascii	"\2337\177\205G"
 1172      47
 1173 07d0 E6EEF17D 		.ascii	"\346\356\361}J\\\003\212\235V\303\314o\212\254\321\373"
 1173      4A5C038A 
 1173      9D56C3CC 
 1173      6F8AACD1 
 1173      FB
 1174 07e1 CEC7E681 		.ascii	"\316\307\346\201\251O\231\015\304D\335PV\330\216\013"
 1174      A94F990D 
 1174      C444DD50 
 1174      56D88E0B 
 1175 07f1 07D79E29 		.ascii	"\007\327\236)\033tx\330\007d>\032\343$nG\360\345\340"
 1175      1B7478D8 
 1175      07643E1A 
 1175      E3246E47 
 1175      F0E5E0
 1176 0804 19CC264E 		.ascii	"\031\314&N\030\240>\2667\\\361\\\211*"
ARM GAS  /tmp/ccVnViyi.s 			page 40


 1176      18A03EB6 
 1176      375CF15C 
 1176      892A
 1177              		.text
 1178              		.section	.gnu.lto_.symtab.94fbd9a341b36465,"e",%progbits
 1179 0000 70616C52 		.ascii	"palReadBus\000"
 1179      65616442 
 1179      757300
 1180 000b 00       		.ascii	"\000"
 1181 000c 00       		.ascii	"\000"
 1182 000d 00       		.ascii	"\000"
 1183 000e 00000000 		.ascii	"\000\000\000\000\000\000\000\000"
 1183      00000000 
 1184 0016 19010000 		.ascii	"\031\001\000\000"
 1185 001a 70616C57 		.ascii	"palWriteBus\000"
 1185      72697465 
 1185      42757300 
 1186 0026 00       		.ascii	"\000"
 1187 0027 00       		.ascii	"\000"
 1188 0028 00       		.ascii	"\000"
 1189 0029 00000000 		.ascii	"\000\000\000\000\000\000\000\000"
 1189      00000000 
 1190 0031 1E010000 		.ascii	"\036\001\000\000"
 1191 0035 70616C53 		.ascii	"palSetBusMode\000"
 1191      65744275 
 1191      734D6F64 
 1191      6500
 1192 0043 00       		.ascii	"\000"
 1193 0044 00       		.ascii	"\000"
 1194 0045 00       		.ascii	"\000"
 1195 0046 00000000 		.ascii	"\000\000\000\000\000\000\000\000"
 1195      00000000 
 1196 004e 23010000 		.ascii	"#\001\000\000"
 1197 0052 5F70616C 		.ascii	"_pal_lld_setgroupmode\000"
 1197      5F6C6C64 
 1197      5F736574 
 1197      67726F75 
 1197      706D6F64 
 1198 0068 00       		.ascii	"\000"
 1199 0069 02       		.ascii	"\002"
 1200 006a 00       		.ascii	"\000"
 1201 006b 00000000 		.ascii	"\000\000\000\000\000\000\000\000"
 1201      00000000 
 1202 0073 29010000 		.ascii	")\001\000\000"
 1203              		.text
 1204              		.section	.gnu.lto_.ext_symtab.94fbd9a341b36465,"e",%progbits
 1205 0000 01       		.ascii	"\001"
 1206 0001 01       		.ascii	"\001"
 1207 0002 00       		.ascii	"\000"
 1208 0003 01       		.ascii	"\001"
 1209 0004 00       		.ascii	"\000"
 1210 0005 01       		.ascii	"\001"
 1211 0006 00       		.ascii	"\000"
 1212 0007 01       		.ascii	"\001"
 1213 0008 00       		.ascii	"\000"
 1214              		.text
 1215              		.section	.gnu.lto_.opts,"e",%progbits
ARM GAS  /tmp/ccVnViyi.s 			page 41


 1216 0000 272D666E 		.ascii	"'-fno-openmp' '-fno-openacc' '-fno-pie' '-fcf-prote"
 1216      6F2D6F70 
 1216      656E6D70 
 1216      2720272D 
 1216      666E6F2D 
 1217 0033 6374696F 		.ascii	"ction=none' '-g' '-mcpu=cortex-m4' '-mthumb' '-mflo"
 1217      6E3D6E6F 
 1217      6E652720 
 1217      272D6727 
 1217      20272D6D 
 1218 0066 61742D61 		.ascii	"at-abi=soft' '-mlibarch=armv7e-m' '-march=armv7e-m'"
 1218      62693D73 
 1218      6F667427 
 1218      20272D6D 
 1218      6C696261 
 1219 0099 20272D4F 		.ascii	" '-O2' '-fomit-frame-pointer' '-falign-functions=16"
 1219      32272027 
 1219      2D666F6D 
 1219      69742D66 
 1219      72616D65 
 1220 00cc 2720272D 		.ascii	"' '-ffunction-sections' '-fdata-sections' '-fno-com"
 1220      6666756E 
 1220      6374696F 
 1220      6E2D7365 
 1220      6374696F 
 1221 00ff 6D6F6E27 		.ascii	"mon' '-flto' '-Xassembler' '-alms=./build/lst/hal_p"
 1221      20272D66 
 1221      6C746F27 
 1221      20272D58 
 1221      61737365 
 1222 0132 616C2E6C 		.ascii	"al.lst'\000"
 1222      73742700 
 1223              		.text
 1224              		.comm	__gnu_lto_slim,1,1
 1225              		.ident	"GCC: (Arch Repository) 14.1.0"
ARM GAS  /tmp/ccVnViyi.s 			page 42


DEFINED SYMBOLS
                            *ABS*:00000000 hal_pal.c
     /tmp/ccVnViyi.s:25     .gnu.debuglto_.debug_info:00000000 hal_pal.c.d15cee79
                            *COM*:00000001 __gnu_lto_slim

NO UNDEFINED SYMBOLS
