ARM GAS  /tmp/cc7WpOoO.s 			page 1


   1              		.cpu cortex-m4
   2              		.arch armv7e-m
   3              		.fpu softvfp
   4              		.eabi_attribute 20, 1
   5              		.eabi_attribute 21, 1
   6              		.eabi_attribute 23, 3
   7              		.eabi_attribute 24, 1
   8              		.eabi_attribute 25, 1
   9              		.eabi_attribute 26, 1
  10              		.eabi_attribute 30, 2
  11              		.eabi_attribute 34, 1
  12              		.eabi_attribute 18, 4
  13              		.file	"hal_mmcsd.c"
  14              		.section	.gnu.debuglto_.debug_info,"e",%progbits
  15              	.Ldebug_info0:
  16              		.hidden	hal_mmcsd.c.808458d5
  17              		.weak	hal_mmcsd.c.808458d5
  18              	hal_mmcsd.c.808458d5:
  19 0000 76000000 		.4byte	0x76
  20 0004 0500     		.2byte	0x5
  21 0006 01       		.byte	0x1
  22 0007 04       		.byte	0x4
  23 0008 00000000 		.4byte	.Ldebug_abbrev0
  24 000c 02       		.uleb128 0x2
  25 000d 2E010000 		.4byte	.LASF12
  26 0011 1D       		.byte	0x1d
  27 0012 AC000000 		.4byte	.LASF13
  28 0016 44000000 		.4byte	.LASF14
  29 001a 00000000 		.4byte	.Ldebug_line0
  30 001e 03       		.uleb128 0x3
  31 001f 04       		.byte	0x4
  32 0020 05       		.byte	0x5
  33 0021 696E7400 		.ascii	"int\000"
  34 0025 01       		.uleb128 0x1
  35 0026 04       		.byte	0x4
  36 0027 07       		.byte	0x7
  37 0028 0E000000 		.4byte	.LASF0
  38 002c 01       		.uleb128 0x1
  39 002d 08       		.byte	0x8
  40 002e 05       		.byte	0x5
  41 002f 00000000 		.4byte	.LASF1
  42 0033 01       		.uleb128 0x1
  43 0034 08       		.byte	0x8
  44 0035 04       		.byte	0x4
  45 0036 18010000 		.4byte	.LASF2
  46 003a 01       		.uleb128 0x1
  47 003b 01       		.byte	0x1
  48 003c 06       		.byte	0x6
  49 003d 0C010000 		.4byte	.LASF3
  50 0041 01       		.uleb128 0x1
  51 0042 01       		.byte	0x1
  52 0043 08       		.byte	0x8
  53 0044 D7000000 		.4byte	.LASF4
  54 0048 01       		.uleb128 0x1
  55 0049 02       		.byte	0x2
  56 004a 05       		.byte	0x5
  57 004b 24010000 		.4byte	.LASF5
ARM GAS  /tmp/cc7WpOoO.s 			page 2


  58 004f 01       		.uleb128 0x1
  59 0050 02       		.byte	0x2
  60 0051 07       		.byte	0x7
  61 0052 F9000000 		.4byte	.LASF6
  62 0056 01       		.uleb128 0x1
  63 0057 04       		.byte	0x4
  64 0058 05       		.byte	0x5
  65 0059 EA000000 		.4byte	.LASF7
  66 005d 01       		.uleb128 0x1
  67 005e 04       		.byte	0x4
  68 005f 07       		.byte	0x7
  69 0060 1B000000 		.4byte	.LASF8
  70 0064 01       		.uleb128 0x1
  71 0065 08       		.byte	0x8
  72 0066 07       		.byte	0x7
  73 0067 2D000000 		.4byte	.LASF9
  74 006b 01       		.uleb128 0x1
  75 006c 01       		.byte	0x1
  76 006d 08       		.byte	0x8
  77 006e E5000000 		.4byte	.LASF10
  78 0072 01       		.uleb128 0x1
  79 0073 01       		.byte	0x1
  80 0074 02       		.byte	0x2
  81 0075 F3000000 		.4byte	.LASF11
  82 0079 00       		.byte	0
  83              		.section	.gnu.debuglto_.debug_abbrev,"e",%progbits
  84              	.Ldebug_abbrev0:
  85 0000 01       		.uleb128 0x1
  86 0001 24       		.uleb128 0x24
  87 0002 00       		.byte	0
  88 0003 0B       		.uleb128 0xb
  89 0004 0B       		.uleb128 0xb
  90 0005 3E       		.uleb128 0x3e
  91 0006 0B       		.uleb128 0xb
  92 0007 03       		.uleb128 0x3
  93 0008 0E       		.uleb128 0xe
  94 0009 00       		.byte	0
  95 000a 00       		.byte	0
  96 000b 02       		.uleb128 0x2
  97 000c 11       		.uleb128 0x11
  98 000d 01       		.byte	0x1
  99 000e 25       		.uleb128 0x25
 100 000f 0E       		.uleb128 0xe
 101 0010 13       		.uleb128 0x13
 102 0011 0B       		.uleb128 0xb
 103 0012 03       		.uleb128 0x3
 104 0013 0E       		.uleb128 0xe
 105 0014 1B       		.uleb128 0x1b
 106 0015 0E       		.uleb128 0xe
 107 0016 10       		.uleb128 0x10
 108 0017 17       		.uleb128 0x17
 109 0018 00       		.byte	0
 110 0019 00       		.byte	0
 111 001a 03       		.uleb128 0x3
 112 001b 24       		.uleb128 0x24
 113 001c 00       		.byte	0
 114 001d 0B       		.uleb128 0xb
ARM GAS  /tmp/cc7WpOoO.s 			page 3


 115 001e 0B       		.uleb128 0xb
 116 001f 3E       		.uleb128 0x3e
 117 0020 0B       		.uleb128 0xb
 118 0021 03       		.uleb128 0x3
 119 0022 08       		.uleb128 0x8
 120 0023 00       		.byte	0
 121 0024 00       		.byte	0
 122 0025 00       		.byte	0
 123              		.section	.gnu.debuglto_.debug_line,"e",%progbits
 124              	.Ldebug_line0:
 125 0000 2D000000 		.4byte	.LELT0-.LSLT0
 126              	.LSLT0:
 127 0004 0500     		.2byte	0x5
 128 0006 04       		.byte	0x4
 129 0007 00       		.byte	0
 130 0008 25000000 		.4byte	.LELTP0-.LASLTP0
 131              	.LASLTP0:
 132 000c 01       		.byte	0x1
 133 000d 01       		.byte	0x1
 134 000e 01       		.byte	0x1
 135 000f F6       		.byte	0xf6
 136 0010 F2       		.byte	0xf2
 137 0011 0D       		.byte	0xd
 138 0012 00       		.byte	0
 139 0013 01       		.byte	0x1
 140 0014 01       		.byte	0x1
 141 0015 01       		.byte	0x1
 142 0016 01       		.byte	0x1
 143 0017 00       		.byte	0
 144 0018 00       		.byte	0
 145 0019 00       		.byte	0
 146 001a 01       		.byte	0x1
 147 001b 00       		.byte	0
 148 001c 00       		.byte	0
 149 001d 01       		.byte	0x1
 150 001e 01       		.byte	0x1
 151 001f 01       		.uleb128 0x1
 152 0020 1F       		.uleb128 0x1f
 153 0021 01       		.uleb128 0x1
 154 0022 2B000000 		.4byte	.LASF15
 155 0026 02       		.byte	0x2
 156 0027 01       		.uleb128 0x1
 157 0028 1F       		.uleb128 0x1f
 158 0029 02       		.uleb128 0x2
 159 002a 0B       		.uleb128 0xb
 160 002b 01       		.uleb128 0x1
 161 002c 00000000 		.4byte	.LASF16
 162 0030 00       		.byte	0
 163              	.LELTP0:
 164              	.LELT0:
 165              		.section	.gnu.debuglto_.debug_str,"eMS",%progbits,1
 166              	.LASF1:
 167 0000 6C6F6E67 		.ascii	"long long int\000"
 167      206C6F6E 
 167      6720696E 
 167      7400
 168              	.LASF0:
ARM GAS  /tmp/cc7WpOoO.s 			page 4


 169 000e 756E7369 		.ascii	"unsigned int\000"
 169      676E6564 
 169      20696E74 
 169      00
 170              	.LASF8:
 171 001b 6C6F6E67 		.ascii	"long unsigned int\000"
 171      20756E73 
 171      69676E65 
 171      6420696E 
 171      7400
 172              	.LASF9:
 173 002d 6C6F6E67 		.ascii	"long long unsigned int\000"
 173      206C6F6E 
 173      6720756E 
 173      7369676E 
 173      65642069 
 174              	.LASF14:
 175 0044 2F686F6D 		.ascii	"/home/steve/culyun/dev-boards/blackpill/chibios/chi"
 175      652F7374 
 175      6576652F 
 175      63756C79 
 175      756E2F64 
 176 0077 62696F73 		.ascii	"bios_xsvf_player/firmware/F401-blackpill_XSVF_Playe"
 176      5F787376 
 176      665F706C 
 176      61796572 
 176      2F666972 
 177 00aa 7200     		.ascii	"r\000"
 178              	.LASF13:
 179 00ac 2E2E2F2E 		.ascii	"../../chibios_trunk/os/hal/src/hal_mmcsd.c\000"
 179      2E2F6368 
 179      6962696F 
 179      735F7472 
 179      756E6B2F 
 180              	.LASF4:
 181 00d7 756E7369 		.ascii	"unsigned char\000"
 181      676E6564 
 181      20636861 
 181      7200
 182              	.LASF10:
 183 00e5 63686172 		.ascii	"char\000"
 183      00
 184              	.LASF7:
 185 00ea 6C6F6E67 		.ascii	"long int\000"
 185      20696E74 
 185      00
 186              	.LASF11:
 187 00f3 5F426F6F 		.ascii	"_Bool\000"
 187      6C00
 188              	.LASF6:
 189 00f9 73686F72 		.ascii	"short unsigned int\000"
 189      7420756E 
 189      7369676E 
 189      65642069 
 189      6E7400
 190              	.LASF3:
 191 010c 7369676E 		.ascii	"signed char\000"
ARM GAS  /tmp/cc7WpOoO.s 			page 5


 191      65642063 
 191      68617200 
 192              	.LASF2:
 193 0118 6C6F6E67 		.ascii	"long double\000"
 193      20646F75 
 193      626C6500 
 194              	.LASF5:
 195 0124 73686F72 		.ascii	"short int\000"
 195      7420696E 
 195      7400
 196              	.LASF12:
 197 012e 474E5520 		.ascii	"GNU C17 14.1.0 -mcpu=cortex-m4 -mthumb -mfloat-abi="
 197      43313720 
 197      31342E31 
 197      2E30202D 
 197      6D637075 
 198 0161 736F6674 		.ascii	"soft -march=armv7e-m -ggdb -O2 -fomit-frame-pointer"
 198      202D6D61 
 198      7263683D 
 198      61726D76 
 198      37652D6D 
 199 0194 202D6661 		.ascii	" -falign-functions=16 -ffunction-sections -fdata-se"
 199      6C69676E 
 199      2D66756E 
 199      6374696F 
 199      6E733D31 
 200 01c7 6374696F 		.ascii	"ctions -fno-common -flto\000"
 200      6E73202D 
 200      666E6F2D 
 200      636F6D6D 
 200      6F6E202D 
 201              		.section	.gnu.debuglto_.debug_line_str,"eMS",%progbits,1
 202              	.LASF16:
 203 0000 2E2E2F2E 		.ascii	"../../chibios_trunk/os/hal/src/hal_mmcsd.c\000"
 203      2E2F6368 
 203      6962696F 
 203      735F7472 
 203      756E6B2F 
 204              	.LASF15:
 205 002b 2F686F6D 		.ascii	"/home/steve/culyun/dev-boards/blackpill/chibios/chi"
 205      652F7374 
 205      6576652F 
 205      63756C79 
 205      756E2F64 
 206 005e 62696F73 		.ascii	"bios_xsvf_player/firmware/F401-blackpill_XSVF_Playe"
 206      5F787376 
 206      665F706C 
 206      61796572 
 206      2F666972 
 207 0091 7200     		.ascii	"r\000"
 208              		.text
 209              		.section	.gnu.lto_.profile.4d2bb09791524145,"e",%progbits
 210 0000 28B52FFD 		.ascii	"(\265/\375 \0061\000\000\002\000\000\000\000\000"
 210      20063100 
 210      00020000 
 210      000000
 211              		.text
ARM GAS  /tmp/cc7WpOoO.s 			page 6


 212              		.section	.gnu.lto_.icf.4d2bb09791524145,"e",%progbits
 213 0000 28B52FFD 		.ascii	"(\265/\375 \016E\000\000\020\002\000\001\000\034\300"
 213      200E4500 
 213      00100200 
 213      01001CC0 
 214 0010 02       		.ascii	"\002"
 215              		.text
 216              		.section	.gnu.lto_.ipa_sra.4d2bb09791524145,"e",%progbits
 217 0000 28B52FFD 		.ascii	"(\265/\375 \016E\000\000\020\002\000\001\000\034\300"
 217      200E4500 
 217      00100200 
 217      01001CC0 
 218 0010 02       		.ascii	"\002"
 219              		.text
 220              		.section	.gnu.lto_.inline.4d2bb09791524145,"e",%progbits
 221 0000 28B52FFD 		.ascii	"(\265/\375 \016E\000\000\020\002\000\001\000\034\300"
 221      200E4500 
 221      00100200 
 221      01001CC0 
 222 0010 02       		.ascii	"\002"
 223              		.text
 224              		.section	.gnu.lto_.jmpfuncs.4d2bb09791524145,"e",%progbits
 225 0000 28B52FFD 		.ascii	"(\265/\375 \016E\000\000\020\002\000\001\000\034\300"
 225      200E4500 
 225      00100200 
 225      01001CC0 
 226 0010 02       		.ascii	"\002"
 227              		.text
 228              		.section	.gnu.lto_.pureconst.4d2bb09791524145,"e",%progbits
 229 0000 28B52FFD 		.ascii	"(\265/\375 \005)\000\000\001\000\000\000\000"
 229      20052900 
 229      00010000 
 229      0000
 230              		.text
 231              		.section	.gnu.lto_.ipa_modref.4d2bb09791524145,"e",%progbits
 232 0000 28B52FFD 		.ascii	"(\265/\375 \016E\000\000\020\002\000\001\000\034\300"
 232      200E4500 
 232      00100200 
 232      01001CC0 
 233 0010 02       		.ascii	"\002"
 234              		.text
 235              		.section	.gnu.lto_.lto.4d2bb09791524145,"e",%progbits
 236 0000 0E000000 		.ascii	"\016\000\000\000\001\000\001\000"
 236      01000100 
 237              		.text
 238              		.section	.gnu.lto_.symbol_nodes.4d2bb09791524145,"e",%progbits
 239 0000 28B52FFD 		.ascii	"(\265/\375 \0061\000\000\002\000\000\000\000\000"
 239      20063100 
 239      00020000 
 239      000000
 240              		.text
 241              		.section	.gnu.lto_.refs.4d2bb09791524145,"e",%progbits
 242 0000 28B52FFD 		.ascii	"(\265/\375 \005)\000\000\001\000\000\000\000"
 242      20052900 
 242      00010000 
 242      0000
 243              		.text
ARM GAS  /tmp/cc7WpOoO.s 			page 7


 244              		.section	.gnu.lto_.decls.4d2bb09791524145,"e",%progbits
 245 0000 28B52FFD 		.ascii	"(\265/\375 \035\351\000\000\000\000\000\000\001\000"
 245      201DE900 
 245      00000000 
 245      000100
 246 000f 00000C00 		.ascii	"\000\000\014\000\000\000\377\377\377\377\001\000\000"
 246      0000FFFF 
 246      FFFF0100 
 246      00
 247 001c 00D70000 		.ascii	"\000\327\000\000\000\000\000\000\000\000"
 247      00000000 
 247      0000
 248              		.text
 249              		.section	.gnu.lto_.symtab.4d2bb09791524145,"e",%progbits
 250              		.text
 251              		.section	.gnu.lto_.ext_symtab.4d2bb09791524145,"e",%progbits
 252 0000 01       		.ascii	"\001"
 253              		.text
 254              		.section	.gnu.lto_.opts,"e",%progbits
 255 0000 272D666E 		.ascii	"'-fno-openmp' '-fno-openacc' '-fno-pie' '-fcf-prote"
 255      6F2D6F70 
 255      656E6D70 
 255      2720272D 
 255      666E6F2D 
 256 0033 6374696F 		.ascii	"ction=none' '-g' '-mcpu=cortex-m4' '-mthumb' '-mflo"
 256      6E3D6E6F 
 256      6E652720 
 256      272D6727 
 256      20272D6D 
 257 0066 61742D61 		.ascii	"at-abi=soft' '-mlibarch=armv7e-m' '-march=armv7e-m'"
 257      62693D73 
 257      6F667427 
 257      20272D6D 
 257      6C696261 
 258 0099 20272D4F 		.ascii	" '-O2' '-fomit-frame-pointer' '-falign-functions=16"
 258      32272027 
 258      2D666F6D 
 258      69742D66 
 258      72616D65 
 259 00cc 2720272D 		.ascii	"' '-ffunction-sections' '-fdata-sections' '-fno-com"
 259      6666756E 
 259      6374696F 
 259      6E2D7365 
 259      6374696F 
 260 00ff 6D6F6E27 		.ascii	"mon' '-flto' '-Xassembler' '-alms=./build/lst/hal_m"
 260      20272D66 
 260      6C746F27 
 260      20272D58 
 260      61737365 
 261 0132 6D637364 		.ascii	"mcsd.lst'\000"
 261      2E6C7374 
 261      2700
 262              		.text
 263              		.comm	__gnu_lto_slim,1,1
 264              		.ident	"GCC: (Arch Repository) 14.1.0"
ARM GAS  /tmp/cc7WpOoO.s 			page 8


DEFINED SYMBOLS
                            *ABS*:00000000 hal_mmcsd.c
     /tmp/cc7WpOoO.s:18     .gnu.debuglto_.debug_info:00000000 hal_mmcsd.c.808458d5
                            *COM*:00000001 __gnu_lto_slim

NO UNDEFINED SYMBOLS
